# mahimahi mm-link (Downlink) [/tmp/traces/1mbps.trace] > /home/rohit/pantheon/src/experiments/rohitfiles_1mbps_200ms/bbr_mm_acklink_run1.log
# command line: 'mm-link' '/tmp/traces/1mbps.trace' '/tmp/traces/1mbps.trace' '--uplink-log=/home/rohit/pantheon/src/experiments/rohitfiles_1mbps_200ms/bbr_mm_datalink_run1.log' '--downlink-log=/home/rohit/pantheon/src/experiments/rohitfiles_1mbps_200ms/bbr_mm_acklink_run1.log' '--uplink-queue=droptail' '--downlink-queue=droptail' '--uplink-queue-args=packets=500' '--downlink-queue-args=packets=500' 'python' '/home/rohit/pantheon/src/experiments/tunnel_manager.py'
# queue: droptail [packets=500]
# init timestamp: 1744868834716
# base timestamp: 36
# mahimahi config: [delay 100 ms] 
37 + 80
37 + 52
37 + 80
108 + 80
416 + 80
1536 # 1504
1536 - 80 1499
1536 - 52 1499
1536 - 80 1499
1536 - 80 1428
1536 - 80 1120
1536 # 1504
1536 # 1504
1536 # 1504
1536 # 1504
1536 # 1504
1536 # 1504
1536 # 1504
1536 # 1504
1536 # 1504
1536 # 1504
1536 # 1504
1536 # 1504
1536 # 1504
1536 # 1504
1536 # 1504
1536 # 1504
1536 # 1504
1536 # 1504
1536 # 1504
1536 # 1504
1536 # 1504
1536 # 1504
1536 # 1504
1536 # 1504
1536 # 1504
1536 # 1504
1536 # 1504
1536 # 1504
1536 # 1504
1536 # 1504
1536 # 1504
1536 # 1504
1536 # 1504
1536 # 1504
1536 # 1504
1536 # 1504
1536 # 1504
1536 # 1504
1536 # 1504
1536 # 1504
1536 # 1504
1536 # 1504
1536 # 1504
1536 # 1504
1536 # 1504
1536 # 1504
1536 # 1504
1536 # 1504
1536 # 1504
1536 # 1504
1536 # 1504
1536 # 1504
1536 # 1504
1536 # 1504
1536 # 1504
1536 # 1504
1536 # 1504
1536 # 1504
1536 # 1504
1536 # 1504
1536 # 1504
1536 # 1504
1536 # 1504
1536 # 1504
1536 # 1504
1536 # 1504
1536 # 1504
1536 # 1504
1536 # 1504
1536 # 1504
1536 # 1504
1536 # 1504
1536 # 1504
1536 # 1504
1536 # 1504
1536 # 1504
1536 # 1504
1536 # 1504
1536 # 1504
1536 # 1504
1536 # 1504
1536 # 1504
1742 + 40
1748 + 40
3036 # 1504
3036 - 40 1294
3036 - 40 1288
3036 # 1504
3036 # 1504
3036 # 1504
3036 # 1504
3036 # 1504
3036 # 1504
3036 # 1504
3036 # 1504
3036 # 1504
3036 # 1504
3036 # 1504
3036 # 1504
3036 # 1504
3036 # 1504
3036 # 1504
3036 # 1504
3036 # 1504
3036 # 1504
3036 # 1504
3036 # 1504
3036 # 1504
3036 # 1504
3036 # 1504
3036 # 1504
3036 # 1504
3036 # 1504
3036 # 1504
3036 # 1504
3036 # 1504
3036 # 1504
3036 # 1504
3036 # 1504
3036 # 1504
3036 # 1504
3036 # 1504
3036 # 1504
3036 # 1504
3036 # 1504
3036 # 1504
3036 # 1504
3036 # 1504
3036 # 1504
3036 # 1504
3036 # 1504
3036 # 1504
3036 # 1504
3036 # 1504
3036 # 1504
3036 # 1504
3036 # 1504
3036 # 1504
3036 # 1504
3036 # 1504
3036 # 1504
3036 # 1504
3036 # 1504
3036 # 1504
3036 # 1504
3036 # 1504
3036 # 1504
3036 # 1504
3036 # 1504
3036 # 1504
3036 # 1504
3036 # 1504
3036 # 1504
3036 # 1504
3036 # 1504
3036 # 1504
3036 # 1504
3036 # 1504
3036 # 1504
3036 # 1504
3036 # 1504
3036 # 1504
3036 # 1504
3036 # 1504
3036 # 1504
3036 # 1504
3036 # 1504
3036 # 1504
3036 # 1504
3242 + 40
4164 + 52
4536 # 1504
4536 - 40 1294
4536 - 52 372
4536 # 1504
4536 # 1504
4536 # 1504
4536 # 1504
4536 # 1504
4536 # 1504
4536 # 1504
4536 # 1504
4536 # 1504
4536 # 1504
4536 # 1504
4536 # 1504
4536 # 1504
4536 # 1504
4536 # 1504
4536 # 1504
4536 # 1504
4536 # 1504
4536 # 1504
4536 # 1504
4536 # 1504
4536 # 1504
4536 # 1504
4536 # 1504
4536 # 1504
4536 # 1504
4536 # 1504
4536 # 1504
4536 # 1504
4536 # 1504
4536 # 1504
4536 # 1504
4536 # 1504
4536 # 1504
4536 # 1504
4536 # 1504
4536 # 1504
4536 # 1504
4536 # 1504
4536 # 1504
4536 # 1504
4536 # 1504
4536 # 1504
4536 # 1504
4536 # 1504
4536 # 1504
4536 # 1504
4536 # 1504
4536 # 1504
4536 # 1504
4536 # 1504
4536 # 1504
4536 # 1504
4536 # 1504
4536 # 1504
4536 # 1504
4536 # 1504
4536 # 1504
4536 # 1504
4536 # 1504
4536 # 1504
4536 # 1504
4536 # 1504
4536 # 1504
4536 # 1504
4536 # 1504
4536 # 1504
4536 # 1504
4536 # 1504
4536 # 1504
4536 # 1504
4536 # 1504
4536 # 1504
4536 # 1504
4536 # 1504
4536 # 1504
4536 # 1504
4536 # 1504
4536 # 1504
4536 # 1504
4536 # 1504
4536 # 1504
6036 # 1504
6036 # 1504
6036 # 1504
6036 # 1504
6036 # 1504
6036 # 1504
6036 # 1504
6036 # 1504
6036 # 1504
6036 # 1504
6036 # 1504
6036 # 1504
6036 # 1504
6036 # 1504
6036 # 1504
6036 # 1504
6036 # 1504
6036 # 1504
6036 # 1504
6036 # 1504
6036 # 1504
6036 # 1504
6036 # 1504
6036 # 1504
6036 # 1504
6036 # 1504
6036 # 1504
6036 # 1504
6036 # 1504
6036 # 1504
6036 # 1504
6036 # 1504
6036 # 1504
6036 # 1504
6036 # 1504
6036 # 1504
6036 # 1504
6036 # 1504
6036 # 1504
6036 # 1504
6036 # 1504
6036 # 1504
6036 # 1504
6036 # 1504
6036 # 1504
6036 # 1504
6036 # 1504
6036 # 1504
6036 # 1504
6036 # 1504
6036 # 1504
6036 # 1504
6036 # 1504
6036 # 1504
6036 # 1504
6036 # 1504
6036 # 1504
6036 # 1504
6036 # 1504
6036 # 1504
6036 # 1504
6036 # 1504
6036 # 1504
6036 # 1504
6036 # 1504
6036 # 1504
6036 # 1504
6036 # 1504
6036 # 1504
6036 # 1504
6036 # 1504
6036 # 1504
6036 # 1504
6036 # 1504
6036 # 1504
6036 # 1504
6036 # 1504
6036 # 1504
6036 # 1504
6036 # 1504
6036 # 1504
6036 # 1504
6036 # 1504
7536 # 1504
7536 # 1504
7536 # 1504
7536 # 1504
7536 # 1504
7536 # 1504
7536 # 1504
7536 # 1504
7536 # 1504
7536 # 1504
7536 # 1504
7536 # 1504
7536 # 1504
7536 # 1504
7536 # 1504
7536 # 1504
7536 # 1504
7536 # 1504
7536 # 1504
7536 # 1504
7536 # 1504
7536 # 1504
7536 # 1504
7536 # 1504
7536 # 1504
7536 # 1504
7536 # 1504
7536 # 1504
7536 # 1504
7536 # 1504
7536 # 1504
7536 # 1504
7536 # 1504
7536 # 1504
7536 # 1504
7536 # 1504
7536 # 1504
7536 # 1504
7536 # 1504
7536 # 1504
7536 # 1504
7536 # 1504
7536 # 1504
7536 # 1504
7536 # 1504
7536 # 1504
7536 # 1504
7536 # 1504
7536 # 1504
7536 # 1504
7536 # 1504
7536 # 1504
7536 # 1504
7536 # 1504
7536 # 1504
7536 # 1504
7536 # 1504
7536 # 1504
7536 # 1504
7536 # 1504
7536 # 1504
7536 # 1504
7536 # 1504
7536 # 1504
7536 # 1504
7536 # 1504
7536 # 1504
7536 # 1504
7536 # 1504
7536 # 1504
7536 # 1504
7536 # 1504
7536 # 1504
7536 # 1504
7536 # 1504
7536 # 1504
7536 # 1504
7536 # 1504
7536 # 1504
7536 # 1504
7536 # 1504
7536 # 1504
7536 # 1504
7743 + 100
7743 + 100
8759 + 100
9036 # 1504
9036 - 100 1293
9036 - 100 1293
9036 - 100 277
9036 # 1504
9036 # 1504
9036 # 1504
9036 # 1504
9036 # 1504
9036 # 1504
9036 # 1504
9036 # 1504
9036 # 1504
9036 # 1504
9036 # 1504
9036 # 1504
9036 # 1504
9036 # 1504
9036 # 1504
9036 # 1504
9036 # 1504
9036 # 1504
9036 # 1504
9036 # 1504
9036 # 1504
9036 # 1504
9036 # 1504
9036 # 1504
9036 # 1504
9036 # 1504
9036 # 1504
9036 # 1504
9036 # 1504
9036 # 1504
9036 # 1504
9036 # 1504
9036 # 1504
9036 # 1504
9036 # 1504
9036 # 1504
9036 # 1504
9036 # 1504
9036 # 1504
9036 # 1504
9036 # 1504
9036 # 1504
9036 # 1504
9036 # 1504
9036 # 1504
9036 # 1504
9036 # 1504
9036 # 1504
9036 # 1504
9036 # 1504
9036 # 1504
9036 # 1504
9036 # 1504
9036 # 1504
9036 # 1504
9036 # 1504
9036 # 1504
9036 # 1504
9036 # 1504
9036 # 1504
9036 # 1504
9036 # 1504
9036 # 1504
9036 # 1504
9036 # 1504
9036 # 1504
9036 # 1504
9036 # 1504
9036 # 1504
9036 # 1504
9036 # 1504
9036 # 1504
9036 # 1504
9036 # 1504
9036 # 1504
9036 # 1504
9036 # 1504
9036 # 1504
9036 # 1504
9036 # 1504
9036 # 1504
9036 # 1504
10536 # 1504
10536 # 1504
10536 # 1504
10536 # 1504
10536 # 1504
10536 # 1504
10536 # 1504
10536 # 1504
10536 # 1504
10536 # 1504
10536 # 1504
10536 # 1504
10536 # 1504
10536 # 1504
10536 # 1504
10536 # 1504
10536 # 1504
10536 # 1504
10536 # 1504
10536 # 1504
10536 # 1504
10536 # 1504
10536 # 1504
10536 # 1504
10536 # 1504
10536 # 1504
10536 # 1504
10536 # 1504
10536 # 1504
10536 # 1504
10536 # 1504
10536 # 1504
10536 # 1504
10536 # 1504
10536 # 1504
10536 # 1504
10536 # 1504
10536 # 1504
10536 # 1504
10536 # 1504
10536 # 1504
10536 # 1504
10536 # 1504
10536 # 1504
10536 # 1504
10536 # 1504
10536 # 1504
10536 # 1504
10536 # 1504
10536 # 1504
10536 # 1504
10536 # 1504
10536 # 1504
10536 # 1504
10536 # 1504
10536 # 1504
10536 # 1504
10536 # 1504
10536 # 1504
10536 # 1504
10536 # 1504
10536 # 1504
10536 # 1504
10536 # 1504
10536 # 1504
10536 # 1504
10536 # 1504
10536 # 1504
10536 # 1504
10536 # 1504
10536 # 1504
10536 # 1504
10536 # 1504
10536 # 1504
10536 # 1504
10536 # 1504
10536 # 1504
10536 # 1504
10536 # 1504
10536 # 1504
10536 # 1504
10536 # 1504
10536 # 1504
10741 + 92
10741 + 92
10741 + 92
10741 + 92
10741 + 92
10741 + 92
10741 + 92
10741 + 92
10741 + 92
10741 + 92
12036 # 1504
12036 - 92 1295
12036 - 92 1295
12036 - 92 1295
12036 - 92 1295
12036 - 92 1295
12036 - 92 1295
12036 - 92 1295
12036 - 92 1295
12036 - 92 1295
12036 - 92 1295
12036 # 1504
12036 # 1504
12036 # 1504
12036 # 1504
12036 # 1504
12036 # 1504
12036 # 1504
12036 # 1504
12036 # 1504
12036 # 1504
12036 # 1504
12036 # 1504
12036 # 1504
12036 # 1504
12036 # 1504
12036 # 1504
12036 # 1504
12036 # 1504
12036 # 1504
12036 # 1504
12036 # 1504
12036 # 1504
12036 # 1504
12036 # 1504
12036 # 1504
12036 # 1504
12036 # 1504
12036 # 1504
12036 # 1504
12036 # 1504
12036 # 1504
12036 # 1504
12036 # 1504
12036 # 1504
12036 # 1504
12036 # 1504
12036 # 1504
12036 # 1504
12036 # 1504
12036 # 1504
12036 # 1504
12036 # 1504
12036 # 1504
12036 # 1504
12036 # 1504
12036 # 1504
12036 # 1504
12036 # 1504
12036 # 1504
12036 # 1504
12036 # 1504
12036 # 1504
12036 # 1504
12036 # 1504
12036 # 1504
12036 # 1504
12036 # 1504
12036 # 1504
12036 # 1504
12036 # 1504
12036 # 1504
12036 # 1504
12036 # 1504
12036 # 1504
12036 # 1504
12036 # 1504
12036 # 1504
12036 # 1504
12036 # 1504
12036 # 1504
12036 # 1504
12036 # 1504
12036 # 1504
12036 # 1504
12036 # 1504
12036 # 1504
12036 # 1504
12036 # 1504
12036 # 1504
12036 # 1504
12036 # 1504
12036 # 1504
12357 + 52
13536 # 1504
13536 - 52 1179
13536 # 1504
13536 # 1504
13536 # 1504
13536 # 1504
13536 # 1504
13536 # 1504
13536 # 1504
13536 # 1504
13536 # 1504
13536 # 1504
13536 # 1504
13536 # 1504
13536 # 1504
13536 # 1504
13536 # 1504
13536 # 1504
13536 # 1504
13536 # 1504
13536 # 1504
13536 # 1504
13536 # 1504
13536 # 1504
13536 # 1504
13536 # 1504
13536 # 1504
13536 # 1504
13536 # 1504
13536 # 1504
13536 # 1504
13536 # 1504
13536 # 1504
13536 # 1504
13536 # 1504
13536 # 1504
13536 # 1504
13536 # 1504
13536 # 1504
13536 # 1504
13536 # 1504
13536 # 1504
13536 # 1504
13536 # 1504
13536 # 1504
13536 # 1504
13536 # 1504
13536 # 1504
13536 # 1504
13536 # 1504
13536 # 1504
13536 # 1504
13536 # 1504
13536 # 1504
13536 # 1504
13536 # 1504
13536 # 1504
13536 # 1504
13536 # 1504
13536 # 1504
13536 # 1504
13536 # 1504
13536 # 1504
13536 # 1504
13536 # 1504
13536 # 1504
13536 # 1504
13536 # 1504
13536 # 1504
13536 # 1504
13536 # 1504
13536 # 1504
13536 # 1504
13536 # 1504
13536 # 1504
13536 # 1504
13536 # 1504
13536 # 1504
13536 # 1504
13536 # 1504
13536 # 1504
13536 # 1504
13536 # 1504
13536 # 1504
13743 + 92
13743 + 92
13743 + 92
13743 + 92
13743 + 92
13743 + 92
13743 + 92
13743 + 92
13743 + 92
13787 + 92
15036 # 1504
15036 - 92 1293
15036 - 92 1293
15036 - 92 1293
15036 - 92 1293
15036 - 92 1293
15036 - 92 1293
15036 - 92 1293
15036 - 92 1293
15036 - 92 1293
15036 - 92 1249
15036 # 1504
15036 # 1504
15036 # 1504
15036 # 1504
15036 # 1504
15036 # 1504
15036 # 1504
15036 # 1504
15036 # 1504
15036 # 1504
15036 # 1504
15036 # 1504
15036 # 1504
15036 # 1504
15036 # 1504
15036 # 1504
15036 # 1504
15036 # 1504
15036 # 1504
15036 # 1504
15036 # 1504
15036 # 1504
15036 # 1504
15036 # 1504
15036 # 1504
15036 # 1504
15036 # 1504
15036 # 1504
15036 # 1504
15036 # 1504
15036 # 1504
15036 # 1504
15036 # 1504
15036 # 1504
15036 # 1504
15036 # 1504
15036 # 1504
15036 # 1504
15036 # 1504
15036 # 1504
15036 # 1504
15036 # 1504
15036 # 1504
15036 # 1504
15036 # 1504
15036 # 1504
15036 # 1504
15036 # 1504
15036 # 1504
15036 # 1504
15036 # 1504
15036 # 1504
15036 # 1504
15036 # 1504
15036 # 1504
15036 # 1504
15036 # 1504
15036 # 1504
15036 # 1504
15036 # 1504
15036 # 1504
15036 # 1504
15036 # 1504
15036 # 1504
15036 # 1504
15036 # 1504
15036 # 1504
15036 # 1504
15036 # 1504
15036 # 1504
15036 # 1504
15036 # 1504
15036 # 1504
15036 # 1504
15036 # 1504
15036 # 1504
15036 # 1504
15036 # 1504
15036 # 1504
15036 # 1504
15036 # 1504
15036 # 1504
15242 + 92
16536 # 1504
16536 - 92 1294
16536 # 1504
16536 # 1504
16536 # 1504
16536 # 1504
16536 # 1504
16536 # 1504
16536 # 1504
16536 # 1504
16536 # 1504
16536 # 1504
16536 # 1504
16536 # 1504
16536 # 1504
16536 # 1504
16536 # 1504
16536 # 1504
16536 # 1504
16536 # 1504
16536 # 1504
16536 # 1504
16536 # 1504
16536 # 1504
16536 # 1504
16536 # 1504
16536 # 1504
16536 # 1504
16536 # 1504
16536 # 1504
16536 # 1504
16536 # 1504
16536 # 1504
16536 # 1504
16536 # 1504
16536 # 1504
16536 # 1504
16536 # 1504
16536 # 1504
16536 # 1504
16536 # 1504
16536 # 1504
16536 # 1504
16536 # 1504
16536 # 1504
16536 # 1504
16536 # 1504
16536 # 1504
16536 # 1504
16536 # 1504
16536 # 1504
16536 # 1504
16536 # 1504
16536 # 1504
16536 # 1504
16536 # 1504
16536 # 1504
16536 # 1504
16536 # 1504
16536 # 1504
16536 # 1504
16536 # 1504
16536 # 1504
16536 # 1504
16536 # 1504
16536 # 1504
16536 # 1504
16536 # 1504
16536 # 1504
16536 # 1504
16536 # 1504
16536 # 1504
16536 # 1504
16536 # 1504
16536 # 1504
16536 # 1504
16536 # 1504
16536 # 1504
16536 # 1504
16536 # 1504
16536 # 1504
16536 # 1504
16536 # 1504
16536 # 1504
16747 + 92
16747 + 92
16747 + 92
16747 + 92
16747 + 92
16747 + 92
16747 + 92
16747 + 92
16747 + 92
16747 + 92
16747 + 92
16747 + 92
16747 + 92
16747 + 92
18036 # 1504
18036 - 92 1289
18036 - 92 1289
18036 - 92 1289
18036 - 92 1289
18036 - 92 1289
18036 - 92 1289
18036 - 92 1289
18036 - 92 1289
18036 - 92 1289
18036 - 92 1289
18036 - 92 1289
18036 - 92 1289
18036 - 92 1289
18036 - 92 1289
18036 # 1504
18036 # 1504
18036 # 1504
18036 # 1504
18036 # 1504
18036 # 1504
18036 # 1504
18036 # 1504
18036 # 1504
18036 # 1504
18036 # 1504
18036 # 1504
18036 # 1504
18036 # 1504
18036 # 1504
18036 # 1504
18036 # 1504
18036 # 1504
18036 # 1504
18036 # 1504
18036 # 1504
18036 # 1504
18036 # 1504
18036 # 1504
18036 # 1504
18036 # 1504
18036 # 1504
18036 # 1504
18036 # 1504
18036 # 1504
18036 # 1504
18036 # 1504
18036 # 1504
18036 # 1504
18036 # 1504
18036 # 1504
18036 # 1504
18036 # 1504
18036 # 1504
18036 # 1504
18036 # 1504
18036 # 1504
18036 # 1504
18036 # 1504
18036 # 1504
18036 # 1504
18036 # 1504
18036 # 1504
18036 # 1504
18036 # 1504
18036 # 1504
18036 # 1504
18036 # 1504
18036 # 1504
18036 # 1504
18036 # 1504
18036 # 1504
18036 # 1504
18036 # 1504
18036 # 1504
18036 # 1504
18036 # 1504
18036 # 1504
18036 # 1504
18036 # 1504
18036 # 1504
18036 # 1504
18036 # 1504
18036 # 1504
18036 # 1504
18036 # 1504
18036 # 1504
18036 # 1504
18036 # 1504
18036 # 1504
18036 # 1504
18036 # 1504
18036 # 1504
18036 # 1504
18036 # 1504
18036 # 1504
18036 # 1504
18246 + 92
18246 + 92
18246 + 92
18246 + 92
18246 + 92
18246 + 92
18246 + 92
18246 + 92
18246 + 92
18246 + 92
18246 + 92
19536 # 1504
19536 - 92 1290
19536 - 92 1290
19536 - 92 1290
19536 - 92 1290
19536 - 92 1290
19536 - 92 1290
19536 - 92 1290
19536 - 92 1290
19536 - 92 1290
19536 - 92 1290
19536 - 92 1290
19536 # 1504
19536 # 1504
19536 # 1504
19536 # 1504
19536 # 1504
19536 # 1504
19536 # 1504
19536 # 1504
19536 # 1504
19536 # 1504
19536 # 1504
19536 # 1504
19536 # 1504
19536 # 1504
19536 # 1504
19536 # 1504
19536 # 1504
19536 # 1504
19536 # 1504
19536 # 1504
19536 # 1504
19536 # 1504
19536 # 1504
19536 # 1504
19536 # 1504
19536 # 1504
19536 # 1504
19536 # 1504
19536 # 1504
19536 # 1504
19536 # 1504
19536 # 1504
19536 # 1504
19536 # 1504
19536 # 1504
19536 # 1504
19536 # 1504
19536 # 1504
19536 # 1504
19536 # 1504
19536 # 1504
19536 # 1504
19536 # 1504
19536 # 1504
19536 # 1504
19536 # 1504
19536 # 1504
19536 # 1504
19536 # 1504
19536 # 1504
19536 # 1504
19536 # 1504
19536 # 1504
19536 # 1504
19536 # 1504
19536 # 1504
19536 # 1504
19536 # 1504
19536 # 1504
19536 # 1504
19536 # 1504
19536 # 1504
19536 # 1504
19536 # 1504
19536 # 1504
19536 # 1504
19536 # 1504
19536 # 1504
19536 # 1504
19536 # 1504
19536 # 1504
19536 # 1504
19536 # 1504
19536 # 1504
19536 # 1504
19536 # 1504
19536 # 1504
19536 # 1504
19536 # 1504
19536 # 1504
19536 # 1504
19536 # 1504
19742 + 92
19742 + 92
19742 + 92
19742 + 92
19742 + 92
19742 + 92
19742 + 92
19742 + 92
19742 + 92
19742 + 92
19742 + 92
19742 + 92
19742 + 92
19742 + 92
19742 + 92
19742 + 92
19743 + 92
19743 + 92
19743 + 92
19743 + 92
19743 + 92
21036 # 1504
21036 - 92 1294
21036 - 92 1294
21036 - 92 1294
21036 - 92 1294
21036 - 92 1294
21036 - 92 1294
21036 - 92 1294
21036 - 92 1294
21036 - 92 1294
21036 - 92 1294
21036 - 92 1294
21036 - 92 1294
21036 - 92 1294
21036 - 92 1294
21036 - 92 1294
21036 - 92 1294
21036 # 1504
21036 - 92 1293
21036 - 92 1293
21036 - 92 1293
21036 - 92 1293
21036 - 92 1293
21036 # 1504
21036 # 1504
21036 # 1504
21036 # 1504
21036 # 1504
21036 # 1504
21036 # 1504
21036 # 1504
21036 # 1504
21036 # 1504
21036 # 1504
21036 # 1504
21036 # 1504
21036 # 1504
21036 # 1504
21036 # 1504
21036 # 1504
21036 # 1504
21036 # 1504
21036 # 1504
21036 # 1504
21036 # 1504
21036 # 1504
21036 # 1504
21036 # 1504
21036 # 1504
21036 # 1504
21036 # 1504
21036 # 1504
21036 # 1504
21036 # 1504
21036 # 1504
21036 # 1504
21036 # 1504
21036 # 1504
21036 # 1504
21036 # 1504
21036 # 1504
21036 # 1504
21036 # 1504
21036 # 1504
21036 # 1504
21036 # 1504
21036 # 1504
21036 # 1504
21036 # 1504
21036 # 1504
21036 # 1504
21036 # 1504
21036 # 1504
21036 # 1504
21036 # 1504
21036 # 1504
21036 # 1504
21036 # 1504
21036 # 1504
21036 # 1504
21036 # 1504
21036 # 1504
21036 # 1504
21036 # 1504
21036 # 1504
21036 # 1504
21036 # 1504
21036 # 1504
21036 # 1504
21036 # 1504
21036 # 1504
21036 # 1504
21036 # 1504
21036 # 1504
21036 # 1504
21036 # 1504
21036 # 1504
21036 # 1504
21036 # 1504
21036 # 1504
21036 # 1504
21036 # 1504
21036 # 1504
21036 # 1504
21245 + 92
21245 + 92
21245 + 92
21245 + 92
21245 + 92
21245 + 92
21245 + 92
21245 + 92
21245 + 92
21245 + 92
21245 + 92
21245 + 92
21245 + 92
21245 + 92
21245 + 92
21245 + 92
21245 + 92
22536 # 1504
22536 - 92 1291
22536 - 92 1291
22536 - 92 1291
22536 - 92 1291
22536 - 92 1291
22536 - 92 1291
22536 - 92 1291
22536 - 92 1291
22536 - 92 1291
22536 - 92 1291
22536 - 92 1291
22536 - 92 1291
22536 - 92 1291
22536 - 92 1291
22536 - 92 1291
22536 - 92 1291
22536 # 1504
22536 - 92 1291
22536 # 1504
22536 # 1504
22536 # 1504
22536 # 1504
22536 # 1504
22536 # 1504
22536 # 1504
22536 # 1504
22536 # 1504
22536 # 1504
22536 # 1504
22536 # 1504
22536 # 1504
22536 # 1504
22536 # 1504
22536 # 1504
22536 # 1504
22536 # 1504
22536 # 1504
22536 # 1504
22536 # 1504
22536 # 1504
22536 # 1504
22536 # 1504
22536 # 1504
22536 # 1504
22536 # 1504
22536 # 1504
22536 # 1504
22536 # 1504
22536 # 1504
22536 # 1504
22536 # 1504
22536 # 1504
22536 # 1504
22536 # 1504
22536 # 1504
22536 # 1504
22536 # 1504
22536 # 1504
22536 # 1504
22536 # 1504
22536 # 1504
22536 # 1504
22536 # 1504
22536 # 1504
22536 # 1504
22536 # 1504
22536 # 1504
22536 # 1504
22536 # 1504
22536 # 1504
22536 # 1504
22536 # 1504
22536 # 1504
22536 # 1504
22536 # 1504
22536 # 1504
22536 # 1504
22536 # 1504
22536 # 1504
22536 # 1504
22536 # 1504
22536 # 1504
22536 # 1504
22536 # 1504
22536 # 1504
22536 # 1504
22536 # 1504
22536 # 1504
22536 # 1504
22536 # 1504
22536 # 1504
22536 # 1504
22536 # 1504
22536 # 1504
22536 # 1504
22536 # 1504
22536 # 1504
22536 # 1504
22536 # 1504
22742 + 92
22742 + 92
22742 + 92
22742 + 92
22742 + 92
22742 + 92
22742 + 92
24036 # 1504
24036 - 92 1294
24036 - 92 1294
24036 - 92 1294
24036 - 92 1294
24036 - 92 1294
24036 - 92 1294
24036 - 92 1294
24036 # 1504
24036 # 1504
24036 # 1504
24036 # 1504
24036 # 1504
24036 # 1504
24036 # 1504
24036 # 1504
24036 # 1504
24036 # 1504
24036 # 1504
24036 # 1504
24036 # 1504
24036 # 1504
24036 # 1504
24036 # 1504
24036 # 1504
24036 # 1504
24036 # 1504
24036 # 1504
24036 # 1504
24036 # 1504
24036 # 1504
24036 # 1504
24036 # 1504
24036 # 1504
24036 # 1504
24036 # 1504
24036 # 1504
24036 # 1504
24036 # 1504
24036 # 1504
24036 # 1504
24036 # 1504
24036 # 1504
24036 # 1504
24036 # 1504
24036 # 1504
24036 # 1504
24036 # 1504
24036 # 1504
24036 # 1504
24036 # 1504
24036 # 1504
24036 # 1504
24036 # 1504
24036 # 1504
24036 # 1504
24036 # 1504
24036 # 1504
24036 # 1504
24036 # 1504
24036 # 1504
24036 # 1504
24036 # 1504
24036 # 1504
24036 # 1504
24036 # 1504
24036 # 1504
24036 # 1504
24036 # 1504
24036 # 1504
24036 # 1504
24036 # 1504
24036 # 1504
24036 # 1504
24036 # 1504
24036 # 1504
24036 # 1504
24036 # 1504
24036 # 1504
24036 # 1504
24036 # 1504
24036 # 1504
24036 # 1504
24036 # 1504
24036 # 1504
24036 # 1504
24036 # 1504
24036 # 1504
24036 # 1504
24036 # 1504
24241 + 92
24241 + 92
24241 + 92
24241 + 92
24241 + 92
24241 + 92
24241 + 92
24241 + 92
24241 + 92
24241 + 92
24241 + 92
24241 + 92
24241 + 92
24242 + 92
25536 # 1504
25536 - 92 1295
25536 - 92 1295
25536 - 92 1295
25536 - 92 1295
25536 - 92 1295
25536 - 92 1295
25536 - 92 1295
25536 - 92 1295
25536 - 92 1295
25536 - 92 1295
25536 - 92 1295
25536 - 92 1295
25536 - 92 1295
25536 - 92 1294
25536 # 1504
25536 # 1504
25536 # 1504
25536 # 1504
25536 # 1504
25536 # 1504
25536 # 1504
25536 # 1504
25536 # 1504
25536 # 1504
25536 # 1504
25536 # 1504
25536 # 1504
25536 # 1504
25536 # 1504
25536 # 1504
25536 # 1504
25536 # 1504
25536 # 1504
25536 # 1504
25536 # 1504
25536 # 1504
25536 # 1504
25536 # 1504
25536 # 1504
25536 # 1504
25536 # 1504
25536 # 1504
25536 # 1504
25536 # 1504
25536 # 1504
25536 # 1504
25536 # 1504
25536 # 1504
25536 # 1504
25536 # 1504
25536 # 1504
25536 # 1504
25536 # 1504
25536 # 1504
25536 # 1504
25536 # 1504
25536 # 1504
25536 # 1504
25536 # 1504
25536 # 1504
25536 # 1504
25536 # 1504
25536 # 1504
25536 # 1504
25536 # 1504
25536 # 1504
25536 # 1504
25536 # 1504
25536 # 1504
25536 # 1504
25536 # 1504
25536 # 1504
25536 # 1504
25536 # 1504
25536 # 1504
25536 # 1504
25536 # 1504
25536 # 1504
25536 # 1504
25536 # 1504
25536 # 1504
25536 # 1504
25536 # 1504
25536 # 1504
25536 # 1504
25536 # 1504
25536 # 1504
25536 # 1504
25536 # 1504
25536 # 1504
25536 # 1504
25536 # 1504
25536 # 1504
25536 # 1504
25536 # 1504
25536 # 1504
25742 + 92
25742 + 92
25742 + 92
25742 + 92
25742 + 92
25742 + 92
25742 + 92
25742 + 92
25742 + 92
25742 + 92
25742 + 92
25742 + 92
25742 + 92
25742 + 92
25742 + 92
25742 + 92
25742 + 92
25742 + 92
25742 + 92
25742 + 92
25742 + 92
25742 + 92
25742 + 92
25742 + 92
25742 + 92
25742 + 92
25742 + 92
25742 + 92
25742 + 92
25742 + 92
25743 + 92
25743 + 92
25743 + 92
25743 + 92
25743 + 92
25743 + 92
25743 + 92
25743 + 92
25743 + 92
27036 # 1504
27036 - 92 1294
27036 - 92 1294
27036 - 92 1294
27036 - 92 1294
27036 - 92 1294
27036 - 92 1294
27036 - 92 1294
27036 - 92 1294
27036 - 92 1294
27036 - 92 1294
27036 - 92 1294
27036 - 92 1294
27036 - 92 1294
27036 - 92 1294
27036 - 92 1294
27036 - 92 1294
27036 # 1504
27036 - 92 1294
27036 - 92 1294
27036 - 92 1294
27036 - 92 1294
27036 - 92 1294
27036 - 92 1294
27036 - 92 1294
27036 - 92 1294
27036 - 92 1294
27036 - 92 1294
27036 - 92 1294
27036 - 92 1294
27036 - 92 1294
27036 - 92 1294
27036 - 92 1293
27036 - 92 1293
27036 # 1504
27036 - 92 1293
27036 - 92 1293
27036 - 92 1293
27036 - 92 1293
27036 - 92 1293
27036 - 92 1293
27036 - 92 1293
27036 # 1504
27036 # 1504
27036 # 1504
27036 # 1504
27036 # 1504
27036 # 1504
27036 # 1504
27036 # 1504
27036 # 1504
27036 # 1504
27036 # 1504
27036 # 1504
27036 # 1504
27036 # 1504
27036 # 1504
27036 # 1504
27036 # 1504
27036 # 1504
27036 # 1504
27036 # 1504
27036 # 1504
27036 # 1504
27036 # 1504
27036 # 1504
27036 # 1504
27036 # 1504
27036 # 1504
27036 # 1504
27036 # 1504
27036 # 1504
27036 # 1504
27036 # 1504
27036 # 1504
27036 # 1504
27036 # 1504
27036 # 1504
27036 # 1504
27036 # 1504
27036 # 1504
27036 # 1504
27036 # 1504
27036 # 1504
27036 # 1504
27036 # 1504
27036 # 1504
27036 # 1504
27036 # 1504
27036 # 1504
27036 # 1504
27036 # 1504
27036 # 1504
27036 # 1504
27036 # 1504
27036 # 1504
27036 # 1504
27036 # 1504
27036 # 1504
27036 # 1504
27036 # 1504
27036 # 1504
27036 # 1504
27036 # 1504
27036 # 1504
27036 # 1504
27036 # 1504
27036 # 1504
27036 # 1504
27036 # 1504
27036 # 1504
27036 # 1504
27036 # 1504
27036 # 1504
27036 # 1504
27036 # 1504
27036 # 1504
27036 # 1504
27036 # 1504
27036 # 1504
27036 # 1504
27036 # 1504
27243 + 92
27243 + 92
27243 + 92
27243 + 92
27243 + 92
27243 + 92
27243 + 92
27243 + 92
27243 + 92
27243 + 92
27243 + 92
27243 + 92
27243 + 92
27243 + 92
27243 + 92
28536 # 1504
28536 - 92 1293
28536 - 92 1293
28536 - 92 1293
28536 - 92 1293
28536 - 92 1293
28536 - 92 1293
28536 - 92 1293
28536 - 92 1293
28536 - 92 1293
28536 - 92 1293
28536 - 92 1293
28536 - 92 1293
28536 - 92 1293
28536 - 92 1293
28536 - 92 1293
28536 # 1504
28536 # 1504
28536 # 1504
28536 # 1504
28536 # 1504
28536 # 1504
28536 # 1504
28536 # 1504
28536 # 1504
28536 # 1504
28536 # 1504
28536 # 1504
28536 # 1504
28536 # 1504
28536 # 1504
28536 # 1504
28536 # 1504
28536 # 1504
28536 # 1504
28536 # 1504
28536 # 1504
28536 # 1504
28536 # 1504
28536 # 1504
28536 # 1504
28536 # 1504
28536 # 1504
28536 # 1504
28536 # 1504
28536 # 1504
28536 # 1504
28536 # 1504
28536 # 1504
28536 # 1504
28536 # 1504
28536 # 1504
28536 # 1504
28536 # 1504
28536 # 1504
28536 # 1504
28536 # 1504
28536 # 1504
28536 # 1504
28536 # 1504
28536 # 1504
28536 # 1504
28536 # 1504
28536 # 1504
28536 # 1504
28536 # 1504
28536 # 1504
28536 # 1504
28536 # 1504
28536 # 1504
28536 # 1504
28536 # 1504
28536 # 1504
28536 # 1504
28536 # 1504
28536 # 1504
28536 # 1504
28536 # 1504
28536 # 1504
28536 # 1504
28536 # 1504
28536 # 1504
28536 # 1504
28536 # 1504
28536 # 1504
28536 # 1504
28536 # 1504
28536 # 1504
28536 # 1504
28536 # 1504
28536 # 1504
28536 # 1504
28536 # 1504
28536 # 1504
28536 # 1504
28536 # 1504
28536 # 1504
28536 # 1504
28742 + 92
28742 + 92
28742 + 92
28742 + 92
28742 + 92
28742 + 92
28742 + 92
28742 + 92
28742 + 92
28742 + 92
28742 + 92
29764 + 52
30036 # 1504
30036 - 92 1294
30036 - 92 1294
30036 - 92 1294
30036 - 92 1294
30036 - 92 1294
30036 - 92 1294
30036 - 92 1294
30036 - 92 1294
30036 - 92 1294
30036 - 92 1294
30036 - 92 1294
30036 - 52 272
30036 # 1504
30036 # 1504
30036 # 1504
30036 # 1504
30036 # 1504
30036 # 1504
30036 # 1504
30036 # 1504
30036 # 1504
30036 # 1504
30036 # 1504
30036 # 1504
30036 # 1504
30036 # 1504
30036 # 1504
30036 # 1504
30036 # 1504
30036 # 1504
30036 # 1504
30036 # 1504
30036 # 1504
30036 # 1504
30036 # 1504
30036 # 1504
30036 # 1504
30036 # 1504
30036 # 1504
30036 # 1504
30036 # 1504
30036 # 1504
30036 # 1504
30036 # 1504
30036 # 1504
30036 # 1504
30036 # 1504
30036 # 1504
30036 # 1504
30036 # 1504
30036 # 1504
30036 # 1504
30036 # 1504
30036 # 1504
30036 # 1504
30036 # 1504
30036 # 1504
30036 # 1504
30036 # 1504
30036 # 1504
30036 # 1504
30036 # 1504
30036 # 1504
30036 # 1504
30036 # 1504
30036 # 1504
30036 # 1504
30036 # 1504
30036 # 1504
30036 # 1504
30036 # 1504
30036 # 1504
30036 # 1504
30036 # 1504
30036 # 1504
30036 # 1504
30036 # 1504
30036 # 1504
30036 # 1504
30036 # 1504
30036 # 1504
30036 # 1504
30036 # 1504
30036 # 1504
30036 # 1504
30036 # 1504
30036 # 1504
30036 # 1504
30036 # 1504
30036 # 1504
30036 # 1504
30036 # 1504
30036 # 1504
30036 # 1504
30268 + 92
30268 + 92
30268 + 92
30268 + 92
30268 + 92
30268 + 92
30268 + 92
30268 + 92
30268 + 92
30268 + 92
30268 + 92
31536 # 1504
31536 - 92 1268
31536 - 92 1268
31536 - 92 1268
31536 - 92 1268
31536 - 92 1268
31536 - 92 1268
31536 - 92 1268
31536 - 92 1268
31536 - 92 1268
31536 - 92 1268
31536 - 92 1268
31536 # 1504
31536 # 1504
31536 # 1504
31536 # 1504
31536 # 1504
31536 # 1504
31536 # 1504
31536 # 1504
31536 # 1504
31536 # 1504
31536 # 1504
31536 # 1504
31536 # 1504
31536 # 1504
31536 # 1504
31536 # 1504
31536 # 1504
31536 # 1504
31536 # 1504
31536 # 1504
31536 # 1504
31536 # 1504
31536 # 1504
31536 # 1504
31536 # 1504
31536 # 1504
31536 # 1504
31536 # 1504
31536 # 1504
31536 # 1504
31536 # 1504
31536 # 1504
31536 # 1504
31536 # 1504
31536 # 1504
31536 # 1504
31536 # 1504
31536 # 1504
31536 # 1504
31536 # 1504
31536 # 1504
31536 # 1504
31536 # 1504
31536 # 1504
31536 # 1504
31536 # 1504
31536 # 1504
31536 # 1504
31536 # 1504
31536 # 1504
31536 # 1504
31536 # 1504
31536 # 1504
31536 # 1504
31536 # 1504
31536 # 1504
31536 # 1504
31536 # 1504
31536 # 1504
31536 # 1504
31536 # 1504
31536 # 1504
31536 # 1504
31536 # 1504
31536 # 1504
31536 # 1504
31536 # 1504
31536 # 1504
31536 # 1504
31536 # 1504
31536 # 1504
31536 # 1504
31536 # 1504
31536 # 1504
31536 # 1504
31536 # 1504
31536 # 1504
31536 # 1504
31536 # 1504
31536 # 1504
31536 # 1504
31536 # 1504
33036 # 1504
33036 # 1504
33036 # 1504
33036 # 1504
33036 # 1504
33036 # 1504
33036 # 1504
33036 # 1504
33036 # 1504
33036 # 1504
33036 # 1504
33036 # 1504
33036 # 1504
33036 # 1504
33036 # 1504
33036 # 1504
33036 # 1504
33036 # 1504
33036 # 1504
33036 # 1504
33036 # 1504
33036 # 1504
33036 # 1504
33036 # 1504
33036 # 1504
33036 # 1504
33036 # 1504
33036 # 1504
33036 # 1504
33036 # 1504
33036 # 1504
33036 # 1504
33036 # 1504
33036 # 1504
33036 # 1504
33036 # 1504
33036 # 1504
33036 # 1504
33036 # 1504
33036 # 1504
33036 # 1504
33036 # 1504
33036 # 1504
33036 # 1504
33036 # 1504
33036 # 1504
33036 # 1504
33036 # 1504
33036 # 1504
33036 # 1504
33036 # 1504
33036 # 1504
33036 # 1504
33036 # 1504
33036 # 1504
33036 # 1504
33036 # 1504
33036 # 1504
33036 # 1504
33036 # 1504
33036 # 1504
33036 # 1504
33036 # 1504
33036 # 1504
33036 # 1504
33036 # 1504
33036 # 1504
33036 # 1504
33036 # 1504
33036 # 1504
33036 # 1504
33036 # 1504
33036 # 1504
33036 # 1504
33036 # 1504
33036 # 1504
33036 # 1504
33036 # 1504
33036 # 1504
33036 # 1504
33036 # 1504
33036 # 1504
33036 # 1504
33242 + 92
33242 + 92
33242 + 92
33242 + 92
34536 # 1504
34536 - 92 1294
34536 - 92 1294
34536 - 92 1294
34536 - 92 1294
34536 # 1504
34536 # 1504
34536 # 1504
34536 # 1504
34536 # 1504
34536 # 1504
34536 # 1504
34536 # 1504
34536 # 1504
34536 # 1504
34536 # 1504
34536 # 1504
34536 # 1504
34536 # 1504
34536 # 1504
34536 # 1504
34536 # 1504
34536 # 1504
34536 # 1504
34536 # 1504
34536 # 1504
34536 # 1504
34536 # 1504
34536 # 1504
34536 # 1504
34536 # 1504
34536 # 1504
34536 # 1504
34536 # 1504
34536 # 1504
34536 # 1504
34536 # 1504
34536 # 1504
34536 # 1504
34536 # 1504
34536 # 1504
34536 # 1504
34536 # 1504
34536 # 1504
34536 # 1504
34536 # 1504
34536 # 1504
34536 # 1504
34536 # 1504
34536 # 1504
34536 # 1504
34536 # 1504
34536 # 1504
34536 # 1504
34536 # 1504
34536 # 1504
34536 # 1504
34536 # 1504
34536 # 1504
34536 # 1504
34536 # 1504
34536 # 1504
34536 # 1504
34536 # 1504
34536 # 1504
34536 # 1504
34536 # 1504
34536 # 1504
34536 # 1504
34536 # 1504
34536 # 1504
34536 # 1504
34536 # 1504
34536 # 1504
34536 # 1504
34536 # 1504
34536 # 1504
34536 # 1504
34536 # 1504
34536 # 1504
34536 # 1504
34536 # 1504
34536 # 1504
34536 # 1504
34536 # 1504
34536 # 1504
34536 # 1504
36036 # 1504
36036 # 1504
36036 # 1504
36036 # 1504
36036 # 1504
36036 # 1504
36036 # 1504
36036 # 1504
36036 # 1504
36036 # 1504
36036 # 1504
36036 # 1504
36036 # 1504
36036 # 1504
36036 # 1504
36036 # 1504
36036 # 1504
36036 # 1504
36036 # 1504
36036 # 1504
36036 # 1504
36036 # 1504
36036 # 1504
36036 # 1504
36036 # 1504
36036 # 1504
36036 # 1504
36036 # 1504
36036 # 1504
36036 # 1504
36036 # 1504
36036 # 1504
36036 # 1504
36036 # 1504
36036 # 1504
36036 # 1504
36036 # 1504
36036 # 1504
36036 # 1504
36036 # 1504
36036 # 1504
36036 # 1504
36036 # 1504
36036 # 1504
36036 # 1504
36036 # 1504
36036 # 1504
36036 # 1504
36036 # 1504
36036 # 1504
36036 # 1504
36036 # 1504
36036 # 1504
36036 # 1504
36036 # 1504
36036 # 1504
36036 # 1504
36036 # 1504
36036 # 1504
36036 # 1504
36036 # 1504
36036 # 1504
36036 # 1504
36036 # 1504
36036 # 1504
36036 # 1504
36036 # 1504
36036 # 1504
36036 # 1504
36036 # 1504
36036 # 1504
36036 # 1504
36036 # 1504
36036 # 1504
36036 # 1504
36036 # 1504
36036 # 1504
36036 # 1504
36036 # 1504
36036 # 1504
36036 # 1504
36036 # 1504
36036 # 1504
36241 + 92
36241 + 92
36241 + 92
36241 + 92
36241 + 92
36241 + 92
36241 + 92
36241 + 92
36241 + 92
36241 + 92
36241 + 92
36241 + 92
36241 + 92
36241 + 92
36241 + 92
36241 + 92
36241 + 92
36241 + 92
36241 + 92
36241 + 92
36241 + 92
36241 + 92
36241 + 92
36244 + 92
36244 + 92
36244 + 92
36244 + 92
36244 + 92
36244 + 92
36244 + 92
36244 + 92
36244 + 92
36244 + 92
36244 + 92
36244 + 92
36244 + 92
36244 + 92
36244 + 92
36244 + 92
36244 + 92
36244 + 92
36244 + 92
36244 + 92
36244 + 92
36244 + 92
36244 + 92
36244 + 92
36244 + 92
36244 + 92
36244 + 92
36244 + 92
36244 + 92
36244 + 92
36244 + 92
36244 + 92
36244 + 92
36244 + 92
36244 + 92
36244 + 92
36244 + 92
36244 + 92
36244 + 92
36244 + 92
36244 + 92
36244 + 92
36244 + 92
36244 + 92
36244 + 92
36244 + 92
36244 + 92
36244 + 92
36244 + 92
36244 + 92
36244 + 92
36244 + 92
36244 + 92
36244 + 92
36244 + 92
36244 + 92
36244 + 92
36244 + 92
36244 + 92
36246 + 92
37536 # 1504
37536 - 92 1295
37536 - 92 1295
37536 - 92 1295
37536 - 92 1295
37536 - 92 1295
37536 - 92 1295
37536 - 92 1295
37536 - 92 1295
37536 - 92 1295
37536 - 92 1295
37536 - 92 1295
37536 - 92 1295
37536 - 92 1295
37536 - 92 1295
37536 - 92 1295
37536 - 92 1295
37536 # 1504
37536 - 92 1295
37536 - 92 1295
37536 - 92 1295
37536 - 92 1295
37536 - 92 1295
37536 - 92 1295
37536 - 92 1295
37536 - 92 1292
37536 - 92 1292
37536 - 92 1292
37536 - 92 1292
37536 - 92 1292
37536 - 92 1292
37536 - 92 1292
37536 - 92 1292
37536 - 92 1292
37536 # 1504
37536 - 92 1292
37536 - 92 1292
37536 - 92 1292
37536 - 92 1292
37536 - 92 1292
37536 - 92 1292
37536 - 92 1292
37536 - 92 1292
37536 - 92 1292
37536 - 92 1292
37536 - 92 1292
37536 - 92 1292
37536 - 92 1292
37536 - 92 1292
37536 - 92 1292
37536 - 92 1292
37536 - 92 1292
37536 # 1504
37536 - 92 1292
37536 - 92 1292
37536 - 92 1292
37536 - 92 1292
37536 - 92 1292
37536 - 92 1292
37536 - 92 1292
37536 - 92 1292
37536 - 92 1292
37536 - 92 1292
37536 - 92 1292
37536 - 92 1292
37536 - 92 1292
37536 - 92 1292
37536 - 92 1292
37536 - 92 1292
37536 # 1504
37536 - 92 1292
37536 - 92 1292
37536 - 92 1292
37536 - 92 1292
37536 - 92 1292
37536 - 92 1292
37536 - 92 1292
37536 - 92 1292
37536 - 92 1292
37536 - 92 1292
37536 - 92 1292
37536 - 92 1292
37536 - 92 1292
37536 - 92 1292
37536 - 92 1292
37536 - 92 1292
37536 # 1504
37536 - 92 1292
37536 - 92 1290
37536 # 1504
37536 # 1504
37536 # 1504
37536 # 1504
37536 # 1504
37536 # 1504
37536 # 1504
37536 # 1504
37536 # 1504
37536 # 1504
37536 # 1504
37536 # 1504
37536 # 1504
37536 # 1504
37536 # 1504
37536 # 1504
37536 # 1504
37536 # 1504
37536 # 1504
37536 # 1504
37536 # 1504
37536 # 1504
37536 # 1504
37536 # 1504
37536 # 1504
37536 # 1504
37536 # 1504
37536 # 1504
37536 # 1504
37536 # 1504
37536 # 1504
37536 # 1504
37536 # 1504
37536 # 1504
37536 # 1504
37536 # 1504
37536 # 1504
37536 # 1504
37536 # 1504
37536 # 1504
37536 # 1504
37536 # 1504
37536 # 1504
37536 # 1504
37536 # 1504
37536 # 1504
37536 # 1504
37536 # 1504
37536 # 1504
37536 # 1504
37536 # 1504
37536 # 1504
37536 # 1504
37536 # 1504
37536 # 1504
37536 # 1504
37536 # 1504
37536 # 1504
37536 # 1504
37536 # 1504
37536 # 1504
37536 # 1504
37536 # 1504
37536 # 1504
37536 # 1504
37536 # 1504
37536 # 1504
37536 # 1504
37536 # 1504
37536 # 1504
37536 # 1504
37536 # 1504
37536 # 1504
37536 # 1504
37536 # 1504
37536 # 1504
37536 # 1504
37745 + 92
37745 + 92
37745 + 92
37745 + 92
37745 + 92
37745 + 92
37745 + 92
37745 + 92
37745 + 92
37745 + 92
37745 + 92
37745 + 92
37745 + 92
37745 + 92
37745 + 92
37745 + 92
37745 + 92
37745 + 92
37745 + 92
37745 + 92
37745 + 92
37745 + 92
37745 + 92
37745 + 92
37745 + 92
37745 + 92
37745 + 92
37745 + 92
37745 + 92
37745 + 92
37745 + 92
37745 + 92
37745 + 92
37745 + 92
37745 + 92
37745 + 92
37745 + 92
37745 + 92
37745 + 92
37745 + 92
37745 + 92
37745 + 92
37745 + 92
37745 + 92
37745 + 92
37745 + 92
37745 + 92
39036 # 1504
39036 - 92 1291
39036 - 92 1291
39036 - 92 1291
39036 - 92 1291
39036 - 92 1291
39036 - 92 1291
39036 - 92 1291
39036 - 92 1291
39036 - 92 1291
39036 - 92 1291
39036 - 92 1291
39036 - 92 1291
39036 - 92 1291
39036 - 92 1291
39036 - 92 1291
39036 - 92 1291
39036 # 1504
39036 - 92 1291
39036 - 92 1291
39036 - 92 1291
39036 - 92 1291
39036 - 92 1291
39036 - 92 1291
39036 - 92 1291
39036 - 92 1291
39036 - 92 1291
39036 - 92 1291
39036 - 92 1291
39036 - 92 1291
39036 - 92 1291
39036 - 92 1291
39036 - 92 1291
39036 - 92 1291
39036 # 1504
39036 - 92 1291
39036 - 92 1291
39036 - 92 1291
39036 - 92 1291
39036 - 92 1291
39036 - 92 1291
39036 - 92 1291
39036 - 92 1291
39036 - 92 1291
39036 - 92 1291
39036 - 92 1291
39036 - 92 1291
39036 - 92 1291
39036 - 92 1291
39036 - 92 1291
39036 # 1504
39036 # 1504
39036 # 1504
39036 # 1504
39036 # 1504
39036 # 1504
39036 # 1504
39036 # 1504
39036 # 1504
39036 # 1504
39036 # 1504
39036 # 1504
39036 # 1504
39036 # 1504
39036 # 1504
39036 # 1504
39036 # 1504
39036 # 1504
39036 # 1504
39036 # 1504
39036 # 1504
39036 # 1504
39036 # 1504
39036 # 1504
39036 # 1504
39036 # 1504
39036 # 1504
39036 # 1504
39036 # 1504
39036 # 1504
39036 # 1504
39036 # 1504
39036 # 1504
39036 # 1504
39036 # 1504
39036 # 1504
39036 # 1504
39036 # 1504
39036 # 1504
39036 # 1504
39036 # 1504
39036 # 1504
39036 # 1504
39036 # 1504
39036 # 1504
39036 # 1504
39036 # 1504
39036 # 1504
39036 # 1504
39036 # 1504
39036 # 1504
39036 # 1504
39036 # 1504
39036 # 1504
39036 # 1504
39036 # 1504
39036 # 1504
39036 # 1504
39036 # 1504
39036 # 1504
39036 # 1504
39036 # 1504
39036 # 1504
39036 # 1504
39036 # 1504
39036 # 1504
39036 # 1504
39036 # 1504
39036 # 1504
39036 # 1504
39036 # 1504
39036 # 1504
39036 # 1504
39036 # 1504
39036 # 1504
39036 # 1504
39036 # 1504
39036 # 1504
39036 # 1504
39036 # 1504
39240 + 92
39240 + 92
39240 + 92
39240 + 92
39240 + 92
39240 + 92
39240 + 92
39240 + 92
39240 + 92
39240 + 92
39241 + 92
39241 + 92
39241 + 92
39241 + 92
39241 + 92
39241 + 92
39241 + 92
39241 + 92
39241 + 92
39241 + 92
39242 + 92
39242 + 92
39242 + 92
39242 + 92
39242 + 92
39242 + 92
39242 + 92
39242 + 92
39242 + 92
39242 + 92
39242 + 92
39242 + 92
39242 + 92
39242 + 92
39242 + 92
39242 + 92
39242 + 92
39242 + 92
39242 + 92
39242 + 92
39242 + 92
39242 + 92
39242 + 92
39242 + 92
39242 + 92
39242 + 92
39242 + 92
39242 + 92
39242 + 92
39242 + 92
39242 + 92
39243 + 92
39243 + 92
39243 + 92
39243 + 92
39243 + 92
39243 + 92
39243 + 92
39243 + 92
39243 + 92
39243 + 92
39243 + 92
39243 + 92
39243 + 92
39243 + 92
39243 + 92
39243 + 92
39243 + 92
39243 + 92
39243 + 92
39243 + 92
39243 + 92
39243 + 92
39243 + 92
39243 + 92
39243 + 92
39243 + 92
39243 + 92
39243 + 92
39243 + 92
39243 + 92
39243 + 92
39243 + 92
40536 # 1504
40536 - 92 1296
40536 - 92 1296
40536 - 92 1296
40536 - 92 1296
40536 - 92 1296
40536 - 92 1296
40536 - 92 1296
40536 - 92 1296
40536 - 92 1296
40536 - 92 1296
40536 - 92 1295
40536 - 92 1295
40536 - 92 1295
40536 - 92 1295
40536 - 92 1295
40536 - 92 1295
40536 # 1504
40536 - 92 1295
40536 - 92 1295
40536 - 92 1295
40536 - 92 1295
40536 - 92 1294
40536 - 92 1294
40536 - 92 1294
40536 - 92 1294
40536 - 92 1294
40536 - 92 1294
40536 - 92 1294
40536 - 92 1294
40536 - 92 1294
40536 - 92 1294
40536 - 92 1294
40536 - 92 1294
40536 # 1504
40536 - 92 1294
40536 - 92 1294
40536 - 92 1294
40536 - 92 1294
40536 - 92 1294
40536 - 92 1294
40536 - 92 1294
40536 - 92 1294
40536 - 92 1294
40536 - 92 1294
40536 - 92 1294
40536 - 92 1294
40536 - 92 1294
40536 - 92 1294
40536 - 92 1294
40536 - 92 1294
40536 - 92 1294
40536 # 1504
40536 - 92 1294
40536 - 92 1294
40536 - 92 1293
40536 - 92 1293
40536 - 92 1293
40536 - 92 1293
40536 - 92 1293
40536 - 92 1293
40536 - 92 1293
40536 - 92 1293
40536 - 92 1293
40536 - 92 1293
40536 - 92 1293
40536 - 92 1293
40536 - 92 1293
40536 - 92 1293
40536 # 1504
40536 - 92 1293
40536 - 92 1293
40536 - 92 1293
40536 - 92 1293
40536 - 92 1293
40536 - 92 1293
40536 - 92 1293
40536 - 92 1293
40536 - 92 1293
40536 - 92 1293
40536 - 92 1293
40536 - 92 1293
40536 - 92 1293
40536 - 92 1293
40536 - 92 1293
40536 - 92 1293
40536 # 1504
40536 - 92 1293
40536 - 92 1293
40536 # 1504
40536 # 1504
40536 # 1504
40536 # 1504
40536 # 1504
40536 # 1504
40536 # 1504
40536 # 1504
40536 # 1504
40536 # 1504
40536 # 1504
40536 # 1504
40536 # 1504
40536 # 1504
40536 # 1504
40536 # 1504
40536 # 1504
40536 # 1504
40536 # 1504
40536 # 1504
40536 # 1504
40536 # 1504
40536 # 1504
40536 # 1504
40536 # 1504
40536 # 1504
40536 # 1504
40536 # 1504
40536 # 1504
40536 # 1504
40536 # 1504
40536 # 1504
40536 # 1504
40536 # 1504
40536 # 1504
40536 # 1504
40536 # 1504
40536 # 1504
40536 # 1504
40536 # 1504
40536 # 1504
40536 # 1504
40536 # 1504
40536 # 1504
40536 # 1504
40536 # 1504
40536 # 1504
40536 # 1504
40536 # 1504
40536 # 1504
40536 # 1504
40536 # 1504
40536 # 1504
40536 # 1504
40536 # 1504
40536 # 1504
40536 # 1504
40536 # 1504
40536 # 1504
40536 # 1504
40536 # 1504
40536 # 1504
40536 # 1504
40536 # 1504
40536 # 1504
40536 # 1504
40536 # 1504
40536 # 1504
40536 # 1504
40536 # 1504
40536 # 1504
40536 # 1504
40536 # 1504
40536 # 1504
40536 # 1504
40536 # 1504
40536 # 1504
40741 + 92
40741 + 92
40741 + 92
40741 + 92
40741 + 92
40741 + 92
40741 + 92
40741 + 92
40741 + 92
40741 + 92
40741 + 92
40741 + 92
40741 + 92
40741 + 92
40741 + 92
40741 + 92
40741 + 92
40741 + 92
40741 + 92
40743 + 92
40743 + 92
40743 + 92
40743 + 92
40743 + 92
40743 + 92
40743 + 92
40743 + 92
40743 + 92
40743 + 92
40743 + 92
40743 + 92
40743 + 92
40743 + 92
40743 + 92
40743 + 92
40743 + 92
40743 + 92
40743 + 92
40743 + 92
40743 + 92
40743 + 92
40743 + 92
40743 + 92
40743 + 92
40743 + 92
40743 + 92
40743 + 92
40743 + 92
40744 + 92
40745 + 92
40745 + 92
40745 + 92
40745 + 92
40745 + 92
40745 + 92
40745 + 92
40745 + 92
40745 + 92
40745 + 92
40745 + 92
40745 + 92
40745 + 92
40745 + 92
40745 + 92
40745 + 92
40745 + 92
40745 + 92
40745 + 92
40745 + 92
40745 + 92
40746 + 92
40746 + 92
40746 + 92
40746 + 92
40746 + 92
40746 + 92
40746 + 92
40746 + 92
40746 + 92
40746 + 92
40746 + 92
40746 + 92
40746 + 92
42036 # 1504
42036 - 92 1295
42036 - 92 1295
42036 - 92 1295
42036 - 92 1295
42036 - 92 1295
42036 - 92 1295
42036 - 92 1295
42036 - 92 1295
42036 - 92 1295
42036 - 92 1295
42036 - 92 1295
42036 - 92 1295
42036 - 92 1295
42036 - 92 1295
42036 - 92 1295
42036 - 92 1295
42036 # 1504
42036 - 92 1295
42036 - 92 1295
42036 - 92 1295
42036 - 92 1293
42036 - 92 1293
42036 - 92 1293
42036 - 92 1293
42036 - 92 1293
42036 - 92 1293
42036 - 92 1293
42036 - 92 1293
42036 - 92 1293
42036 - 92 1293
42036 - 92 1293
42036 - 92 1293
42036 - 92 1293
42036 # 1504
42036 - 92 1293
42036 - 92 1293
42036 - 92 1293
42036 - 92 1293
42036 - 92 1293
42036 - 92 1293
42036 - 92 1293
42036 - 92 1293
42036 - 92 1293
42036 - 92 1293
42036 - 92 1293
42036 - 92 1293
42036 - 92 1293
42036 - 92 1293
42036 - 92 1293
42036 - 92 1293
42036 - 92 1292
42036 # 1504
42036 - 92 1291
42036 - 92 1291
42036 - 92 1291
42036 - 92 1291
42036 - 92 1291
42036 - 92 1291
42036 - 92 1291
42036 - 92 1291
42036 - 92 1291
42036 - 92 1291
42036 - 92 1291
42036 - 92 1291
42036 - 92 1291
42036 - 92 1291
42036 - 92 1291
42036 - 92 1291
42036 # 1504
42036 - 92 1291
42036 - 92 1291
42036 - 92 1291
42036 - 92 1291
42036 - 92 1291
42036 - 92 1290
42036 - 92 1290
42036 - 92 1290
42036 - 92 1290
42036 - 92 1290
42036 - 92 1290
42036 - 92 1290
42036 - 92 1290
42036 - 92 1290
42036 - 92 1290
42036 - 92 1290
42036 # 1504
42036 - 92 1290
42036 - 92 1290
42036 # 1504
42036 # 1504
42036 # 1504
42036 # 1504
42036 # 1504
42036 # 1504
42036 # 1504
42036 # 1504
42036 # 1504
42036 # 1504
42036 # 1504
42036 # 1504
42036 # 1504
42036 # 1504
42036 # 1504
42036 # 1504
42036 # 1504
42036 # 1504
42036 # 1504
42036 # 1504
42036 # 1504
42036 # 1504
42036 # 1504
42036 # 1504
42036 # 1504
42036 # 1504
42036 # 1504
42036 # 1504
42036 # 1504
42036 # 1504
42036 # 1504
42036 # 1504
42036 # 1504
42036 # 1504
42036 # 1504
42036 # 1504
42036 # 1504
42036 # 1504
42036 # 1504
42036 # 1504
42036 # 1504
42036 # 1504
42036 # 1504
42036 # 1504
42036 # 1504
42036 # 1504
42036 # 1504
42036 # 1504
42036 # 1504
42036 # 1504
42036 # 1504
42036 # 1504
42036 # 1504
42036 # 1504
42036 # 1504
42036 # 1504
42036 # 1504
42036 # 1504
42036 # 1504
42036 # 1504
42036 # 1504
42036 # 1504
42036 # 1504
42036 # 1504
42036 # 1504
42036 # 1504
42036 # 1504
42036 # 1504
42036 # 1504
42036 # 1504
42036 # 1504
42036 # 1504
42036 # 1504
42036 # 1504
42036 # 1504
42036 # 1504
42036 # 1504
42239 + 92
42239 + 92
42239 + 92
42239 + 92
42239 + 92
42239 + 92
42239 + 92
42239 + 92
42239 + 92
42239 + 92
42239 + 92
42239 + 92
42239 + 92
42239 + 92
42239 + 92
42239 + 92
42239 + 92
42239 + 92
42239 + 92
42239 + 92
42239 + 92
42239 + 92
42239 + 92
42239 + 92
42239 + 92
42239 + 92
42239 + 92
42239 + 92
42239 + 92
42239 + 92
42239 + 92
42242 + 92
42243 + 92
42243 + 92
42243 + 92
42243 + 92
42243 + 92
42243 + 92
42243 + 92
42243 + 92
42243 + 92
42243 + 92
42243 + 92
42243 + 92
42243 + 92
42243 + 92
42243 + 92
42243 + 92
42243 + 92
42243 + 92
42243 + 92
42243 + 92
42243 + 92
42243 + 92
42243 + 92
42243 + 92
42243 + 92
42243 + 92
42243 + 92
42243 + 92
42243 + 92
42243 + 92
42243 + 92
42243 + 92
42243 + 92
42243 + 92
42243 + 92
42243 + 92
42243 + 92
42243 + 92
42243 + 92
42243 + 92
42243 + 92
42243 + 92
42243 + 92
42243 + 92
42243 + 92
42243 + 92
42243 + 92
42243 + 92
42243 + 92
42243 + 92
42243 + 92
43536 # 1504
43536 - 92 1297
43536 - 92 1297
43536 - 92 1297
43536 - 92 1297
43536 - 92 1297
43536 - 92 1297
43536 - 92 1297
43536 - 92 1297
43536 - 92 1297
43536 - 92 1297
43536 - 92 1297
43536 - 92 1297
43536 - 92 1297
43536 - 92 1297
43536 - 92 1297
43536 - 92 1297
43536 # 1504
43536 - 92 1297
43536 - 92 1297
43536 - 92 1297
43536 - 92 1297
43536 - 92 1297
43536 - 92 1297
43536 - 92 1297
43536 - 92 1297
43536 - 92 1297
43536 - 92 1297
43536 - 92 1297
43536 - 92 1297
43536 - 92 1297
43536 - 92 1297
43536 - 92 1297
43536 - 92 1294
43536 # 1504
43536 - 92 1293
43536 - 92 1293
43536 - 92 1293
43536 - 92 1293
43536 - 92 1293
43536 - 92 1293
43536 - 92 1293
43536 - 92 1293
43536 - 92 1293
43536 - 92 1293
43536 - 92 1293
43536 - 92 1293
43536 - 92 1293
43536 - 92 1293
43536 - 92 1293
43536 - 92 1293
43536 - 92 1293
43536 # 1504
43536 - 92 1293
43536 - 92 1293
43536 - 92 1293
43536 - 92 1293
43536 - 92 1293
43536 - 92 1293
43536 - 92 1293
43536 - 92 1293
43536 - 92 1293
43536 - 92 1293
43536 - 92 1293
43536 - 92 1293
43536 - 92 1293
43536 - 92 1293
43536 - 92 1293
43536 - 92 1293
43536 # 1504
43536 - 92 1293
43536 - 92 1293
43536 - 92 1293
43536 - 92 1293
43536 - 92 1293
43536 - 92 1293
43536 - 92 1293
43536 - 92 1293
43536 - 92 1293
43536 - 92 1293
43536 - 92 1293
43536 - 92 1293
43536 - 92 1293
43536 - 92 1293
43536 - 92 1293
43536 - 92 1293
43536 # 1504
43536 - 92 1293
43536 - 92 1293
43536 # 1504
43536 # 1504
43536 # 1504
43536 # 1504
43536 # 1504
43536 # 1504
43536 # 1504
43536 # 1504
43536 # 1504
43536 # 1504
43536 # 1504
43536 # 1504
43536 # 1504
43536 # 1504
43536 # 1504
43536 # 1504
43536 # 1504
43536 # 1504
43536 # 1504
43536 # 1504
43536 # 1504
43536 # 1504
43536 # 1504
43536 # 1504
43536 # 1504
43536 # 1504
43536 # 1504
43536 # 1504
43536 # 1504
43536 # 1504
43536 # 1504
43536 # 1504
43536 # 1504
43536 # 1504
43536 # 1504
43536 # 1504
43536 # 1504
43536 # 1504
43536 # 1504
43536 # 1504
43536 # 1504
43536 # 1504
43536 # 1504
43536 # 1504
43536 # 1504
43536 # 1504
43536 # 1504
43536 # 1504
43536 # 1504
43536 # 1504
43536 # 1504
43536 # 1504
43536 # 1504
43536 # 1504
43536 # 1504
43536 # 1504
43536 # 1504
43536 # 1504
43536 # 1504
43536 # 1504
43536 # 1504
43536 # 1504
43536 # 1504
43536 # 1504
43536 # 1504
43536 # 1504
43536 # 1504
43536 # 1504
43536 # 1504
43536 # 1504
43536 # 1504
43536 # 1504
43536 # 1504
43536 # 1504
43536 # 1504
43536 # 1504
43536 # 1504
43743 + 92
43743 + 92
43743 + 92
43743 + 92
43743 + 92
43743 + 92
43743 + 92
43743 + 92
43743 + 92
43743 + 92
43743 + 92
43743 + 92
43743 + 92
43743 + 92
43743 + 92
43743 + 92
43743 + 92
43743 + 92
43743 + 92
43743 + 92
43743 + 92
43743 + 92
43743 + 92
43744 + 92
43744 + 92
43744 + 92
43744 + 92
43747 + 92
43747 + 92
43747 + 92
43747 + 92
43747 + 92
43747 + 92
43747 + 92
43747 + 92
43747 + 92
43747 + 92
43747 + 92
43747 + 92
43747 + 92
43747 + 92
43747 + 92
43747 + 92
43747 + 92
43747 + 92
43747 + 92
43747 + 92
43747 + 92
43747 + 92
43747 + 92
43747 + 92
43748 + 92
43748 + 92
43748 + 92
43748 + 92
43748 + 92
43748 + 92
43748 + 92
43748 + 92
43748 + 92
43748 + 92
43748 + 92
43748 + 92
43748 + 92
43748 + 92
43748 + 92
43748 + 92
43748 + 92
43748 + 92
43748 + 92
43748 + 92
43748 + 92
43748 + 92
43748 + 92
43748 + 92
43748 + 92
43748 + 92
43748 + 92
43748 + 92
43748 + 92
43748 + 92
43748 + 92
43748 + 92
45036 # 1504
45036 - 92 1293
45036 - 92 1293
45036 - 92 1293
45036 - 92 1293
45036 - 92 1293
45036 - 92 1293
45036 - 92 1293
45036 - 92 1293
45036 - 92 1293
45036 - 92 1293
45036 - 92 1293
45036 - 92 1293
45036 - 92 1293
45036 - 92 1293
45036 - 92 1293
45036 - 92 1293
45036 # 1504
45036 - 92 1293
45036 - 92 1293
45036 - 92 1293
45036 - 92 1293
45036 - 92 1293
45036 - 92 1293
45036 - 92 1293
45036 - 92 1292
45036 - 92 1292
45036 - 92 1292
45036 - 92 1292
45036 - 92 1289
45036 - 92 1289
45036 - 92 1289
45036 - 92 1289
45036 - 92 1289
45036 # 1504
45036 - 92 1289
45036 - 92 1289
45036 - 92 1289
45036 - 92 1289
45036 - 92 1289
45036 - 92 1289
45036 - 92 1289
45036 - 92 1289
45036 - 92 1289
45036 - 92 1289
45036 - 92 1289
45036 - 92 1289
45036 - 92 1289
45036 - 92 1289
45036 - 92 1289
45036 - 92 1289
45036 - 92 1289
45036 # 1504
45036 - 92 1289
45036 - 92 1289
45036 - 92 1288
45036 - 92 1288
45036 - 92 1288
45036 - 92 1288
45036 - 92 1288
45036 - 92 1288
45036 - 92 1288
45036 - 92 1288
45036 - 92 1288
45036 - 92 1288
45036 - 92 1288
45036 - 92 1288
45036 - 92 1288
45036 - 92 1288
45036 # 1504
45036 - 92 1288
45036 - 92 1288
45036 - 92 1288
45036 - 92 1288
45036 - 92 1288
45036 - 92 1288
45036 - 92 1288
45036 - 92 1288
45036 - 92 1288
45036 - 92 1288
45036 - 92 1288
45036 - 92 1288
45036 - 92 1288
45036 - 92 1288
45036 - 92 1288
45036 - 92 1288
45036 # 1504
45036 - 92 1288
45036 - 92 1288
45036 # 1504
45036 # 1504
45036 # 1504
45036 # 1504
45036 # 1504
45036 # 1504
45036 # 1504
45036 # 1504
45036 # 1504
45036 # 1504
45036 # 1504
45036 # 1504
45036 # 1504
45036 # 1504
45036 # 1504
45036 # 1504
45036 # 1504
45036 # 1504
45036 # 1504
45036 # 1504
45036 # 1504
45036 # 1504
45036 # 1504
45036 # 1504
45036 # 1504
45036 # 1504
45036 # 1504
45036 # 1504
45036 # 1504
45036 # 1504
45036 # 1504
45036 # 1504
45036 # 1504
45036 # 1504
45036 # 1504
45036 # 1504
45036 # 1504
45036 # 1504
45036 # 1504
45036 # 1504
45036 # 1504
45036 # 1504
45036 # 1504
45036 # 1504
45036 # 1504
45036 # 1504
45036 # 1504
45036 # 1504
45036 # 1504
45036 # 1504
45036 # 1504
45036 # 1504
45036 # 1504
45036 # 1504
45036 # 1504
45036 # 1504
45036 # 1504
45036 # 1504
45036 # 1504
45036 # 1504
45036 # 1504
45036 # 1504
45036 # 1504
45036 # 1504
45036 # 1504
45036 # 1504
45036 # 1504
45036 # 1504
45036 # 1504
45036 # 1504
45036 # 1504
45036 # 1504
45036 # 1504
45036 # 1504
45036 # 1504
45036 # 1504
45036 # 1504
45239 + 92
45248 + 92
45248 + 92
45248 + 92
45248 + 92
45248 + 92
45248 + 92
45248 + 92
45248 + 92
45248 + 92
45248 + 92
45248 + 92
45248 + 92
45248 + 92
45248 + 92
45248 + 92
45248 + 92
45248 + 92
45248 + 92
45248 + 92
45248 + 92
45248 + 92
45248 + 92
45248 + 92
45248 + 92
45248 + 92
45248 + 92
45248 + 92
45248 + 92
45248 + 92
45248 + 92
45248 + 92
45248 + 92
45248 + 92
45248 + 92
45248 + 92
45248 + 92
45248 + 92
45248 + 92
45248 + 92
45248 + 92
45248 + 92
45248 + 92
45248 + 92
45248 + 92
45248 + 92
45248 + 92
45248 + 92
45248 + 92
45248 + 92
45248 + 92
45248 + 92
45248 + 92
45248 + 92
45248 + 92
46536 # 1504
46536 - 92 1297
46536 - 92 1288
46536 - 92 1288
46536 - 92 1288
46536 - 92 1288
46536 - 92 1288
46536 - 92 1288
46536 - 92 1288
46536 - 92 1288
46536 - 92 1288
46536 - 92 1288
46536 - 92 1288
46536 - 92 1288
46536 - 92 1288
46536 - 92 1288
46536 - 92 1288
46536 # 1504
46536 - 92 1288
46536 - 92 1288
46536 - 92 1288
46536 - 92 1288
46536 - 92 1288
46536 - 92 1288
46536 - 92 1288
46536 - 92 1288
46536 - 92 1288
46536 - 92 1288
46536 - 92 1288
46536 - 92 1288
46536 - 92 1288
46536 - 92 1288
46536 - 92 1288
46536 - 92 1288
46536 # 1504
46536 - 92 1288
46536 - 92 1288
46536 - 92 1288
46536 - 92 1288
46536 - 92 1288
46536 - 92 1288
46536 - 92 1288
46536 - 92 1288
46536 - 92 1288
46536 - 92 1288
46536 - 92 1288
46536 - 92 1288
46536 - 92 1288
46536 - 92 1288
46536 - 92 1288
46536 - 92 1288
46536 - 92 1288
46536 # 1504
46536 - 92 1288
46536 - 92 1288
46536 - 92 1288
46536 - 92 1288
46536 - 92 1288
46536 - 92 1288
46536 # 1504
46536 # 1504
46536 # 1504
46536 # 1504
46536 # 1504
46536 # 1504
46536 # 1504
46536 # 1504
46536 # 1504
46536 # 1504
46536 # 1504
46536 # 1504
46536 # 1504
46536 # 1504
46536 # 1504
46536 # 1504
46536 # 1504
46536 # 1504
46536 # 1504
46536 # 1504
46536 # 1504
46536 # 1504
46536 # 1504
46536 # 1504
46536 # 1504
46536 # 1504
46536 # 1504
46536 # 1504
46536 # 1504
46536 # 1504
46536 # 1504
46536 # 1504
46536 # 1504
46536 # 1504
46536 # 1504
46536 # 1504
46536 # 1504
46536 # 1504
46536 # 1504
46536 # 1504
46536 # 1504
46536 # 1504
46536 # 1504
46536 # 1504
46536 # 1504
46536 # 1504
46536 # 1504
46536 # 1504
46536 # 1504
46536 # 1504
46536 # 1504
46536 # 1504
46536 # 1504
46536 # 1504
46536 # 1504
46536 # 1504
46536 # 1504
46536 # 1504
46536 # 1504
46536 # 1504
46536 # 1504
46536 # 1504
46536 # 1504
46536 # 1504
46536 # 1504
46536 # 1504
46536 # 1504
46536 # 1504
46536 # 1504
46536 # 1504
46536 # 1504
46536 # 1504
46536 # 1504
46536 # 1504
46536 # 1504
46536 # 1504
46536 # 1504
46536 # 1504
46536 # 1504
46750 + 92
46750 + 92
46750 + 92
46750 + 92
46750 + 92
46750 + 92
46750 + 92
46750 + 92
46750 + 92
46750 + 92
46750 + 92
46751 + 92
46753 + 92
46753 + 92
46753 + 92
46753 + 92
46753 + 92
46753 + 92
46753 + 92
46753 + 92
46753 + 92
46753 + 92
46753 + 92
46753 + 92
46753 + 92
46753 + 92
46753 + 92
46753 + 92
46753 + 92
46753 + 92
46753 + 92
46753 + 92
46753 + 92
46753 + 92
46753 + 92
46754 + 92
46754 + 92
46754 + 92
46754 + 92
46754 + 92
46754 + 92
46754 + 92
46754 + 92
46755 + 92
46755 + 92
46755 + 92
46755 + 92
46755 + 92
46755 + 92
46755 + 92
46755 + 92
46755 + 92
46755 + 92
46797 + 92
48036 # 1504
48036 - 92 1286
48036 - 92 1286
48036 - 92 1286
48036 - 92 1286
48036 - 92 1286
48036 - 92 1286
48036 - 92 1286
48036 - 92 1286
48036 - 92 1286
48036 - 92 1286
48036 - 92 1286
48036 - 92 1285
48036 - 92 1283
48036 - 92 1283
48036 - 92 1283
48036 - 92 1283
48036 # 1504
48036 - 92 1283
48036 - 92 1283
48036 - 92 1283
48036 - 92 1283
48036 - 92 1283
48036 - 92 1283
48036 - 92 1283
48036 - 92 1283
48036 - 92 1283
48036 - 92 1283
48036 - 92 1283
48036 - 92 1283
48036 - 92 1283
48036 - 92 1283
48036 - 92 1283
48036 - 92 1283
48036 # 1504
48036 - 92 1283
48036 - 92 1283
48036 - 92 1283
48036 - 92 1282
48036 - 92 1282
48036 - 92 1282
48036 - 92 1282
48036 - 92 1282
48036 - 92 1282
48036 - 92 1282
48036 - 92 1282
48036 - 92 1281
48036 - 92 1281
48036 - 92 1281
48036 - 92 1281
48036 - 92 1281
48036 - 92 1281
48036 # 1504
48036 - 92 1281
48036 - 92 1281
48036 - 92 1281
48036 - 92 1281
48036 - 92 1239
48036 # 1504
48036 # 1504
48036 # 1504
48036 # 1504
48036 # 1504
48036 # 1504
48036 # 1504
48036 # 1504
48036 # 1504
48036 # 1504
48036 # 1504
48036 # 1504
48036 # 1504
48036 # 1504
48036 # 1504
48036 # 1504
48036 # 1504
48036 # 1504
48036 # 1504
48036 # 1504
48036 # 1504
48036 # 1504
48036 # 1504
48036 # 1504
48036 # 1504
48036 # 1504
48036 # 1504
48036 # 1504
48036 # 1504
48036 # 1504
48036 # 1504
48036 # 1504
48036 # 1504
48036 # 1504
48036 # 1504
48036 # 1504
48036 # 1504
48036 # 1504
48036 # 1504
48036 # 1504
48036 # 1504
48036 # 1504
48036 # 1504
48036 # 1504
48036 # 1504
48036 # 1504
48036 # 1504
48036 # 1504
48036 # 1504
48036 # 1504
48036 # 1504
48036 # 1504
48036 # 1504
48036 # 1504
48036 # 1504
48036 # 1504
48036 # 1504
48036 # 1504
48036 # 1504
48036 # 1504
48036 # 1504
48036 # 1504
48036 # 1504
48036 # 1504
48036 # 1504
48036 # 1504
48036 # 1504
48036 # 1504
48036 # 1504
48036 # 1504
48036 # 1504
48036 # 1504
48036 # 1504
48036 # 1504
48036 # 1504
48036 # 1504
48036 # 1504
48036 # 1504
48036 # 1504
48259 + 92
48259 + 92
48259 + 92
48259 + 92
48259 + 92
48259 + 92
48259 + 92
48259 + 92
48259 + 92
48259 + 92
48259 + 92
48259 + 92
48259 + 92
48259 + 92
48259 + 92
48259 + 92
48259 + 92
48259 + 92
48259 + 92
48259 + 92
48259 + 92
48259 + 92
48259 + 92
48259 + 92
48259 + 92
48259 + 92
48259 + 92
48259 + 92
48259 + 92
48260 + 92
48260 + 92
48260 + 92
48260 + 92
48260 + 92
48260 + 92
48260 + 92
48260 + 92
48310 + 92
49536 # 1504
49536 - 92 1277
49536 - 92 1277
49536 - 92 1277
49536 - 92 1277
49536 - 92 1277
49536 - 92 1277
49536 - 92 1277
49536 - 92 1277
49536 - 92 1277
49536 - 92 1277
49536 - 92 1277
49536 - 92 1277
49536 - 92 1277
49536 - 92 1277
49536 - 92 1277
49536 - 92 1277
49536 # 1504
49536 - 92 1277
49536 - 92 1277
49536 - 92 1277
49536 - 92 1277
49536 - 92 1277
49536 - 92 1277
49536 - 92 1277
49536 - 92 1277
49536 - 92 1277
49536 - 92 1277
49536 - 92 1277
49536 - 92 1277
49536 - 92 1277
49536 - 92 1276
49536 - 92 1276
49536 - 92 1276
49536 # 1504
49536 - 92 1276
49536 - 92 1276
49536 - 92 1276
49536 - 92 1276
49536 - 92 1276
49536 - 92 1226
49536 # 1504
49536 # 1504
49536 # 1504
49536 # 1504
49536 # 1504
49536 # 1504
49536 # 1504
49536 # 1504
49536 # 1504
49536 # 1504
49536 # 1504
49536 # 1504
49536 # 1504
49536 # 1504
49536 # 1504
49536 # 1504
49536 # 1504
49536 # 1504
49536 # 1504
49536 # 1504
49536 # 1504
49536 # 1504
49536 # 1504
49536 # 1504
49536 # 1504
49536 # 1504
49536 # 1504
49536 # 1504
49536 # 1504
49536 # 1504
49536 # 1504
49536 # 1504
49536 # 1504
49536 # 1504
49536 # 1504
49536 # 1504
49536 # 1504
49536 # 1504
49536 # 1504
49536 # 1504
49536 # 1504
49536 # 1504
49536 # 1504
49536 # 1504
49536 # 1504
49536 # 1504
49536 # 1504
49536 # 1504
49536 # 1504
49536 # 1504
49536 # 1504
49536 # 1504
49536 # 1504
49536 # 1504
49536 # 1504
49536 # 1504
49536 # 1504
49536 # 1504
49536 # 1504
49536 # 1504
49536 # 1504
49536 # 1504
49536 # 1504
49536 # 1504
49536 # 1504
49536 # 1504
49536 # 1504
49536 # 1504
49536 # 1504
49536 # 1504
49536 # 1504
49536 # 1504
49536 # 1504
49536 # 1504
49536 # 1504
49536 # 1504
49536 # 1504
49536 # 1504
49536 # 1504
49536 # 1504
51036 # 1504
51036 # 1504
51036 # 1504
51036 # 1504
51036 # 1504
51036 # 1504
51036 # 1504
51036 # 1504
51036 # 1504
51036 # 1504
51036 # 1504
51036 # 1504
51036 # 1504
51036 # 1504
51036 # 1504
51036 # 1504
51036 # 1504
51036 # 1504
51036 # 1504
51036 # 1504
51036 # 1504
51036 # 1504
51036 # 1504
51036 # 1504
51036 # 1504
51036 # 1504
51036 # 1504
51036 # 1504
51036 # 1504
51036 # 1504
51036 # 1504
51036 # 1504
51036 # 1504
51036 # 1504
51036 # 1504
51036 # 1504
51036 # 1504
51036 # 1504
51036 # 1504
51036 # 1504
51036 # 1504
51036 # 1504
51036 # 1504
51036 # 1504
51036 # 1504
51036 # 1504
51036 # 1504
51036 # 1504
51036 # 1504
51036 # 1504
51036 # 1504
51036 # 1504
51036 # 1504
51036 # 1504
51036 # 1504
51036 # 1504
51036 # 1504
51036 # 1504
51036 # 1504
51036 # 1504
51036 # 1504
51036 # 1504
51036 # 1504
51036 # 1504
51036 # 1504
51036 # 1504
51036 # 1504
51036 # 1504
51036 # 1504
51036 # 1504
51036 # 1504
51036 # 1504
51036 # 1504
51036 # 1504
51036 # 1504
51036 # 1504
51036 # 1504
51036 # 1504
51036 # 1504
51036 # 1504
51036 # 1504
51036 # 1504
51036 # 1504
51244 + 92
52536 # 1504
52536 - 92 1292
52536 # 1504
52536 # 1504
52536 # 1504
52536 # 1504
52536 # 1504
52536 # 1504
52536 # 1504
52536 # 1504
52536 # 1504
52536 # 1504
52536 # 1504
52536 # 1504
52536 # 1504
52536 # 1504
52536 # 1504
52536 # 1504
52536 # 1504
52536 # 1504
52536 # 1504
52536 # 1504
52536 # 1504
52536 # 1504
52536 # 1504
52536 # 1504
52536 # 1504
52536 # 1504
52536 # 1504
52536 # 1504
52536 # 1504
52536 # 1504
52536 # 1504
52536 # 1504
52536 # 1504
52536 # 1504
52536 # 1504
52536 # 1504
52536 # 1504
52536 # 1504
52536 # 1504
52536 # 1504
52536 # 1504
52536 # 1504
52536 # 1504
52536 # 1504
52536 # 1504
52536 # 1504
52536 # 1504
52536 # 1504
52536 # 1504
52536 # 1504
52536 # 1504
52536 # 1504
52536 # 1504
52536 # 1504
52536 # 1504
52536 # 1504
52536 # 1504
52536 # 1504
52536 # 1504
52536 # 1504
52536 # 1504
52536 # 1504
52536 # 1504
52536 # 1504
52536 # 1504
52536 # 1504
52536 # 1504
52536 # 1504
52536 # 1504
52536 # 1504
52536 # 1504
52536 # 1504
52536 # 1504
52536 # 1504
52536 # 1504
52536 # 1504
52536 # 1504
52536 # 1504
52536 # 1504
52536 # 1504
52536 # 1504
52536 # 1504
54036 # 1504
54036 # 1504
54036 # 1504
54036 # 1504
54036 # 1504
54036 # 1504
54036 # 1504
54036 # 1504
54036 # 1504
54036 # 1504
54036 # 1504
54036 # 1504
54036 # 1504
54036 # 1504
54036 # 1504
54036 # 1504
54036 # 1504
54036 # 1504
54036 # 1504
54036 # 1504
54036 # 1504
54036 # 1504
54036 # 1504
54036 # 1504
54036 # 1504
54036 # 1504
54036 # 1504
54036 # 1504
54036 # 1504
54036 # 1504
54036 # 1504
54036 # 1504
54036 # 1504
54036 # 1504
54036 # 1504
54036 # 1504
54036 # 1504
54036 # 1504
54036 # 1504
54036 # 1504
54036 # 1504
54036 # 1504
54036 # 1504
54036 # 1504
54036 # 1504
54036 # 1504
54036 # 1504
54036 # 1504
54036 # 1504
54036 # 1504
54036 # 1504
54036 # 1504
54036 # 1504
54036 # 1504
54036 # 1504
54036 # 1504
54036 # 1504
54036 # 1504
54036 # 1504
54036 # 1504
54036 # 1504
54036 # 1504
54036 # 1504
54036 # 1504
54036 # 1504
54036 # 1504
54036 # 1504
54036 # 1504
54036 # 1504
54036 # 1504
54036 # 1504
54036 # 1504
54036 # 1504
54036 # 1504
54036 # 1504
54036 # 1504
54036 # 1504
54036 # 1504
54036 # 1504
54036 # 1504
54036 # 1504
54036 # 1504
54036 # 1504
54241 + 92
54241 + 92
54241 + 92
54241 + 92
54244 + 92
54244 + 92
54244 + 92
54244 + 92
54244 + 92
54244 + 92
54244 + 92
54244 + 92
54244 + 92
54244 + 92
54244 + 92
54244 + 92
54244 + 92
54244 + 92
54244 + 92
54244 + 92
55536 # 1504
55536 - 92 1295
55536 - 92 1295
55536 - 92 1295
55536 - 92 1295
55536 - 92 1292
55536 - 92 1292
55536 - 92 1292
55536 - 92 1292
55536 - 92 1292
55536 - 92 1292
55536 - 92 1292
55536 - 92 1292
55536 - 92 1292
55536 - 92 1292
55536 - 92 1292
55536 - 92 1292
55536 # 1504
55536 - 92 1292
55536 - 92 1292
55536 - 92 1292
55536 - 92 1292
55536 # 1504
55536 # 1504
55536 # 1504
55536 # 1504
55536 # 1504
55536 # 1504
55536 # 1504
55536 # 1504
55536 # 1504
55536 # 1504
55536 # 1504
55536 # 1504
55536 # 1504
55536 # 1504
55536 # 1504
55536 # 1504
55536 # 1504
55536 # 1504
55536 # 1504
55536 # 1504
55536 # 1504
55536 # 1504
55536 # 1504
55536 # 1504
55536 # 1504
55536 # 1504
55536 # 1504
55536 # 1504
55536 # 1504
55536 # 1504
55536 # 1504
55536 # 1504
55536 # 1504
55536 # 1504
55536 # 1504
55536 # 1504
55536 # 1504
55536 # 1504
55536 # 1504
55536 # 1504
55536 # 1504
55536 # 1504
55536 # 1504
55536 # 1504
55536 # 1504
55536 # 1504
55536 # 1504
55536 # 1504
55536 # 1504
55536 # 1504
55536 # 1504
55536 # 1504
55536 # 1504
55536 # 1504
55536 # 1504
55536 # 1504
55536 # 1504
55536 # 1504
55536 # 1504
55536 # 1504
55536 # 1504
55536 # 1504
55536 # 1504
55536 # 1504
55536 # 1504
55536 # 1504
55536 # 1504
55536 # 1504
55536 # 1504
55536 # 1504
55536 # 1504
55536 # 1504
55536 # 1504
55536 # 1504
55536 # 1504
55536 # 1504
55536 # 1504
55536 # 1504
55536 # 1504
55536 # 1504
55536 # 1504
55742 + 92
57036 # 1504
57036 - 92 1294
57036 # 1504
57036 # 1504
57036 # 1504
57036 # 1504
57036 # 1504
57036 # 1504
57036 # 1504
57036 # 1504
57036 # 1504
57036 # 1504
57036 # 1504
57036 # 1504
57036 # 1504
57036 # 1504
57036 # 1504
57036 # 1504
57036 # 1504
57036 # 1504
57036 # 1504
57036 # 1504
57036 # 1504
57036 # 1504
57036 # 1504
57036 # 1504
57036 # 1504
57036 # 1504
57036 # 1504
57036 # 1504
57036 # 1504
57036 # 1504
57036 # 1504
57036 # 1504
57036 # 1504
57036 # 1504
57036 # 1504
57036 # 1504
57036 # 1504
57036 # 1504
57036 # 1504
57036 # 1504
57036 # 1504
57036 # 1504
57036 # 1504
57036 # 1504
57036 # 1504
57036 # 1504
57036 # 1504
57036 # 1504
57036 # 1504
57036 # 1504
57036 # 1504
57036 # 1504
57036 # 1504
57036 # 1504
57036 # 1504
57036 # 1504
57036 # 1504
57036 # 1504
57036 # 1504
57036 # 1504
57036 # 1504
57036 # 1504
57036 # 1504
57036 # 1504
57036 # 1504
57036 # 1504
57036 # 1504
57036 # 1504
57036 # 1504
57036 # 1504
57036 # 1504
57036 # 1504
57036 # 1504
57036 # 1504
57036 # 1504
57036 # 1504
57036 # 1504
57036 # 1504
57036 # 1504
57036 # 1504
57036 # 1504
57036 # 1504
57244 + 92
57244 + 92
57244 + 92
57244 + 92
57244 + 92
57244 + 92
57244 + 92
57244 + 92
57244 + 92
57244 + 92
57244 + 92
57244 + 92
57244 + 92
57244 + 92
57244 + 92
57244 + 92
57244 + 92
57244 + 92
57244 + 92
57244 + 92
57244 + 92
57246 + 92
57246 + 92
57246 + 92
57246 + 92
57246 + 92
57246 + 92
57246 + 92
57246 + 92
57246 + 92
57246 + 92
57246 + 92
58536 # 1504
58536 - 92 1292
58536 - 92 1292
58536 - 92 1292
58536 - 92 1292
58536 - 92 1292
58536 - 92 1292
58536 - 92 1292
58536 - 92 1292
58536 - 92 1292
58536 - 92 1292
58536 - 92 1292
58536 - 92 1292
58536 - 92 1292
58536 - 92 1292
58536 - 92 1292
58536 - 92 1292
58536 # 1504
58536 - 92 1292
58536 - 92 1292
58536 - 92 1292
58536 - 92 1292
58536 - 92 1292
58536 - 92 1290
58536 - 92 1290
58536 - 92 1290
58536 - 92 1290
58536 - 92 1290
58536 - 92 1290
58536 - 92 1290
58536 - 92 1290
58536 - 92 1290
58536 - 92 1290
58536 - 92 1290
58536 # 1504
58536 # 1504
58536 # 1504
58536 # 1504
58536 # 1504
58536 # 1504
58536 # 1504
58536 # 1504
58536 # 1504
58536 # 1504
58536 # 1504
58536 # 1504
58536 # 1504
58536 # 1504
58536 # 1504
58536 # 1504
58536 # 1504
58536 # 1504
58536 # 1504
58536 # 1504
58536 # 1504
58536 # 1504
58536 # 1504
58536 # 1504
58536 # 1504
58536 # 1504
58536 # 1504
58536 # 1504
58536 # 1504
58536 # 1504
58536 # 1504
58536 # 1504
58536 # 1504
58536 # 1504
58536 # 1504
58536 # 1504
58536 # 1504
58536 # 1504
58536 # 1504
58536 # 1504
58536 # 1504
58536 # 1504
58536 # 1504
58536 # 1504
58536 # 1504
58536 # 1504
58536 # 1504
58536 # 1504
58536 # 1504
58536 # 1504
58536 # 1504
58536 # 1504
58536 # 1504
58536 # 1504
58536 # 1504
58536 # 1504
58536 # 1504
58536 # 1504
58536 # 1504
58536 # 1504
58536 # 1504
58536 # 1504
58536 # 1504
58536 # 1504
58536 # 1504
58536 # 1504
58536 # 1504
58536 # 1504
58536 # 1504
58536 # 1504
58536 # 1504
58536 # 1504
58536 # 1504
58536 # 1504
58536 # 1504
58536 # 1504
58536 # 1504
58536 # 1504
58536 # 1504
58536 # 1504
58536 # 1504
58745 + 92
58745 + 92
58745 + 92
58745 + 92
58745 + 92
58745 + 92
58745 + 92
58745 + 92
58745 + 92
58745 + 92
58745 + 92
58745 + 92
58745 + 92
58745 + 92
58745 + 92
58745 + 92
58745 + 92
58745 + 92
58745 + 92
58745 + 92
58745 + 92
58745 + 92
58745 + 92
58745 + 92
58745 + 92
58745 + 92
58745 + 92
58745 + 92
58745 + 92
58746 + 92
58746 + 92
58746 + 92
58746 + 92
58746 + 92
58746 + 92
58746 + 92
58746 + 92
58746 + 92
58746 + 92
58746 + 92
58746 + 92
58789 + 92
60036 # 1504
60036 - 92 1291
60036 - 92 1291
60036 - 92 1291
60036 - 92 1291
60036 - 92 1291
60036 - 92 1291
60036 - 92 1291
60036 - 92 1291
60036 - 92 1291
60036 - 92 1291
60036 - 92 1291
60036 - 92 1291
60036 - 92 1291
60036 - 92 1291
60036 - 92 1291
60036 - 92 1291
60036 # 1504
60036 - 92 1291
60036 - 92 1291
60036 - 92 1291
60036 - 92 1291
60036 - 92 1291
60036 - 92 1291
60036 - 92 1291
60036 - 92 1291
60036 - 92 1291
60036 - 92 1291
60036 - 92 1291
60036 - 92 1291
60036 - 92 1291
60036 - 92 1290
60036 - 92 1290
60036 - 92 1290
60036 # 1504
60036 - 92 1290
60036 - 92 1290
60036 - 92 1290
60036 - 92 1290
60036 - 92 1290
60036 - 92 1290
60036 - 92 1290
60036 - 92 1290
60036 - 92 1290
60036 - 92 1247
60036 # 1504
60036 # 1504
60036 # 1504
60036 # 1504
60036 # 1504
60036 # 1504
60036 # 1504
60036 # 1504
60036 # 1504
60036 # 1504
60036 # 1504
60036 # 1504
60036 # 1504
60036 # 1504
60036 # 1504
60036 # 1504
60036 # 1504
60036 # 1504
60036 # 1504
60036 # 1504
60036 # 1504
60036 # 1504
60036 # 1504
60036 # 1504
60036 # 1504
60036 # 1504
60036 # 1504
60036 # 1504
60036 # 1504
60036 # 1504
60036 # 1504
60036 # 1504
60036 # 1504
60036 # 1504
60036 # 1504
60036 # 1504
60036 # 1504
60036 # 1504
60036 # 1504
60036 # 1504
60036 # 1504
60036 # 1504
60036 # 1504
60036 # 1504
60036 # 1504
60036 # 1504
60036 # 1504
60036 # 1504
60036 # 1504
60036 # 1504
60036 # 1504
60036 # 1504
60036 # 1504
60036 # 1504
60036 # 1504
60036 # 1504
60036 # 1504
60036 # 1504
60036 # 1504
60036 # 1504
60036 # 1504
60036 # 1504
60036 # 1504
60036 # 1504
60036 # 1504
60036 # 1504
60036 # 1504
60036 # 1504
60036 # 1504
60036 # 1504
60036 # 1504
60036 # 1504
60036 # 1504
60036 # 1504
60036 # 1504
60036 # 1504
60036 # 1504
60036 # 1504
60036 # 1504
60036 # 1504
60243 + 92
60243 + 92
60243 + 92
60243 + 92
60243 + 92
60243 + 92
60243 + 92
60243 + 92
60243 + 92
60243 + 92
60243 + 92
60243 + 92
60243 + 92
60243 + 92
60243 + 92
60243 + 92
60243 + 92
60243 + 92
60243 + 92
60243 + 92
60243 + 92
60243 + 92
60243 + 92
60243 + 92
60243 + 92
60243 + 92
60243 + 92
60243 + 92
60243 + 92
60243 + 92
60243 + 92
60243 + 92
60243 + 92
60243 + 92
60243 + 92
60243 + 92
60243 + 92
60243 + 92
60243 + 92
60243 + 92
60243 + 92
60243 + 92
61536 # 1504
61536 - 92 1293
61536 - 92 1293
61536 - 92 1293
61536 - 92 1293
61536 - 92 1293
61536 - 92 1293
61536 - 92 1293
61536 - 92 1293
61536 - 92 1293
61536 - 92 1293
61536 - 92 1293
61536 - 92 1293
61536 - 92 1293
61536 - 92 1293
61536 - 92 1293
61536 - 92 1293
61536 # 1504
61536 - 92 1293
61536 - 92 1293
61536 - 92 1293
61536 - 92 1293
61536 - 92 1293
61536 - 92 1293
61536 - 92 1293
61536 - 92 1293
61536 - 92 1293
61536 - 92 1293
61536 - 92 1293
61536 - 92 1293
61536 - 92 1293
61536 - 92 1293
61536 - 92 1293
61536 - 92 1293
61536 # 1504
61536 - 92 1293
61536 - 92 1293
61536 - 92 1293
61536 - 92 1293
61536 - 92 1293
61536 - 92 1293
61536 - 92 1293
61536 - 92 1293
61536 - 92 1293
61536 - 92 1293
61536 # 1504
61536 # 1504
61536 # 1504
61536 # 1504
61536 # 1504
61536 # 1504
61536 # 1504
61536 # 1504
61536 # 1504
61536 # 1504
61536 # 1504
61536 # 1504
61536 # 1504
61536 # 1504
61536 # 1504
61536 # 1504
61536 # 1504
61536 # 1504
61536 # 1504
61536 # 1504
61536 # 1504
61536 # 1504
61536 # 1504
61536 # 1504
61536 # 1504
61536 # 1504
61536 # 1504
61536 # 1504
61536 # 1504
61536 # 1504
61536 # 1504
61536 # 1504
61536 # 1504
61536 # 1504
61536 # 1504
61536 # 1504
61536 # 1504
61536 # 1504
61536 # 1504
61536 # 1504
61536 # 1504
61536 # 1504
61536 # 1504
61536 # 1504
61536 # 1504
61536 # 1504
61536 # 1504
61536 # 1504
61536 # 1504
61536 # 1504
61536 # 1504
61536 # 1504
61536 # 1504
61536 # 1504
61536 # 1504
61536 # 1504
61536 # 1504
61536 # 1504
61536 # 1504
61536 # 1504
61536 # 1504
61536 # 1504
61536 # 1504
61536 # 1504
61536 # 1504
61536 # 1504
61536 # 1504
61536 # 1504
61536 # 1504
61536 # 1504
61536 # 1504
61536 # 1504
61536 # 1504
61536 # 1504
61536 # 1504
61536 # 1504
61536 # 1504
61536 # 1504
61536 # 1504
61536 # 1504
61742 + 92
61742 + 92
61742 + 92
61742 + 92
61742 + 92
61742 + 92
61742 + 92
61742 + 92
61742 + 92
61742 + 92
61744 + 92
61744 + 92
61744 + 92
61744 + 92
61756 + 92
61756 + 92
61759 + 92
61759 + 92
61759 + 92
62534 + 52
63036 # 1504
63036 - 92 1294
63036 - 92 1294
63036 - 92 1294
63036 - 92 1294
63036 - 92 1294
63036 - 92 1294
63036 - 92 1294
63036 - 92 1294
63036 - 92 1294
63036 - 92 1294
63036 - 92 1292
63036 - 92 1292
63036 - 92 1292
63036 - 92 1292
63036 - 92 1280
63036 - 92 1280
63036 # 1504
63036 - 92 1277
63036 - 92 1277
63036 - 92 1277
63036 - 52 502
63036 # 1504
63036 # 1504
63036 # 1504
63036 # 1504
63036 # 1504
63036 # 1504
63036 # 1504
63036 # 1504
63036 # 1504
63036 # 1504
63036 # 1504
63036 # 1504
63036 # 1504
63036 # 1504
63036 # 1504
63036 # 1504
63036 # 1504
63036 # 1504
63036 # 1504
63036 # 1504
63036 # 1504
63036 # 1504
63036 # 1504
63036 # 1504
63036 # 1504
63036 # 1504
63036 # 1504
63036 # 1504
63036 # 1504
63036 # 1504
63036 # 1504
63036 # 1504
63036 # 1504
63036 # 1504
63036 # 1504
63036 # 1504
63036 # 1504
63036 # 1504
63036 # 1504
63036 # 1504
63036 # 1504
63036 # 1504
63036 # 1504
63036 # 1504
63036 # 1504
63036 # 1504
63036 # 1504
63036 # 1504
63036 # 1504
63036 # 1504
63036 # 1504
63036 # 1504
63036 # 1504
63036 # 1504
63036 # 1504
63036 # 1504
63036 # 1504
63036 # 1504
63036 # 1504
63036 # 1504
63036 # 1504
63036 # 1504
63036 # 1504
63036 # 1504
63036 # 1504
63036 # 1504
63036 # 1504
63036 # 1504
63036 # 1504
63036 # 1504
63036 # 1504
63036 # 1504
63036 # 1504
63036 # 1504
63036 # 1504
63036 # 1504
63036 # 1504
63036 # 1504
63036 # 1504
63036 # 1504
63036 # 1504
63240 + 92
63240 + 92
63242 + 92
63242 + 92
63242 + 92
63242 + 92
63242 + 92
63242 + 92
63242 + 92
63242 + 92
63242 + 92
63242 + 92
63242 + 92
63242 + 92
64536 # 1504
64536 - 92 1296
64536 - 92 1296
64536 - 92 1294
64536 - 92 1294
64536 - 92 1294
64536 - 92 1294
64536 - 92 1294
64536 - 92 1294
64536 - 92 1294
64536 - 92 1294
64536 - 92 1294
64536 - 92 1294
64536 - 92 1294
64536 - 92 1294
64536 # 1504
64536 # 1504
64536 # 1504
64536 # 1504
64536 # 1504
64536 # 1504
64536 # 1504
64536 # 1504
64536 # 1504
64536 # 1504
64536 # 1504
64536 # 1504
64536 # 1504
64536 # 1504
64536 # 1504
64536 # 1504
64536 # 1504
64536 # 1504
64536 # 1504
64536 # 1504
64536 # 1504
64536 # 1504
64536 # 1504
64536 # 1504
64536 # 1504
64536 # 1504
64536 # 1504
64536 # 1504
64536 # 1504
64536 # 1504
64536 # 1504
64536 # 1504
64536 # 1504
64536 # 1504
64536 # 1504
64536 # 1504
64536 # 1504
64536 # 1504
64536 # 1504
64536 # 1504
64536 # 1504
64536 # 1504
64536 # 1504
64536 # 1504
64536 # 1504
64536 # 1504
64536 # 1504
64536 # 1504
64536 # 1504
64536 # 1504
64536 # 1504
64536 # 1504
64536 # 1504
64536 # 1504
64536 # 1504
64536 # 1504
64536 # 1504
64536 # 1504
64536 # 1504
64536 # 1504
64536 # 1504
64536 # 1504
64536 # 1504
64536 # 1504
64536 # 1504
64536 # 1504
64536 # 1504
64536 # 1504
64536 # 1504
64536 # 1504
64536 # 1504
64536 # 1504
64536 # 1504
64536 # 1504
64536 # 1504
64536 # 1504
64536 # 1504
64536 # 1504
64536 # 1504
64536 # 1504
64536 # 1504
64536 # 1504
64742 + 92
64742 + 92
64742 + 92
64742 + 92
64742 + 92
64742 + 92
64742 + 92
64742 + 92
64742 + 92
64742 + 92
64742 + 92
64742 + 92
64742 + 92
64742 + 92
64742 + 92
64742 + 92
64742 + 92
64742 + 92
64742 + 92
64742 + 92
64742 + 92
66036 # 1504
66036 - 92 1294
66036 - 92 1294
66036 - 92 1294
66036 - 92 1294
66036 - 92 1294
66036 - 92 1294
66036 - 92 1294
66036 - 92 1294
66036 - 92 1294
66036 - 92 1294
66036 - 92 1294
66036 - 92 1294
66036 - 92 1294
66036 - 92 1294
66036 - 92 1294
66036 - 92 1294
66036 # 1504
66036 - 92 1294
66036 - 92 1294
66036 - 92 1294
66036 - 92 1294
66036 - 92 1294
66036 # 1504
66036 # 1504
66036 # 1504
66036 # 1504
66036 # 1504
66036 # 1504
66036 # 1504
66036 # 1504
66036 # 1504
66036 # 1504
66036 # 1504
66036 # 1504
66036 # 1504
66036 # 1504
66036 # 1504
66036 # 1504
66036 # 1504
66036 # 1504
66036 # 1504
66036 # 1504
66036 # 1504
66036 # 1504
66036 # 1504
66036 # 1504
66036 # 1504
66036 # 1504
66036 # 1504
66036 # 1504
66036 # 1504
66036 # 1504
66036 # 1504
66036 # 1504
66036 # 1504
66036 # 1504
66036 # 1504
66036 # 1504
66036 # 1504
66036 # 1504
66036 # 1504
66036 # 1504
66036 # 1504
66036 # 1504
66036 # 1504
66036 # 1504
66036 # 1504
66036 # 1504
66036 # 1504
66036 # 1504
66036 # 1504
66036 # 1504
66036 # 1504
66036 # 1504
66036 # 1504
66036 # 1504
66036 # 1504
66036 # 1504
66036 # 1504
66036 # 1504
66036 # 1504
66036 # 1504
66036 # 1504
66036 # 1504
66036 # 1504
66036 # 1504
66036 # 1504
66036 # 1504
66036 # 1504
66036 # 1504
66036 # 1504
66036 # 1504
66036 # 1504
66036 # 1504
66036 # 1504
66036 # 1504
66036 # 1504
66036 # 1504
66036 # 1504
66036 # 1504
66036 # 1504
66036 # 1504
66036 # 1504
