# mahimahi mm-link (Downlink) [/tmp/traces/1mbps.trace] > /home/rohit/pantheon/src/experiments/rohitfiles_1mbps_200ms/cubic_mm_acklink_run1.log
# command line: 'mm-link' '/tmp/traces/1mbps.trace' '/tmp/traces/1mbps.trace' '--uplink-log=/home/rohit/pantheon/src/experiments/rohitfiles_1mbps_200ms/cubic_mm_datalink_run1.log' '--downlink-log=/home/rohit/pantheon/src/experiments/rohitfiles_1mbps_200ms/cubic_mm_acklink_run1.log' '--uplink-queue=droptail' '--downlink-queue=droptail' '--uplink-queue-args=packets=500' '--downlink-queue-args=packets=500' 'python' '/home/rohit/pantheon/src/experiments/tunnel_manager.py'
# queue: droptail [packets=500]
# init timestamp: 1744868768127
# base timestamp: 37
# mahimahi config: [delay 100 ms] 
38 + 80
38 + 52
38 + 80
226 + 80
290 + 80
1537 # 1504
1537 - 80 1499
1537 - 52 1499
1537 - 80 1499
1537 - 80 1311
1537 - 80 1247
1537 # 1504
1537 # 1504
1537 # 1504
1537 # 1504
1537 # 1504
1537 # 1504
1537 # 1504
1537 # 1504
1537 # 1504
1537 # 1504
1537 # 1504
1537 # 1504
1537 # 1504
1537 # 1504
1537 # 1504
1537 # 1504
1537 # 1504
1537 # 1504
1537 # 1504
1537 # 1504
1537 # 1504
1537 # 1504
1537 # 1504
1537 # 1504
1537 # 1504
1537 # 1504
1537 # 1504
1537 # 1504
1537 # 1504
1537 # 1504
1537 # 1504
1537 # 1504
1537 # 1504
1537 # 1504
1537 # 1504
1537 # 1504
1537 # 1504
1537 # 1504
1537 # 1504
1537 # 1504
1537 # 1504
1537 # 1504
1537 # 1504
1537 # 1504
1537 # 1504
1537 # 1504
1537 # 1504
1537 # 1504
1537 # 1504
1537 # 1504
1537 # 1504
1537 # 1504
1537 # 1504
1537 # 1504
1537 # 1504
1537 # 1504
1537 # 1504
1537 # 1504
1537 # 1504
1537 # 1504
1537 # 1504
1537 # 1504
1537 # 1504
1537 # 1504
1537 # 1504
1537 # 1504
1537 # 1504
1537 # 1504
1537 # 1504
1537 # 1504
1537 # 1504
1537 # 1504
1537 # 1504
1537 # 1504
1537 # 1504
1537 # 1504
1537 # 1504
1537 # 1504
1537 # 1504
1537 # 1504
1537 # 1504
1537 # 1504
1739 + 40
1744 + 40
3037 # 1504
3037 - 40 1298
3037 - 40 1293
3037 # 1504
3037 # 1504
3037 # 1504
3037 # 1504
3037 # 1504
3037 # 1504
3037 # 1504
3037 # 1504
3037 # 1504
3037 # 1504
3037 # 1504
3037 # 1504
3037 # 1504
3037 # 1504
3037 # 1504
3037 # 1504
3037 # 1504
3037 # 1504
3037 # 1504
3037 # 1504
3037 # 1504
3037 # 1504
3037 # 1504
3037 # 1504
3037 # 1504
3037 # 1504
3037 # 1504
3037 # 1504
3037 # 1504
3037 # 1504
3037 # 1504
3037 # 1504
3037 # 1504
3037 # 1504
3037 # 1504
3037 # 1504
3037 # 1504
3037 # 1504
3037 # 1504
3037 # 1504
3037 # 1504
3037 # 1504
3037 # 1504
3037 # 1504
3037 # 1504
3037 # 1504
3037 # 1504
3037 # 1504
3037 # 1504
3037 # 1504
3037 # 1504
3037 # 1504
3037 # 1504
3037 # 1504
3037 # 1504
3037 # 1504
3037 # 1504
3037 # 1504
3037 # 1504
3037 # 1504
3037 # 1504
3037 # 1504
3037 # 1504
3037 # 1504
3037 # 1504
3037 # 1504
3037 # 1504
3037 # 1504
3037 # 1504
3037 # 1504
3037 # 1504
3037 # 1504
3037 # 1504
3037 # 1504
3037 # 1504
3037 # 1504
3037 # 1504
3037 # 1504
3037 # 1504
3037 # 1504
3037 # 1504
3037 # 1504
3244 + 40
3682 + 52
4537 # 1504
4537 - 40 1293
4537 - 52 855
4537 # 1504
4537 # 1504
4537 # 1504
4537 # 1504
4537 # 1504
4537 # 1504
4537 # 1504
4537 # 1504
4537 # 1504
4537 # 1504
4537 # 1504
4537 # 1504
4537 # 1504
4537 # 1504
4537 # 1504
4537 # 1504
4537 # 1504
4537 # 1504
4537 # 1504
4537 # 1504
4537 # 1504
4537 # 1504
4537 # 1504
4537 # 1504
4537 # 1504
4537 # 1504
4537 # 1504
4537 # 1504
4537 # 1504
4537 # 1504
4537 # 1504
4537 # 1504
4537 # 1504
4537 # 1504
4537 # 1504
4537 # 1504
4537 # 1504
4537 # 1504
4537 # 1504
4537 # 1504
4537 # 1504
4537 # 1504
4537 # 1504
4537 # 1504
4537 # 1504
4537 # 1504
4537 # 1504
4537 # 1504
4537 # 1504
4537 # 1504
4537 # 1504
4537 # 1504
4537 # 1504
4537 # 1504
4537 # 1504
4537 # 1504
4537 # 1504
4537 # 1504
4537 # 1504
4537 # 1504
4537 # 1504
4537 # 1504
4537 # 1504
4537 # 1504
4537 # 1504
4537 # 1504
4537 # 1504
4537 # 1504
4537 # 1504
4537 # 1504
4537 # 1504
4537 # 1504
4537 # 1504
4537 # 1504
4537 # 1504
4537 # 1504
4537 # 1504
4537 # 1504
4537 # 1504
4537 # 1504
4537 # 1504
4537 # 1504
6037 # 1504
6037 # 1504
6037 # 1504
6037 # 1504
6037 # 1504
6037 # 1504
6037 # 1504
6037 # 1504
6037 # 1504
6037 # 1504
6037 # 1504
6037 # 1504
6037 # 1504
6037 # 1504
6037 # 1504
6037 # 1504
6037 # 1504
6037 # 1504
6037 # 1504
6037 # 1504
6037 # 1504
6037 # 1504
6037 # 1504
6037 # 1504
6037 # 1504
6037 # 1504
6037 # 1504
6037 # 1504
6037 # 1504
6037 # 1504
6037 # 1504
6037 # 1504
6037 # 1504
6037 # 1504
6037 # 1504
6037 # 1504
6037 # 1504
6037 # 1504
6037 # 1504
6037 # 1504
6037 # 1504
6037 # 1504
6037 # 1504
6037 # 1504
6037 # 1504
6037 # 1504
6037 # 1504
6037 # 1504
6037 # 1504
6037 # 1504
6037 # 1504
6037 # 1504
6037 # 1504
6037 # 1504
6037 # 1504
6037 # 1504
6037 # 1504
6037 # 1504
6037 # 1504
6037 # 1504
6037 # 1504
6037 # 1504
6037 # 1504
6037 # 1504
6037 # 1504
6037 # 1504
6037 # 1504
6037 # 1504
6037 # 1504
6037 # 1504
6037 # 1504
6037 # 1504
6037 # 1504
6037 # 1504
6037 # 1504
6037 # 1504
6037 # 1504
6037 # 1504
6037 # 1504
6037 # 1504
6037 # 1504
6037 # 1504
6037 # 1504
7537 # 1504
7537 # 1504
7537 # 1504
7537 # 1504
7537 # 1504
7537 # 1504
7537 # 1504
7537 # 1504
7537 # 1504
7537 # 1504
7537 # 1504
7537 # 1504
7537 # 1504
7537 # 1504
7537 # 1504
7537 # 1504
7537 # 1504
7537 # 1504
7537 # 1504
7537 # 1504
7537 # 1504
7537 # 1504
7537 # 1504
7537 # 1504
7537 # 1504
7537 # 1504
7537 # 1504
7537 # 1504
7537 # 1504
7537 # 1504
7537 # 1504
7537 # 1504
7537 # 1504
7537 # 1504
7537 # 1504
7537 # 1504
7537 # 1504
7537 # 1504
7537 # 1504
7537 # 1504
7537 # 1504
7537 # 1504
7537 # 1504
7537 # 1504
7537 # 1504
7537 # 1504
7537 # 1504
7537 # 1504
7537 # 1504
7537 # 1504
7537 # 1504
7537 # 1504
7537 # 1504
7537 # 1504
7537 # 1504
7537 # 1504
7537 # 1504
7537 # 1504
7537 # 1504
7537 # 1504
7537 # 1504
7537 # 1504
7537 # 1504
7537 # 1504
7537 # 1504
7537 # 1504
7537 # 1504
7537 # 1504
7537 # 1504
7537 # 1504
7537 # 1504
7537 # 1504
7537 # 1504
7537 # 1504
7537 # 1504
7537 # 1504
7537 # 1504
7537 # 1504
7537 # 1504
7537 # 1504
7537 # 1504
7537 # 1504
7537 # 1504
7828 + 100
7828 + 100
8840 + 100
9037 # 1504
9037 - 100 1209
9037 - 100 1209
9037 - 100 197
9037 # 1504
9037 # 1504
9037 # 1504
9037 # 1504
9037 # 1504
9037 # 1504
9037 # 1504
9037 # 1504
9037 # 1504
9037 # 1504
9037 # 1504
9037 # 1504
9037 # 1504
9037 # 1504
9037 # 1504
9037 # 1504
9037 # 1504
9037 # 1504
9037 # 1504
9037 # 1504
9037 # 1504
9037 # 1504
9037 # 1504
9037 # 1504
9037 # 1504
9037 # 1504
9037 # 1504
9037 # 1504
9037 # 1504
9037 # 1504
9037 # 1504
9037 # 1504
9037 # 1504
9037 # 1504
9037 # 1504
9037 # 1504
9037 # 1504
9037 # 1504
9037 # 1504
9037 # 1504
9037 # 1504
9037 # 1504
9037 # 1504
9037 # 1504
9037 # 1504
9037 # 1504
9037 # 1504
9037 # 1504
9037 # 1504
9037 # 1504
9037 # 1504
9037 # 1504
9037 # 1504
9037 # 1504
9037 # 1504
9037 # 1504
9037 # 1504
9037 # 1504
9037 # 1504
9037 # 1504
9037 # 1504
9037 # 1504
9037 # 1504
9037 # 1504
9037 # 1504
9037 # 1504
9037 # 1504
9037 # 1504
9037 # 1504
9037 # 1504
9037 # 1504
9037 # 1504
9037 # 1504
9037 # 1504
9037 # 1504
9037 # 1504
9037 # 1504
9037 # 1504
9037 # 1504
9037 # 1504
9037 # 1504
9037 # 1504
10537 # 1504
10537 # 1504
10537 # 1504
10537 # 1504
10537 # 1504
10537 # 1504
10537 # 1504
10537 # 1504
10537 # 1504
10537 # 1504
10537 # 1504
10537 # 1504
10537 # 1504
10537 # 1504
10537 # 1504
10537 # 1504
10537 # 1504
10537 # 1504
10537 # 1504
10537 # 1504
10537 # 1504
10537 # 1504
10537 # 1504
10537 # 1504
10537 # 1504
10537 # 1504
10537 # 1504
10537 # 1504
10537 # 1504
10537 # 1504
10537 # 1504
10537 # 1504
10537 # 1504
10537 # 1504
10537 # 1504
10537 # 1504
10537 # 1504
10537 # 1504
10537 # 1504
10537 # 1504
10537 # 1504
10537 # 1504
10537 # 1504
10537 # 1504
10537 # 1504
10537 # 1504
10537 # 1504
10537 # 1504
10537 # 1504
10537 # 1504
10537 # 1504
10537 # 1504
10537 # 1504
10537 # 1504
10537 # 1504
10537 # 1504
10537 # 1504
10537 # 1504
10537 # 1504
10537 # 1504
10537 # 1504
10537 # 1504
10537 # 1504
10537 # 1504
10537 # 1504
10537 # 1504
10537 # 1504
10537 # 1504
10537 # 1504
10537 # 1504
10537 # 1504
10537 # 1504
10537 # 1504
10537 # 1504
10537 # 1504
10537 # 1504
10537 # 1504
10537 # 1504
10537 # 1504
10537 # 1504
10537 # 1504
10537 # 1504
10537 # 1504
10744 + 92
10744 + 92
10744 + 92
10744 + 92
10744 + 92
10744 + 92
10744 + 92
10744 + 92
10744 + 92
10744 + 92
11361 + 52
12037 # 1504
12037 - 92 1293
12037 - 92 1293
12037 - 92 1293
12037 - 92 1293
12037 - 92 1293
12037 - 92 1293
12037 - 92 1293
12037 - 92 1293
12037 - 92 1293
12037 - 92 1293
12037 - 52 676
12037 # 1504
12037 # 1504
12037 # 1504
12037 # 1504
12037 # 1504
12037 # 1504
12037 # 1504
12037 # 1504
12037 # 1504
12037 # 1504
12037 # 1504
12037 # 1504
12037 # 1504
12037 # 1504
12037 # 1504
12037 # 1504
12037 # 1504
12037 # 1504
12037 # 1504
12037 # 1504
12037 # 1504
12037 # 1504
12037 # 1504
12037 # 1504
12037 # 1504
12037 # 1504
12037 # 1504
12037 # 1504
12037 # 1504
12037 # 1504
12037 # 1504
12037 # 1504
12037 # 1504
12037 # 1504
12037 # 1504
12037 # 1504
12037 # 1504
12037 # 1504
12037 # 1504
12037 # 1504
12037 # 1504
12037 # 1504
12037 # 1504
12037 # 1504
12037 # 1504
12037 # 1504
12037 # 1504
12037 # 1504
12037 # 1504
12037 # 1504
12037 # 1504
12037 # 1504
12037 # 1504
12037 # 1504
12037 # 1504
12037 # 1504
12037 # 1504
12037 # 1504
12037 # 1504
12037 # 1504
12037 # 1504
12037 # 1504
12037 # 1504
12037 # 1504
12037 # 1504
12037 # 1504
12037 # 1504
12037 # 1504
12037 # 1504
12037 # 1504
12037 # 1504
12037 # 1504
12037 # 1504
12037 # 1504
12037 # 1504
12037 # 1504
12037 # 1504
12037 # 1504
12037 # 1504
12037 # 1504
12037 # 1504
12037 # 1504
13537 # 1504
13537 # 1504
13537 # 1504
13537 # 1504
13537 # 1504
13537 # 1504
13537 # 1504
13537 # 1504
13537 # 1504
13537 # 1504
13537 # 1504
13537 # 1504
13537 # 1504
13537 # 1504
13537 # 1504
13537 # 1504
13537 # 1504
13537 # 1504
13537 # 1504
13537 # 1504
13537 # 1504
13537 # 1504
13537 # 1504
13537 # 1504
13537 # 1504
13537 # 1504
13537 # 1504
13537 # 1504
13537 # 1504
13537 # 1504
13537 # 1504
13537 # 1504
13537 # 1504
13537 # 1504
13537 # 1504
13537 # 1504
13537 # 1504
13537 # 1504
13537 # 1504
13537 # 1504
13537 # 1504
13537 # 1504
13537 # 1504
13537 # 1504
13537 # 1504
13537 # 1504
13537 # 1504
13537 # 1504
13537 # 1504
13537 # 1504
13537 # 1504
13537 # 1504
13537 # 1504
13537 # 1504
13537 # 1504
13537 # 1504
13537 # 1504
13537 # 1504
13537 # 1504
13537 # 1504
13537 # 1504
13537 # 1504
13537 # 1504
13537 # 1504
13537 # 1504
13537 # 1504
13537 # 1504
13537 # 1504
13537 # 1504
13537 # 1504
13537 # 1504
13537 # 1504
13537 # 1504
13537 # 1504
13537 # 1504
13537 # 1504
13537 # 1504
13537 # 1504
13537 # 1504
13537 # 1504
13537 # 1504
13537 # 1504
13537 # 1504
13742 + 92
13742 + 92
13742 + 92
13742 + 92
13742 + 92
13742 + 92
13742 + 92
15037 # 1504
15037 - 92 1295
15037 - 92 1295
15037 - 92 1295
15037 - 92 1295
15037 - 92 1295
15037 - 92 1295
15037 - 92 1295
15037 # 1504
15037 # 1504
15037 # 1504
15037 # 1504
15037 # 1504
15037 # 1504
15037 # 1504
15037 # 1504
15037 # 1504
15037 # 1504
15037 # 1504
15037 # 1504
15037 # 1504
15037 # 1504
15037 # 1504
15037 # 1504
15037 # 1504
15037 # 1504
15037 # 1504
15037 # 1504
15037 # 1504
15037 # 1504
15037 # 1504
15037 # 1504
15037 # 1504
15037 # 1504
15037 # 1504
15037 # 1504
15037 # 1504
15037 # 1504
15037 # 1504
15037 # 1504
15037 # 1504
15037 # 1504
15037 # 1504
15037 # 1504
15037 # 1504
15037 # 1504
15037 # 1504
15037 # 1504
15037 # 1504
15037 # 1504
15037 # 1504
15037 # 1504
15037 # 1504
15037 # 1504
15037 # 1504
15037 # 1504
15037 # 1504
15037 # 1504
15037 # 1504
15037 # 1504
15037 # 1504
15037 # 1504
15037 # 1504
15037 # 1504
15037 # 1504
15037 # 1504
15037 # 1504
15037 # 1504
15037 # 1504
15037 # 1504
15037 # 1504
15037 # 1504
15037 # 1504
15037 # 1504
15037 # 1504
15037 # 1504
15037 # 1504
15037 # 1504
15037 # 1504
15037 # 1504
15037 # 1504
15037 # 1504
15037 # 1504
15037 # 1504
15037 # 1504
15037 # 1504
15037 # 1504
15037 # 1504
15037 # 1504
15037 # 1504
16537 # 1504
16537 # 1504
16537 # 1504
16537 # 1504
16537 # 1504
16537 # 1504
16537 # 1504
16537 # 1504
16537 # 1504
16537 # 1504
16537 # 1504
16537 # 1504
16537 # 1504
16537 # 1504
16537 # 1504
16537 # 1504
16537 # 1504
16537 # 1504
16537 # 1504
16537 # 1504
16537 # 1504
16537 # 1504
16537 # 1504
16537 # 1504
16537 # 1504
16537 # 1504
16537 # 1504
16537 # 1504
16537 # 1504
16537 # 1504
16537 # 1504
16537 # 1504
16537 # 1504
16537 # 1504
16537 # 1504
16537 # 1504
16537 # 1504
16537 # 1504
16537 # 1504
16537 # 1504
16537 # 1504
16537 # 1504
16537 # 1504
16537 # 1504
16537 # 1504
16537 # 1504
16537 # 1504
16537 # 1504
16537 # 1504
16537 # 1504
16537 # 1504
16537 # 1504
16537 # 1504
16537 # 1504
16537 # 1504
16537 # 1504
16537 # 1504
16537 # 1504
16537 # 1504
16537 # 1504
16537 # 1504
16537 # 1504
16537 # 1504
16537 # 1504
16537 # 1504
16537 # 1504
16537 # 1504
16537 # 1504
16537 # 1504
16537 # 1504
16537 # 1504
16537 # 1504
16537 # 1504
16537 # 1504
16537 # 1504
16537 # 1504
16537 # 1504
16537 # 1504
16537 # 1504
16537 # 1504
16537 # 1504
16537 # 1504
16537 # 1504
16749 + 92
16749 + 92
16749 + 92
16749 + 92
16749 + 92
16749 + 92
16749 + 92
16749 + 92
16749 + 92
16749 + 92
16749 + 92
16749 + 92
18037 # 1504
18037 - 92 1288
18037 - 92 1288
18037 - 92 1288
18037 - 92 1288
18037 - 92 1288
18037 - 92 1288
18037 - 92 1288
18037 - 92 1288
18037 - 92 1288
18037 - 92 1288
18037 - 92 1288
18037 - 92 1288
18037 # 1504
18037 # 1504
18037 # 1504
18037 # 1504
18037 # 1504
18037 # 1504
18037 # 1504
18037 # 1504
18037 # 1504
18037 # 1504
18037 # 1504
18037 # 1504
18037 # 1504
18037 # 1504
18037 # 1504
18037 # 1504
18037 # 1504
18037 # 1504
18037 # 1504
18037 # 1504
18037 # 1504
18037 # 1504
18037 # 1504
18037 # 1504
18037 # 1504
18037 # 1504
18037 # 1504
18037 # 1504
18037 # 1504
18037 # 1504
18037 # 1504
18037 # 1504
18037 # 1504
18037 # 1504
18037 # 1504
18037 # 1504
18037 # 1504
18037 # 1504
18037 # 1504
18037 # 1504
18037 # 1504
18037 # 1504
18037 # 1504
18037 # 1504
18037 # 1504
18037 # 1504
18037 # 1504
18037 # 1504
18037 # 1504
18037 # 1504
18037 # 1504
18037 # 1504
18037 # 1504
18037 # 1504
18037 # 1504
18037 # 1504
18037 # 1504
18037 # 1504
18037 # 1504
18037 # 1504
18037 # 1504
18037 # 1504
18037 # 1504
18037 # 1504
18037 # 1504
18037 # 1504
18037 # 1504
18037 # 1504
18037 # 1504
18037 # 1504
18037 # 1504
18037 # 1504
18037 # 1504
18037 # 1504
18037 # 1504
18037 # 1504
18037 # 1504
18037 # 1504
18037 # 1504
18037 # 1504
18037 # 1504
18037 # 1504
19537 # 1504
19537 # 1504
19537 # 1504
19537 # 1504
19537 # 1504
19537 # 1504
19537 # 1504
19537 # 1504
19537 # 1504
19537 # 1504
19537 # 1504
19537 # 1504
19537 # 1504
19537 # 1504
19537 # 1504
19537 # 1504
19537 # 1504
19537 # 1504
19537 # 1504
19537 # 1504
19537 # 1504
19537 # 1504
19537 # 1504
19537 # 1504
19537 # 1504
19537 # 1504
19537 # 1504
19537 # 1504
19537 # 1504
19537 # 1504
19537 # 1504
19537 # 1504
19537 # 1504
19537 # 1504
19537 # 1504
19537 # 1504
19537 # 1504
19537 # 1504
19537 # 1504
19537 # 1504
19537 # 1504
19537 # 1504
19537 # 1504
19537 # 1504
19537 # 1504
19537 # 1504
19537 # 1504
19537 # 1504
19537 # 1504
19537 # 1504
19537 # 1504
19537 # 1504
19537 # 1504
19537 # 1504
19537 # 1504
19537 # 1504
19537 # 1504
19537 # 1504
19537 # 1504
19537 # 1504
19537 # 1504
19537 # 1504
19537 # 1504
19537 # 1504
19537 # 1504
19537 # 1504
19537 # 1504
19537 # 1504
19537 # 1504
19537 # 1504
19537 # 1504
19537 # 1504
19537 # 1504
19537 # 1504
19537 # 1504
19537 # 1504
19537 # 1504
19537 # 1504
19537 # 1504
19537 # 1504
19537 # 1504
19537 # 1504
19537 # 1504
19745 + 92
19745 + 92
19745 + 92
19745 + 92
19745 + 92
19745 + 92
19745 + 92
19745 + 92
19745 + 92
19745 + 92
19745 + 92
19745 + 92
19745 + 92
19745 + 92
19745 + 92
19745 + 92
19745 + 92
19745 + 92
19745 + 92
19745 + 92
19745 + 92
19745 + 92
19745 + 92
19745 + 92
19745 + 92
19745 + 92
19745 + 92
19745 + 92
19745 + 92
19745 + 92
19745 + 92
19747 + 92
19747 + 92
19747 + 92
19747 + 92
19747 + 92
19747 + 92
19747 + 92
19747 + 92
19747 + 92
19747 + 92
19747 + 92
19747 + 92
19747 + 92
19747 + 92
19747 + 92
19747 + 92
19747 + 92
19747 + 92
19747 + 92
19747 + 92
19747 + 92
19748 + 92
19748 + 92
19748 + 92
19748 + 92
19748 + 92
19748 + 92
19748 + 92
19748 + 92
19748 + 92
19748 + 92
19748 + 92
19748 + 92
19748 + 92
19748 + 92
19748 + 92
21037 # 1504
21037 - 92 1292
21037 - 92 1292
21037 - 92 1292
21037 - 92 1292
21037 - 92 1292
21037 - 92 1292
21037 - 92 1292
21037 - 92 1292
21037 - 92 1292
21037 - 92 1292
21037 - 92 1292
21037 - 92 1292
21037 - 92 1292
21037 - 92 1292
21037 - 92 1292
21037 - 92 1292
21037 # 1504
21037 - 92 1292
21037 - 92 1292
21037 - 92 1292
21037 - 92 1292
21037 - 92 1292
21037 - 92 1292
21037 - 92 1292
21037 - 92 1292
21037 - 92 1292
21037 - 92 1292
21037 - 92 1292
21037 - 92 1292
21037 - 92 1292
21037 - 92 1292
21037 - 92 1292
21037 - 92 1290
21037 # 1504
21037 - 92 1290
21037 - 92 1290
21037 - 92 1290
21037 - 92 1290
21037 - 92 1290
21037 - 92 1290
21037 - 92 1290
21037 - 92 1290
21037 - 92 1290
21037 - 92 1290
21037 - 92 1290
21037 - 92 1290
21037 - 92 1290
21037 - 92 1290
21037 - 92 1290
21037 - 92 1290
21037 - 92 1290
21037 # 1504
21037 - 92 1290
21037 - 92 1290
21037 - 92 1290
21037 - 92 1289
21037 - 92 1289
21037 - 92 1289
21037 - 92 1289
21037 - 92 1289
21037 - 92 1289
21037 - 92 1289
21037 - 92 1289
21037 - 92 1289
21037 - 92 1289
21037 - 92 1289
21037 - 92 1289
21037 - 92 1289
21037 # 1504
21037 - 92 1289
21037 - 92 1289
21037 # 1504
21037 # 1504
21037 # 1504
21037 # 1504
21037 # 1504
21037 # 1504
21037 # 1504
21037 # 1504
21037 # 1504
21037 # 1504
21037 # 1504
21037 # 1504
21037 # 1504
21037 # 1504
21037 # 1504
21037 # 1504
21037 # 1504
21037 # 1504
21037 # 1504
21037 # 1504
21037 # 1504
21037 # 1504
21037 # 1504
21037 # 1504
21037 # 1504
21037 # 1504
21037 # 1504
21037 # 1504
21037 # 1504
21037 # 1504
21037 # 1504
21037 # 1504
21037 # 1504
21037 # 1504
21037 # 1504
21037 # 1504
21037 # 1504
21037 # 1504
21037 # 1504
21037 # 1504
21037 # 1504
21037 # 1504
21037 # 1504
21037 # 1504
21037 # 1504
21037 # 1504
21037 # 1504
21037 # 1504
21037 # 1504
21037 # 1504
21037 # 1504
21037 # 1504
21037 # 1504
21037 # 1504
21037 # 1504
21037 # 1504
21037 # 1504
21037 # 1504
21037 # 1504
21037 # 1504
21037 # 1504
21037 # 1504
21037 # 1504
21037 # 1504
21037 # 1504
21037 # 1504
21037 # 1504
21037 # 1504
21037 # 1504
21037 # 1504
21037 # 1504
21037 # 1504
21037 # 1504
21037 # 1504
21037 # 1504
21037 # 1504
21037 # 1504
21037 # 1504
22537 # 1504
22537 # 1504
22537 # 1504
22537 # 1504
22537 # 1504
22537 # 1504
22537 # 1504
22537 # 1504
22537 # 1504
22537 # 1504
22537 # 1504
22537 # 1504
22537 # 1504
22537 # 1504
22537 # 1504
22537 # 1504
22537 # 1504
22537 # 1504
22537 # 1504
22537 # 1504
22537 # 1504
22537 # 1504
22537 # 1504
22537 # 1504
22537 # 1504
22537 # 1504
22537 # 1504
22537 # 1504
22537 # 1504
22537 # 1504
22537 # 1504
22537 # 1504
22537 # 1504
22537 # 1504
22537 # 1504
22537 # 1504
22537 # 1504
22537 # 1504
22537 # 1504
22537 # 1504
22537 # 1504
22537 # 1504
22537 # 1504
22537 # 1504
22537 # 1504
22537 # 1504
22537 # 1504
22537 # 1504
22537 # 1504
22537 # 1504
22537 # 1504
22537 # 1504
22537 # 1504
22537 # 1504
22537 # 1504
22537 # 1504
22537 # 1504
22537 # 1504
22537 # 1504
22537 # 1504
22537 # 1504
22537 # 1504
22537 # 1504
22537 # 1504
22537 # 1504
22537 # 1504
22537 # 1504
22537 # 1504
22537 # 1504
22537 # 1504
22537 # 1504
22537 # 1504
22537 # 1504
22537 # 1504
22537 # 1504
22537 # 1504
22537 # 1504
22537 # 1504
22537 # 1504
22537 # 1504
22537 # 1504
22537 # 1504
22537 # 1504
22745 + 92
22745 + 92
22745 + 92
22745 + 92
22745 + 92
22745 + 92
22745 + 92
22745 + 92
22745 + 92
22745 + 92
22745 + 92
22745 + 92
22745 + 92
22745 + 92
22745 + 92
22745 + 92
22745 + 92
22745 + 92
22745 + 92
22745 + 92
22745 + 92
22745 + 92
22745 + 92
22745 + 92
22745 + 92
22745 + 92
22745 + 92
22745 + 92
22745 + 92
22745 + 92
22745 + 92
22745 + 92
22745 + 92
22745 + 92
22745 + 92
22745 + 92
22745 + 92
22745 + 92
22745 + 92
22745 + 92
22745 + 92
22745 + 92
22745 + 92
22745 + 92
22745 + 92
22745 + 92
22745 + 92
22745 + 92
22745 + 92
22745 + 92
22745 + 92
22745 + 92
22745 + 92
22745 + 92
22745 + 92
22745 + 92
22745 + 92
22747 + 92
22747 + 92
22747 + 92
22747 + 92
22747 + 92
22747 + 92
22747 + 92
22747 + 92
22747 + 92
22747 + 92
22747 + 92
22747 + 92
22747 + 92
22747 + 92
22747 + 92
22747 + 92
22747 + 92
22747 + 92
22747 + 92
22747 + 92
22747 + 92
22747 + 92
22747 + 92
22747 + 92
22747 + 92
22747 + 92
24037 # 1504
24037 - 92 1292
24037 - 92 1292
24037 - 92 1292
24037 - 92 1292
24037 - 92 1292
24037 - 92 1292
24037 - 92 1292
24037 - 92 1292
24037 - 92 1292
24037 - 92 1292
24037 - 92 1292
24037 - 92 1292
24037 - 92 1292
24037 - 92 1292
24037 - 92 1292
24037 - 92 1292
24037 # 1504
24037 - 92 1292
24037 - 92 1292
24037 - 92 1292
24037 - 92 1292
24037 - 92 1292
24037 - 92 1292
24037 - 92 1292
24037 - 92 1292
24037 - 92 1292
24037 - 92 1292
24037 - 92 1292
24037 - 92 1292
24037 - 92 1292
24037 - 92 1292
24037 - 92 1292
24037 - 92 1292
24037 # 1504
24037 - 92 1292
24037 - 92 1292
24037 - 92 1292
24037 - 92 1292
24037 - 92 1292
24037 - 92 1292
24037 - 92 1292
24037 - 92 1292
24037 - 92 1292
24037 - 92 1292
24037 - 92 1292
24037 - 92 1292
24037 - 92 1292
24037 - 92 1292
24037 - 92 1292
24037 - 92 1292
24037 - 92 1292
24037 # 1504
24037 - 92 1292
24037 - 92 1292
24037 - 92 1292
24037 - 92 1292
24037 - 92 1292
24037 - 92 1292
24037 - 92 1292
24037 - 92 1292
24037 - 92 1290
24037 - 92 1290
24037 - 92 1290
24037 - 92 1290
24037 - 92 1290
24037 - 92 1290
24037 - 92 1290
24037 - 92 1290
24037 # 1504
24037 - 92 1290
24037 - 92 1290
24037 - 92 1290
24037 - 92 1290
24037 - 92 1290
24037 - 92 1290
24037 - 92 1290
24037 - 92 1290
24037 - 92 1290
24037 - 92 1290
24037 - 92 1290
24037 - 92 1290
24037 - 92 1290
24037 - 92 1290
24037 - 92 1290
24037 - 92 1290
24037 # 1504
24037 - 92 1290
24037 - 92 1290
24037 # 1504
24037 # 1504
24037 # 1504
24037 # 1504
24037 # 1504
24037 # 1504
24037 # 1504
24037 # 1504
24037 # 1504
24037 # 1504
24037 # 1504
24037 # 1504
24037 # 1504
24037 # 1504
24037 # 1504
24037 # 1504
24037 # 1504
24037 # 1504
24037 # 1504
24037 # 1504
24037 # 1504
24037 # 1504
24037 # 1504
24037 # 1504
24037 # 1504
24037 # 1504
24037 # 1504
24037 # 1504
24037 # 1504
24037 # 1504
24037 # 1504
24037 # 1504
24037 # 1504
24037 # 1504
24037 # 1504
24037 # 1504
24037 # 1504
24037 # 1504
24037 # 1504
24037 # 1504
24037 # 1504
24037 # 1504
24037 # 1504
24037 # 1504
24037 # 1504
24037 # 1504
24037 # 1504
24037 # 1504
24037 # 1504
24037 # 1504
24037 # 1504
24037 # 1504
24037 # 1504
24037 # 1504
24037 # 1504
24037 # 1504
24037 # 1504
24037 # 1504
24037 # 1504
24037 # 1504
24037 # 1504
24037 # 1504
24037 # 1504
24037 # 1504
24037 # 1504
24037 # 1504
24037 # 1504
24037 # 1504
24037 # 1504
24037 # 1504
24037 # 1504
24037 # 1504
24037 # 1504
24037 # 1504
24037 # 1504
24037 # 1504
24037 # 1504
24242 + 92
24242 + 92
24242 + 92
24242 + 92
24242 + 92
24242 + 92
24242 + 92
24242 + 92
24242 + 92
24242 + 92
24242 + 92
24242 + 92
24242 + 92
24242 + 92
24255 + 92
25537 # 1504
25537 - 92 1295
25537 - 92 1295
25537 - 92 1295
25537 - 92 1295
25537 - 92 1295
25537 - 92 1295
25537 - 92 1295
25537 - 92 1295
25537 - 92 1295
25537 - 92 1295
25537 - 92 1295
25537 - 92 1295
25537 - 92 1295
25537 - 92 1295
25537 - 92 1282
25537 # 1504
25537 # 1504
25537 # 1504
25537 # 1504
25537 # 1504
25537 # 1504
25537 # 1504
25537 # 1504
25537 # 1504
25537 # 1504
25537 # 1504
25537 # 1504
25537 # 1504
25537 # 1504
25537 # 1504
25537 # 1504
25537 # 1504
25537 # 1504
25537 # 1504
25537 # 1504
25537 # 1504
25537 # 1504
25537 # 1504
25537 # 1504
25537 # 1504
25537 # 1504
25537 # 1504
25537 # 1504
25537 # 1504
25537 # 1504
25537 # 1504
25537 # 1504
25537 # 1504
25537 # 1504
25537 # 1504
25537 # 1504
25537 # 1504
25537 # 1504
25537 # 1504
25537 # 1504
25537 # 1504
25537 # 1504
25537 # 1504
25537 # 1504
25537 # 1504
25537 # 1504
25537 # 1504
25537 # 1504
25537 # 1504
25537 # 1504
25537 # 1504
25537 # 1504
25537 # 1504
25537 # 1504
25537 # 1504
25537 # 1504
25537 # 1504
25537 # 1504
25537 # 1504
25537 # 1504
25537 # 1504
25537 # 1504
25537 # 1504
25537 # 1504
25537 # 1504
25537 # 1504
25537 # 1504
25537 # 1504
25537 # 1504
25537 # 1504
25537 # 1504
25537 # 1504
25537 # 1504
25537 # 1504
25537 # 1504
25537 # 1504
25537 # 1504
25537 # 1504
25537 # 1504
25537 # 1504
25537 # 1504
25537 # 1504
25743 + 92
25743 + 92
25743 + 92
25745 + 92
25745 + 92
26977 + 52
27037 # 1504
27037 - 92 1294
27037 - 92 1294
27037 - 92 1294
27037 - 92 1292
27037 - 92 1292
27037 - 52 60
27037 # 1504
27037 # 1504
27037 # 1504
27037 # 1504
27037 # 1504
27037 # 1504
27037 # 1504
27037 # 1504
27037 # 1504
27037 # 1504
27037 # 1504
27037 # 1504
27037 # 1504
27037 # 1504
27037 # 1504
27037 # 1504
27037 # 1504
27037 # 1504
27037 # 1504
27037 # 1504
27037 # 1504
27037 # 1504
27037 # 1504
27037 # 1504
27037 # 1504
27037 # 1504
27037 # 1504
27037 # 1504
27037 # 1504
27037 # 1504
27037 # 1504
27037 # 1504
27037 # 1504
27037 # 1504
27037 # 1504
27037 # 1504
27037 # 1504
27037 # 1504
27037 # 1504
27037 # 1504
27037 # 1504
27037 # 1504
27037 # 1504
27037 # 1504
27037 # 1504
27037 # 1504
27037 # 1504
27037 # 1504
27037 # 1504
27037 # 1504
27037 # 1504
27037 # 1504
27037 # 1504
27037 # 1504
27037 # 1504
27037 # 1504
27037 # 1504
27037 # 1504
27037 # 1504
27037 # 1504
27037 # 1504
27037 # 1504
27037 # 1504
27037 # 1504
27037 # 1504
27037 # 1504
27037 # 1504
27037 # 1504
27037 # 1504
27037 # 1504
27037 # 1504
27037 # 1504
27037 # 1504
27037 # 1504
27037 # 1504
27037 # 1504
27037 # 1504
27037 # 1504
27037 # 1504
27037 # 1504
27037 # 1504
27037 # 1504
27242 + 92
27242 + 92
27242 + 92
27242 + 92
27242 + 92
27242 + 92
27242 + 92
27242 + 92
27242 + 92
27242 + 92
27242 + 92
27242 + 92
27242 + 92
27242 + 92
27242 + 92
27242 + 92
27242 + 92
27242 + 92
27242 + 92
27242 + 92
27242 + 92
27242 + 92
27242 + 92
27242 + 92
27242 + 92
27242 + 92
27242 + 92
27242 + 92
27242 + 92
27242 + 92
27242 + 92
27242 + 92
27242 + 92
27242 + 92
27242 + 92
27242 + 92
27242 + 92
27242 + 92
27242 + 92
27242 + 92
27242 + 92
27242 + 92
27242 + 92
27242 + 92
27242 + 92
27242 + 92
27242 + 92
27242 + 92
27242 + 92
27242 + 92
27242 + 92
27242 + 92
27242 + 92
27242 + 92
27242 + 92
27242 + 92
27242 + 92
27242 + 92
27242 + 92
27242 + 92
27242 + 92
27242 + 92
27242 + 92
27242 + 92
27242 + 92
27242 + 92
27242 + 92
28537 # 1504
28537 - 92 1295
28537 - 92 1295
28537 - 92 1295
28537 - 92 1295
28537 - 92 1295
28537 - 92 1295
28537 - 92 1295
28537 - 92 1295
28537 - 92 1295
28537 - 92 1295
28537 - 92 1295
28537 - 92 1295
28537 - 92 1295
28537 - 92 1295
28537 - 92 1295
28537 - 92 1295
28537 # 1504
28537 - 92 1295
28537 - 92 1295
28537 - 92 1295
28537 - 92 1295
28537 - 92 1295
28537 - 92 1295
28537 - 92 1295
28537 - 92 1295
28537 - 92 1295
28537 - 92 1295
28537 - 92 1295
28537 - 92 1295
28537 - 92 1295
28537 - 92 1295
28537 - 92 1295
28537 - 92 1295
28537 # 1504
28537 - 92 1295
28537 - 92 1295
28537 - 92 1295
28537 - 92 1295
28537 - 92 1295
28537 - 92 1295
28537 - 92 1295
28537 - 92 1295
28537 - 92 1295
28537 - 92 1295
28537 - 92 1295
28537 - 92 1295
28537 - 92 1295
28537 - 92 1295
28537 - 92 1295
28537 - 92 1295
28537 - 92 1295
28537 # 1504
28537 - 92 1295
28537 - 92 1295
28537 - 92 1295
28537 - 92 1295
28537 - 92 1295
28537 - 92 1295
28537 - 92 1295
28537 - 92 1295
28537 - 92 1295
28537 - 92 1295
28537 - 92 1295
28537 - 92 1295
28537 - 92 1295
28537 - 92 1295
28537 - 92 1295
28537 - 92 1295
28537 # 1504
28537 - 92 1295
28537 - 92 1295
28537 # 1504
28537 # 1504
28537 # 1504
28537 # 1504
28537 # 1504
28537 # 1504
28537 # 1504
28537 # 1504
28537 # 1504
28537 # 1504
28537 # 1504
28537 # 1504
28537 # 1504
28537 # 1504
28537 # 1504
28537 # 1504
28537 # 1504
28537 # 1504
28537 # 1504
28537 # 1504
28537 # 1504
28537 # 1504
28537 # 1504
28537 # 1504
28537 # 1504
28537 # 1504
28537 # 1504
28537 # 1504
28537 # 1504
28537 # 1504
28537 # 1504
28537 # 1504
28537 # 1504
28537 # 1504
28537 # 1504
28537 # 1504
28537 # 1504
28537 # 1504
28537 # 1504
28537 # 1504
28537 # 1504
28537 # 1504
28537 # 1504
28537 # 1504
28537 # 1504
28537 # 1504
28537 # 1504
28537 # 1504
28537 # 1504
28537 # 1504
28537 # 1504
28537 # 1504
28537 # 1504
28537 # 1504
28537 # 1504
28537 # 1504
28537 # 1504
28537 # 1504
28537 # 1504
28537 # 1504
28537 # 1504
28537 # 1504
28537 # 1504
28537 # 1504
28537 # 1504
28537 # 1504
28537 # 1504
28537 # 1504
28537 # 1504
28537 # 1504
28537 # 1504
28537 # 1504
28537 # 1504
28537 # 1504
28537 # 1504
28537 # 1504
28537 # 1504
28537 # 1504
28742 + 92
28742 + 92
28744 + 92
28745 + 92
28745 + 92
28745 + 92
28745 + 92
28745 + 92
28745 + 92
28745 + 92
28745 + 92
28745 + 92
28745 + 92
28745 + 92
28745 + 92
28745 + 92
28745 + 92
28745 + 92
28745 + 92
28745 + 92
28745 + 92
28745 + 92
28745 + 92
28745 + 92
28745 + 92
28745 + 92
28745 + 92
28745 + 92
28745 + 92
28745 + 92
28745 + 92
28745 + 92
28745 + 92
28745 + 92
28745 + 92
28745 + 92
28745 + 92
28745 + 92
28745 + 92
28745 + 92
28745 + 92
28745 + 92
28745 + 92
28745 + 92
28745 + 92
28745 + 92
28745 + 92
28745 + 92
28745 + 92
28745 + 92
28745 + 92
28745 + 92
28745 + 92
28745 + 92
28745 + 92
28745 + 92
28745 + 92
28745 + 92
28745 + 92
28745 + 92
28745 + 92
28745 + 92
28745 + 92
28745 + 92
28745 + 92
28745 + 92
28745 + 92
28745 + 92
28745 + 92
28745 + 92
28745 + 92
28745 + 92
28745 + 92
28745 + 92
28745 + 92
28745 + 92
28745 + 92
28745 + 92
28745 + 92
28745 + 92
28745 + 92
28745 + 92
30037 # 1504
30037 - 92 1295
30037 - 92 1295
30037 - 92 1293
30037 - 92 1292
30037 - 92 1292
30037 - 92 1292
30037 - 92 1292
30037 - 92 1292
30037 - 92 1292
30037 - 92 1292
30037 - 92 1292
30037 - 92 1292
30037 - 92 1292
30037 - 92 1292
30037 - 92 1292
30037 - 92 1292
30037 # 1504
30037 - 92 1292
30037 - 92 1292
30037 - 92 1292
30037 - 92 1292
30037 - 92 1292
30037 - 92 1292
30037 - 92 1292
30037 - 92 1292
30037 - 92 1292
30037 - 92 1292
30037 - 92 1292
30037 - 92 1292
30037 - 92 1292
30037 - 92 1292
30037 - 92 1292
30037 - 92 1292
30037 # 1504
30037 - 92 1292
30037 - 92 1292
30037 - 92 1292
30037 - 92 1292
30037 - 92 1292
30037 - 92 1292
30037 - 92 1292
30037 - 92 1292
30037 - 92 1292
30037 - 92 1292
30037 - 92 1292
30037 - 92 1292
30037 - 92 1292
30037 - 92 1292
30037 - 92 1292
30037 - 92 1292
30037 - 92 1292
30037 # 1504
30037 - 92 1292
30037 - 92 1292
30037 - 92 1292
30037 - 92 1292
30037 - 92 1292
30037 - 92 1292
30037 - 92 1292
30037 - 92 1292
30037 - 92 1292
30037 - 92 1292
30037 - 92 1292
30037 - 92 1292
30037 - 92 1292
30037 - 92 1292
30037 - 92 1292
30037 - 92 1292
30037 # 1504
30037 - 92 1292
30037 - 92 1292
30037 - 92 1292
30037 - 92 1292
30037 - 92 1292
30037 - 92 1292
30037 - 92 1292
30037 - 92 1292
30037 - 92 1292
30037 - 92 1292
30037 - 92 1292
30037 - 92 1292
30037 - 92 1292
30037 - 92 1292
30037 - 92 1292
30037 - 92 1292
30037 # 1504
30037 - 92 1292
30037 # 1504
30037 # 1504
30037 # 1504
30037 # 1504
30037 # 1504
30037 # 1504
30037 # 1504
30037 # 1504
30037 # 1504
30037 # 1504
30037 # 1504
30037 # 1504
30037 # 1504
30037 # 1504
30037 # 1504
30037 # 1504
30037 # 1504
30037 # 1504
30037 # 1504
30037 # 1504
30037 # 1504
30037 # 1504
30037 # 1504
30037 # 1504
30037 # 1504
30037 # 1504
30037 # 1504
30037 # 1504
30037 # 1504
30037 # 1504
30037 # 1504
30037 # 1504
30037 # 1504
30037 # 1504
30037 # 1504
30037 # 1504
30037 # 1504
30037 # 1504
30037 # 1504
30037 # 1504
30037 # 1504
30037 # 1504
30037 # 1504
30037 # 1504
30037 # 1504
30037 # 1504
30037 # 1504
30037 # 1504
30037 # 1504
30037 # 1504
30037 # 1504
30037 # 1504
30037 # 1504
30037 # 1504
30037 # 1504
30037 # 1504
30037 # 1504
30037 # 1504
30037 # 1504
30037 # 1504
30037 # 1504
30037 # 1504
30037 # 1504
30037 # 1504
30037 # 1504
30037 # 1504
30037 # 1504
30037 # 1504
30037 # 1504
30037 # 1504
30037 # 1504
30037 # 1504
30037 # 1504
30037 # 1504
30037 # 1504
30037 # 1504
30037 # 1504
30253 + 92
30254 + 92
30254 + 92
30254 + 92
30254 + 92
30254 + 92
30254 + 92
30254 + 92
30254 + 92
30254 + 92
30254 + 92
30254 + 92
30254 + 92
30254 + 92
30254 + 92
30254 + 92
30254 + 92
30254 + 92
30254 + 92
30254 + 92
30254 + 92
30254 + 92
30254 + 92
30254 + 92
30254 + 92
30254 + 92
30254 + 92
30254 + 92
30254 + 92
30254 + 92
30254 + 92
30254 + 92
30254 + 92
30254 + 92
30254 + 92
30254 + 92
30254 + 92
30254 + 92
30254 + 92
30254 + 92
30254 + 92
30254 + 92
30254 + 92
30254 + 92
30254 + 92
30254 + 92
30254 + 92
30254 + 92
30254 + 92
30254 + 92
30254 + 92
30254 + 92
30254 + 92
30254 + 92
30254 + 92
30254 + 92
30254 + 92
30254 + 92
30254 + 92
30254 + 92
30254 + 92
30254 + 92
30254 + 92
30254 + 92
30254 + 92
30254 + 92
30254 + 92
30254 + 92
30254 + 92
30254 + 92
30254 + 92
30254 + 92
30254 + 92
30254 + 92
30254 + 92
30254 + 92
30254 + 92
30254 + 92
30254 + 92
30254 + 92
30254 + 92
30254 + 92
30254 + 92
31537 # 1504
31537 - 92 1284
31537 - 92 1283
31537 - 92 1283
31537 - 92 1283
31537 - 92 1283
31537 - 92 1283
31537 - 92 1283
31537 - 92 1283
31537 - 92 1283
31537 - 92 1283
31537 - 92 1283
31537 - 92 1283
31537 - 92 1283
31537 - 92 1283
31537 - 92 1283
31537 - 92 1283
31537 # 1504
31537 - 92 1283
31537 - 92 1283
31537 - 92 1283
31537 - 92 1283
31537 - 92 1283
31537 - 92 1283
31537 - 92 1283
31537 - 92 1283
31537 - 92 1283
31537 - 92 1283
31537 - 92 1283
31537 - 92 1283
31537 - 92 1283
31537 - 92 1283
31537 - 92 1283
31537 - 92 1283
31537 # 1504
31537 - 92 1283
31537 - 92 1283
31537 - 92 1283
31537 - 92 1283
31537 - 92 1283
31537 - 92 1283
31537 - 92 1283
31537 - 92 1283
31537 - 92 1283
31537 - 92 1283
31537 - 92 1283
31537 - 92 1283
31537 - 92 1283
31537 - 92 1283
31537 - 92 1283
31537 - 92 1283
31537 - 92 1283
31537 # 1504
31537 - 92 1283
31537 - 92 1283
31537 - 92 1283
31537 - 92 1283
31537 - 92 1283
31537 - 92 1283
31537 - 92 1283
31537 - 92 1283
31537 - 92 1283
31537 - 92 1283
31537 - 92 1283
31537 - 92 1283
31537 - 92 1283
31537 - 92 1283
31537 - 92 1283
31537 - 92 1283
31537 # 1504
31537 - 92 1283
31537 - 92 1283
31537 - 92 1283
31537 - 92 1283
31537 - 92 1283
31537 - 92 1283
31537 - 92 1283
31537 - 92 1283
31537 - 92 1283
31537 - 92 1283
31537 - 92 1283
31537 - 92 1283
31537 - 92 1283
31537 - 92 1283
31537 - 92 1283
31537 - 92 1283
31537 # 1504
31537 - 92 1283
31537 - 92 1283
31537 # 1504
31537 # 1504
31537 # 1504
31537 # 1504
31537 # 1504
31537 # 1504
31537 # 1504
31537 # 1504
31537 # 1504
31537 # 1504
31537 # 1504
31537 # 1504
31537 # 1504
31537 # 1504
31537 # 1504
31537 # 1504
31537 # 1504
31537 # 1504
31537 # 1504
31537 # 1504
31537 # 1504
31537 # 1504
31537 # 1504
31537 # 1504
31537 # 1504
31537 # 1504
31537 # 1504
31537 # 1504
31537 # 1504
31537 # 1504
31537 # 1504
31537 # 1504
31537 # 1504
31537 # 1504
31537 # 1504
31537 # 1504
31537 # 1504
31537 # 1504
31537 # 1504
31537 # 1504
31537 # 1504
31537 # 1504
31537 # 1504
31537 # 1504
31537 # 1504
31537 # 1504
31537 # 1504
31537 # 1504
31537 # 1504
31537 # 1504
31537 # 1504
31537 # 1504
31537 # 1504
31537 # 1504
31537 # 1504
31537 # 1504
31537 # 1504
31537 # 1504
31537 # 1504
31537 # 1504
31537 # 1504
31537 # 1504
31537 # 1504
31537 # 1504
31537 # 1504
31537 # 1504
31537 # 1504
31537 # 1504
31537 # 1504
31537 # 1504
31537 # 1504
31537 # 1504
31537 # 1504
31537 # 1504
31537 # 1504
31537 # 1504
31537 # 1504
31752 + 92
31753 + 92
31753 + 92
31753 + 92
31753 + 92
31753 + 92
31753 + 92
31753 + 92
31753 + 92
31753 + 92
31753 + 92
31753 + 92
31753 + 92
31753 + 92
31753 + 92
31753 + 92
31753 + 92
31753 + 92
31753 + 92
31753 + 92
31753 + 92
31753 + 92
31753 + 92
31753 + 92
31753 + 92
31753 + 92
31753 + 92
31753 + 92
31753 + 92
31753 + 92
31753 + 92
31753 + 92
31753 + 92
31753 + 92
31753 + 92
31753 + 92
31753 + 92
31753 + 92
31753 + 92
31753 + 92
31753 + 92
31753 + 92
31753 + 92
31753 + 92
31753 + 92
31753 + 92
31753 + 92
31753 + 92
31753 + 92
31753 + 92
31753 + 92
31753 + 92
31753 + 92
31753 + 92
31753 + 92
31753 + 92
31753 + 92
31753 + 92
31753 + 92
31753 + 92
31753 + 92
31753 + 92
31753 + 92
31753 + 92
31753 + 92
31753 + 92
31753 + 92
31753 + 92
31753 + 92
31753 + 92
31753 + 92
31753 + 92
31753 + 92
31753 + 92
31753 + 92
31753 + 92
31753 + 92
31753 + 92
31753 + 92
31753 + 92
31753 + 92
31753 + 92
31753 + 92
33037 # 1504
33037 - 92 1285
33037 - 92 1284
33037 - 92 1284
33037 - 92 1284
33037 - 92 1284
33037 - 92 1284
33037 - 92 1284
33037 - 92 1284
33037 - 92 1284
33037 - 92 1284
33037 - 92 1284
33037 - 92 1284
33037 - 92 1284
33037 - 92 1284
33037 - 92 1284
33037 - 92 1284
33037 # 1504
33037 - 92 1284
33037 - 92 1284
33037 - 92 1284
33037 - 92 1284
33037 - 92 1284
33037 - 92 1284
33037 - 92 1284
33037 - 92 1284
33037 - 92 1284
33037 - 92 1284
33037 - 92 1284
33037 - 92 1284
33037 - 92 1284
33037 - 92 1284
33037 - 92 1284
33037 - 92 1284
33037 # 1504
33037 - 92 1284
33037 - 92 1284
33037 - 92 1284
33037 - 92 1284
33037 - 92 1284
33037 - 92 1284
33037 - 92 1284
33037 - 92 1284
33037 - 92 1284
33037 - 92 1284
33037 - 92 1284
33037 - 92 1284
33037 - 92 1284
33037 - 92 1284
33037 - 92 1284
33037 - 92 1284
33037 - 92 1284
33037 # 1504
33037 - 92 1284
33037 - 92 1284
33037 - 92 1284
33037 - 92 1284
33037 - 92 1284
33037 - 92 1284
33037 - 92 1284
33037 - 92 1284
33037 - 92 1284
33037 - 92 1284
33037 - 92 1284
33037 - 92 1284
33037 - 92 1284
33037 - 92 1284
33037 - 92 1284
33037 - 92 1284
33037 # 1504
33037 - 92 1284
33037 - 92 1284
33037 - 92 1284
33037 - 92 1284
33037 - 92 1284
33037 - 92 1284
33037 - 92 1284
33037 - 92 1284
33037 - 92 1284
33037 - 92 1284
33037 - 92 1284
33037 - 92 1284
33037 - 92 1284
33037 - 92 1284
33037 - 92 1284
33037 - 92 1284
33037 # 1504
33037 - 92 1284
33037 - 92 1284
33037 # 1504
33037 # 1504
33037 # 1504
33037 # 1504
33037 # 1504
33037 # 1504
33037 # 1504
33037 # 1504
33037 # 1504
33037 # 1504
33037 # 1504
33037 # 1504
33037 # 1504
33037 # 1504
33037 # 1504
33037 # 1504
33037 # 1504
33037 # 1504
33037 # 1504
33037 # 1504
33037 # 1504
33037 # 1504
33037 # 1504
33037 # 1504
33037 # 1504
33037 # 1504
33037 # 1504
33037 # 1504
33037 # 1504
33037 # 1504
33037 # 1504
33037 # 1504
33037 # 1504
33037 # 1504
33037 # 1504
33037 # 1504
33037 # 1504
33037 # 1504
33037 # 1504
33037 # 1504
33037 # 1504
33037 # 1504
33037 # 1504
33037 # 1504
33037 # 1504
33037 # 1504
33037 # 1504
33037 # 1504
33037 # 1504
33037 # 1504
33037 # 1504
33037 # 1504
33037 # 1504
33037 # 1504
33037 # 1504
33037 # 1504
33037 # 1504
33037 # 1504
33037 # 1504
33037 # 1504
33037 # 1504
33037 # 1504
33037 # 1504
33037 # 1504
33037 # 1504
33037 # 1504
33037 # 1504
33037 # 1504
33037 # 1504
33037 # 1504
33037 # 1504
33037 # 1504
33037 # 1504
33037 # 1504
33037 # 1504
33037 # 1504
33037 # 1504
33246 + 92
33246 + 92
33246 + 92
33246 + 92
33246 + 92
33246 + 92
33246 + 92
33246 + 92
33247 + 92
33247 + 92
33247 + 92
33247 + 92
33247 + 92
33247 + 92
33247 + 92
33247 + 92
33247 + 92
33247 + 92
33247 + 92
33247 + 92
33247 + 92
33247 + 92
33247 + 92
33247 + 92
33247 + 92
33247 + 92
33247 + 92
33247 + 92
33247 + 92
33247 + 92
33247 + 92
33247 + 92
33247 + 92
33247 + 92
33247 + 92
33247 + 92
33247 + 92
33247 + 92
33247 + 92
33248 + 92
33248 + 92
33248 + 92
33248 + 92
33248 + 92
33248 + 92
33248 + 92
33248 + 92
33248 + 92
33248 + 92
33248 + 92
33248 + 92
33248 + 92
33248 + 92
33248 + 92
33248 + 92
33248 + 92
33248 + 92
33248 + 92
33248 + 92
33248 + 92
33248 + 92
33248 + 92
33248 + 92
33248 + 92
33248 + 92
33248 + 92
33248 + 92
33248 + 92
33248 + 92
33248 + 92
33248 + 92
33248 + 92
33248 + 92
33248 + 92
33248 + 92
33248 + 92
33248 + 92
33248 + 92
33248 + 92
33248 + 92
33248 + 92
33248 + 92
33248 + 92
34537 # 1504
34537 - 92 1291
34537 - 92 1291
34537 - 92 1291
34537 - 92 1291
34537 - 92 1291
34537 - 92 1291
34537 - 92 1291
34537 - 92 1291
34537 - 92 1290
34537 - 92 1290
34537 - 92 1290
34537 - 92 1290
34537 - 92 1290
34537 - 92 1290
34537 - 92 1290
34537 - 92 1290
34537 # 1504
34537 - 92 1290
34537 - 92 1290
34537 - 92 1290
34537 - 92 1290
34537 - 92 1290
34537 - 92 1290
34537 - 92 1290
34537 - 92 1290
34537 - 92 1290
34537 - 92 1290
34537 - 92 1290
34537 - 92 1290
34537 - 92 1290
34537 - 92 1290
34537 - 92 1290
34537 - 92 1290
34537 # 1504
34537 - 92 1290
34537 - 92 1290
34537 - 92 1290
34537 - 92 1290
34537 - 92 1290
34537 - 92 1290
34537 - 92 1290
34537 - 92 1289
34537 - 92 1289
34537 - 92 1289
34537 - 92 1289
34537 - 92 1289
34537 - 92 1289
34537 - 92 1289
34537 - 92 1289
34537 - 92 1289
34537 - 92 1289
34537 # 1504
34537 - 92 1289
34537 - 92 1289
34537 - 92 1289
34537 - 92 1289
34537 - 92 1289
34537 - 92 1289
34537 - 92 1289
34537 - 92 1289
34537 - 92 1289
34537 - 92 1289
34537 - 92 1289
34537 - 92 1289
34537 - 92 1289
34537 - 92 1289
34537 - 92 1289
34537 - 92 1289
34537 # 1504
34537 - 92 1289
34537 - 92 1289
34537 - 92 1289
34537 - 92 1289
34537 - 92 1289
34537 - 92 1289
34537 - 92 1289
34537 - 92 1289
34537 - 92 1289
34537 - 92 1289
34537 - 92 1289
34537 - 92 1289
34537 - 92 1289
34537 - 92 1289
34537 - 92 1289
34537 - 92 1289
34537 # 1504
34537 - 92 1289
34537 - 92 1289
34537 # 1504
34537 # 1504
34537 # 1504
34537 # 1504
34537 # 1504
34537 # 1504
34537 # 1504
34537 # 1504
34537 # 1504
34537 # 1504
34537 # 1504
34537 # 1504
34537 # 1504
34537 # 1504
34537 # 1504
34537 # 1504
34537 # 1504
34537 # 1504
34537 # 1504
34537 # 1504
34537 # 1504
34537 # 1504
34537 # 1504
34537 # 1504
34537 # 1504
34537 # 1504
34537 # 1504
34537 # 1504
34537 # 1504
34537 # 1504
34537 # 1504
34537 # 1504
34537 # 1504
34537 # 1504
34537 # 1504
34537 # 1504
34537 # 1504
34537 # 1504
34537 # 1504
34537 # 1504
34537 # 1504
34537 # 1504
34537 # 1504
34537 # 1504
34537 # 1504
34537 # 1504
34537 # 1504
34537 # 1504
34537 # 1504
34537 # 1504
34537 # 1504
34537 # 1504
34537 # 1504
34537 # 1504
34537 # 1504
34537 # 1504
34537 # 1504
34537 # 1504
34537 # 1504
34537 # 1504
34537 # 1504
34537 # 1504
34537 # 1504
34537 # 1504
34537 # 1504
34537 # 1504
34537 # 1504
34537 # 1504
34537 # 1504
34537 # 1504
34537 # 1504
34537 # 1504
34537 # 1504
34537 # 1504
34537 # 1504
34537 # 1504
34537 # 1504
34752 + 92
34752 + 92
34752 + 92
34752 + 92
34752 + 92
34752 + 92
34752 + 92
34752 + 92
34752 + 92
34752 + 92
34752 + 92
34752 + 92
34752 + 92
34752 + 92
34752 + 92
34752 + 92
34752 + 92
34752 + 92
34752 + 92
34752 + 92
34752 + 92
34752 + 92
34752 + 92
34752 + 92
34753 + 92
34753 + 92
34753 + 92
34753 + 92
34753 + 92
34753 + 92
34753 + 92
34753 + 92
34753 + 92
34753 + 92
34753 + 92
34753 + 92
34753 + 92
34753 + 92
34753 + 92
34753 + 92
34753 + 92
34753 + 92
34753 + 92
34753 + 92
34753 + 92
34753 + 92
34753 + 92
34753 + 92
34753 + 92
34753 + 92
34753 + 92
34753 + 92
34753 + 92
34753 + 92
34753 + 92
34753 + 92
34753 + 92
34753 + 92
34753 + 92
34753 + 92
34753 + 92
34753 + 92
34753 + 92
34753 + 92
34753 + 92
34753 + 92
34753 + 92
34753 + 92
34753 + 92
34753 + 92
34753 + 92
34753 + 92
34753 + 92
34753 + 92
34753 + 92
34753 + 92
34753 + 92
34753 + 92
34753 + 92
34753 + 92
34753 + 92
34753 + 92
34753 + 92
36037 # 1504
36037 - 92 1285
36037 - 92 1285
36037 - 92 1285
36037 - 92 1285
36037 - 92 1285
36037 - 92 1285
36037 - 92 1285
36037 - 92 1285
36037 - 92 1285
36037 - 92 1285
36037 - 92 1285
36037 - 92 1285
36037 - 92 1285
36037 - 92 1285
36037 - 92 1285
36037 - 92 1285
36037 # 1504
36037 - 92 1285
36037 - 92 1285
36037 - 92 1285
36037 - 92 1285
36037 - 92 1285
36037 - 92 1285
36037 - 92 1285
36037 - 92 1285
36037 - 92 1284
36037 - 92 1284
36037 - 92 1284
36037 - 92 1284
36037 - 92 1284
36037 - 92 1284
36037 - 92 1284
36037 - 92 1284
36037 # 1504
36037 - 92 1284
36037 - 92 1284
36037 - 92 1284
36037 - 92 1284
36037 - 92 1284
36037 - 92 1284
36037 - 92 1284
36037 - 92 1284
36037 - 92 1284
36037 - 92 1284
36037 - 92 1284
36037 - 92 1284
36037 - 92 1284
36037 - 92 1284
36037 - 92 1284
36037 - 92 1284
36037 - 92 1284
36037 # 1504
36037 - 92 1284
36037 - 92 1284
36037 - 92 1284
36037 - 92 1284
36037 - 92 1284
36037 - 92 1284
36037 - 92 1284
36037 - 92 1284
36037 - 92 1284
36037 - 92 1284
36037 - 92 1284
36037 - 92 1284
36037 - 92 1284
36037 - 92 1284
36037 - 92 1284
36037 - 92 1284
36037 # 1504
36037 - 92 1284
36037 - 92 1284
36037 - 92 1284
36037 - 92 1284
36037 - 92 1284
36037 - 92 1284
36037 - 92 1284
36037 - 92 1284
36037 - 92 1284
36037 - 92 1284
36037 - 92 1284
36037 - 92 1284
36037 - 92 1284
36037 - 92 1284
36037 - 92 1284
36037 - 92 1284
36037 # 1504
36037 - 92 1284
36037 - 92 1284
36037 # 1504
36037 # 1504
36037 # 1504
36037 # 1504
36037 # 1504
36037 # 1504
36037 # 1504
36037 # 1504
36037 # 1504
36037 # 1504
36037 # 1504
36037 # 1504
36037 # 1504
36037 # 1504
36037 # 1504
36037 # 1504
36037 # 1504
36037 # 1504
36037 # 1504
36037 # 1504
36037 # 1504
36037 # 1504
36037 # 1504
36037 # 1504
36037 # 1504
36037 # 1504
36037 # 1504
36037 # 1504
36037 # 1504
36037 # 1504
36037 # 1504
36037 # 1504
36037 # 1504
36037 # 1504
36037 # 1504
36037 # 1504
36037 # 1504
36037 # 1504
36037 # 1504
36037 # 1504
36037 # 1504
36037 # 1504
36037 # 1504
36037 # 1504
36037 # 1504
36037 # 1504
36037 # 1504
36037 # 1504
36037 # 1504
36037 # 1504
36037 # 1504
36037 # 1504
36037 # 1504
36037 # 1504
36037 # 1504
36037 # 1504
36037 # 1504
36037 # 1504
36037 # 1504
36037 # 1504
36037 # 1504
36037 # 1504
36037 # 1504
36037 # 1504
36037 # 1504
36037 # 1504
36037 # 1504
36037 # 1504
36037 # 1504
36037 # 1504
36037 # 1504
36037 # 1504
36037 # 1504
36037 # 1504
36037 # 1504
36037 # 1504
36037 # 1504
36249 + 92
36249 + 92
36249 + 92
36249 + 92
36249 + 92
36249 + 92
36249 + 92
36249 + 92
36249 + 92
36249 + 92
36249 + 92
36249 + 92
36249 + 92
36249 + 92
36249 + 92
36249 + 92
36249 + 92
36249 + 92
36249 + 92
36249 + 92
36249 + 92
36249 + 92
36249 + 92
36249 + 92
36249 + 92
36249 + 92
36249 + 92
36249 + 92
36249 + 92
36249 + 92
36249 + 92
36249 + 92
36249 + 92
36249 + 92
36249 + 92
36249 + 92
36249 + 92
36249 + 92
36249 + 92
36249 + 92
36249 + 92
36249 + 92
36249 + 92
36249 + 92
36249 + 92
36249 + 92
36249 + 92
36249 + 92
36249 + 92
36249 + 92
36249 + 92
36249 + 92
36249 + 92
36249 + 92
36249 + 92
36249 + 92
36249 + 92
36249 + 92
36249 + 92
36249 + 92
36249 + 92
36249 + 92
36249 + 92
36249 + 92
36249 + 92
36249 + 92
36249 + 92
36249 + 92
36249 + 92
36249 + 92
36249 + 92
36249 + 92
36249 + 92
36249 + 92
36249 + 92
36249 + 92
36249 + 92
36249 + 92
36249 + 92
36249 + 92
36249 + 92
36249 + 92
36249 + 92
37537 # 1504
37537 - 92 1288
37537 - 92 1288
37537 - 92 1288
37537 - 92 1288
37537 - 92 1288
37537 - 92 1288
37537 - 92 1288
37537 - 92 1288
37537 - 92 1288
37537 - 92 1288
37537 - 92 1288
37537 - 92 1288
37537 - 92 1288
37537 - 92 1288
37537 - 92 1288
37537 - 92 1288
37537 # 1504
37537 - 92 1288
37537 - 92 1288
37537 - 92 1288
37537 - 92 1288
37537 - 92 1288
37537 - 92 1288
37537 - 92 1288
37537 - 92 1288
37537 - 92 1288
37537 - 92 1288
37537 - 92 1288
37537 - 92 1288
37537 - 92 1288
37537 - 92 1288
37537 - 92 1288
37537 - 92 1288
37537 # 1504
37537 - 92 1288
37537 - 92 1288
37537 - 92 1288
37537 - 92 1288
37537 - 92 1288
37537 - 92 1288
37537 - 92 1288
37537 - 92 1288
37537 - 92 1288
37537 - 92 1288
37537 - 92 1288
37537 - 92 1288
37537 - 92 1288
37537 - 92 1288
37537 - 92 1288
37537 - 92 1288
37537 - 92 1288
37537 # 1504
37537 - 92 1288
37537 - 92 1288
37537 - 92 1288
37537 - 92 1288
37537 - 92 1288
37537 - 92 1288
37537 - 92 1288
37537 - 92 1288
37537 - 92 1288
37537 - 92 1288
37537 - 92 1288
37537 - 92 1288
37537 - 92 1288
37537 - 92 1288
37537 - 92 1288
37537 - 92 1288
37537 # 1504
37537 - 92 1288
37537 - 92 1288
37537 - 92 1288
37537 - 92 1288
37537 - 92 1288
37537 - 92 1288
37537 - 92 1288
37537 - 92 1288
37537 - 92 1288
37537 - 92 1288
37537 - 92 1288
37537 - 92 1288
37537 - 92 1288
37537 - 92 1288
37537 - 92 1288
37537 - 92 1288
37537 # 1504
37537 - 92 1288
37537 - 92 1288
37537 # 1504
37537 # 1504
37537 # 1504
37537 # 1504
37537 # 1504
37537 # 1504
37537 # 1504
37537 # 1504
37537 # 1504
37537 # 1504
37537 # 1504
37537 # 1504
37537 # 1504
37537 # 1504
37537 # 1504
37537 # 1504
37537 # 1504
37537 # 1504
37537 # 1504
37537 # 1504
37537 # 1504
37537 # 1504
37537 # 1504
37537 # 1504
37537 # 1504
37537 # 1504
37537 # 1504
37537 # 1504
37537 # 1504
37537 # 1504
37537 # 1504
37537 # 1504
37537 # 1504
37537 # 1504
37537 # 1504
37537 # 1504
37537 # 1504
37537 # 1504
37537 # 1504
37537 # 1504
37537 # 1504
37537 # 1504
37537 # 1504
37537 # 1504
37537 # 1504
37537 # 1504
37537 # 1504
37537 # 1504
37537 # 1504
37537 # 1504
37537 # 1504
37537 # 1504
37537 # 1504
37537 # 1504
37537 # 1504
37537 # 1504
37537 # 1504
37537 # 1504
37537 # 1504
37537 # 1504
37537 # 1504
37537 # 1504
37537 # 1504
37537 # 1504
37537 # 1504
37537 # 1504
37537 # 1504
37537 # 1504
37537 # 1504
37537 # 1504
37537 # 1504
37537 # 1504
37537 # 1504
37537 # 1504
37537 # 1504
37537 # 1504
37537 # 1504
37744 + 92
37744 + 92
37744 + 92
37744 + 92
37744 + 92
37744 + 92
37744 + 92
37744 + 92
37744 + 92
37744 + 92
37744 + 92
37744 + 92
37744 + 92
37744 + 92
37744 + 92
37744 + 92
37744 + 92
37744 + 92
37744 + 92
37744 + 92
37744 + 92
37744 + 92
37744 + 92
37744 + 92
37744 + 92
37744 + 92
37744 + 92
37744 + 92
37744 + 92
37744 + 92
37744 + 92
37744 + 92
37744 + 92
37744 + 92
37744 + 92
37744 + 92
37744 + 92
37744 + 92
37744 + 92
37744 + 92
37744 + 92
37744 + 92
37744 + 92
37744 + 92
37744 + 92
37744 + 92
37744 + 92
37744 + 92
37744 + 92
37744 + 92
37744 + 92
37744 + 92
37744 + 92
37744 + 92
37744 + 92
37745 + 92
37745 + 92
37745 + 92
37745 + 92
37745 + 92
37745 + 92
37745 + 92
37746 + 92
37746 + 92
37746 + 92
37746 + 92
37746 + 92
37746 + 92
37746 + 92
37746 + 92
37746 + 92
37746 + 92
37746 + 92
37746 + 92
37746 + 92
37746 + 92
37746 + 92
37746 + 92
37746 + 92
37746 + 92
37746 + 92
37746 + 92
37746 + 92
39037 # 1504
39037 - 92 1293
39037 - 92 1293
39037 - 92 1293
39037 - 92 1293
39037 - 92 1293
39037 - 92 1293
39037 - 92 1293
39037 - 92 1293
39037 - 92 1293
39037 - 92 1293
39037 - 92 1293
39037 - 92 1293
39037 - 92 1293
39037 - 92 1293
39037 - 92 1293
39037 - 92 1293
39037 # 1504
39037 - 92 1293
39037 - 92 1293
39037 - 92 1293
39037 - 92 1293
39037 - 92 1293
39037 - 92 1293
39037 - 92 1293
39037 - 92 1293
39037 - 92 1293
39037 - 92 1293
39037 - 92 1293
39037 - 92 1293
39037 - 92 1293
39037 - 92 1293
39037 - 92 1293
39037 - 92 1293
39037 # 1504
39037 - 92 1293
39037 - 92 1293
39037 - 92 1293
39037 - 92 1293
39037 - 92 1293
39037 - 92 1293
39037 - 92 1293
39037 - 92 1293
39037 - 92 1293
39037 - 92 1293
39037 - 92 1293
39037 - 92 1293
39037 - 92 1293
39037 - 92 1293
39037 - 92 1293
39037 - 92 1293
39037 - 92 1293
39037 # 1504
39037 - 92 1293
39037 - 92 1293
39037 - 92 1293
39037 - 92 1293
39037 - 92 1293
39037 - 92 1293
39037 - 92 1292
39037 - 92 1292
39037 - 92 1292
39037 - 92 1292
39037 - 92 1292
39037 - 92 1292
39037 - 92 1292
39037 - 92 1291
39037 - 92 1291
39037 - 92 1291
39037 # 1504
39037 - 92 1291
39037 - 92 1291
39037 - 92 1291
39037 - 92 1291
39037 - 92 1291
39037 - 92 1291
39037 - 92 1291
39037 - 92 1291
39037 - 92 1291
39037 - 92 1291
39037 - 92 1291
39037 - 92 1291
39037 - 92 1291
39037 - 92 1291
39037 - 92 1291
39037 - 92 1291
39037 # 1504
39037 - 92 1291
39037 - 92 1291
39037 # 1504
39037 # 1504
39037 # 1504
39037 # 1504
39037 # 1504
39037 # 1504
39037 # 1504
39037 # 1504
39037 # 1504
39037 # 1504
39037 # 1504
39037 # 1504
39037 # 1504
39037 # 1504
39037 # 1504
39037 # 1504
39037 # 1504
39037 # 1504
39037 # 1504
39037 # 1504
39037 # 1504
39037 # 1504
39037 # 1504
39037 # 1504
39037 # 1504
39037 # 1504
39037 # 1504
39037 # 1504
39037 # 1504
39037 # 1504
39037 # 1504
39037 # 1504
39037 # 1504
39037 # 1504
39037 # 1504
39037 # 1504
39037 # 1504
39037 # 1504
39037 # 1504
39037 # 1504
39037 # 1504
39037 # 1504
39037 # 1504
39037 # 1504
39037 # 1504
39037 # 1504
39037 # 1504
39037 # 1504
39037 # 1504
39037 # 1504
39037 # 1504
39037 # 1504
39037 # 1504
39037 # 1504
39037 # 1504
39037 # 1504
39037 # 1504
39037 # 1504
39037 # 1504
39037 # 1504
39037 # 1504
39037 # 1504
39037 # 1504
39037 # 1504
39037 # 1504
39037 # 1504
39037 # 1504
39037 # 1504
39037 # 1504
39037 # 1504
39037 # 1504
39037 # 1504
39037 # 1504
39037 # 1504
39037 # 1504
39037 # 1504
39037 # 1504
39252 + 92
39252 + 92
39252 + 92
39252 + 92
39252 + 92
39252 + 92
39252 + 92
39252 + 92
39252 + 92
39252 + 92
39252 + 92
39252 + 92
39252 + 92
39252 + 92
39252 + 92
39252 + 92
39252 + 92
39252 + 92
39252 + 92
39252 + 92
39252 + 92
39252 + 92
39252 + 92
39252 + 92
39252 + 92
39252 + 92
39252 + 92
39252 + 92
39252 + 92
39252 + 92
39252 + 92
39252 + 92
39252 + 92
39252 + 92
39252 + 92
39252 + 92
39252 + 92
39252 + 92
39252 + 92
39252 + 92
39252 + 92
39252 + 92
39252 + 92
39252 + 92
39252 + 92
39252 + 92
39252 + 92
39252 + 92
39257 + 92
39257 + 92
39257 + 92
39257 + 92
39257 + 92
39257 + 92
39257 + 92
39257 + 92
39257 + 92
39257 + 92
39257 + 92
39257 + 92
39257 + 92
39257 + 92
39257 + 92
39257 + 92
39257 + 92
39257 + 92
39257 + 92
39257 + 92
39257 + 92
39257 + 92
39257 + 92
39257 + 92
39257 + 92
39257 + 92
39257 + 92
39257 + 92
39257 + 92
39257 + 92
39257 + 92
39257 + 92
39257 + 92
39257 + 92
39257 + 92
40537 # 1504
40537 - 92 1285
40537 - 92 1285
40537 - 92 1285
40537 - 92 1285
40537 - 92 1285
40537 - 92 1285
40537 - 92 1285
40537 - 92 1285
40537 - 92 1285
40537 - 92 1285
40537 - 92 1285
40537 - 92 1285
40537 - 92 1285
40537 - 92 1285
40537 - 92 1285
40537 - 92 1285
40537 # 1504
40537 - 92 1285
40537 - 92 1285
40537 - 92 1285
40537 - 92 1285
40537 - 92 1285
40537 - 92 1285
40537 - 92 1285
40537 - 92 1285
40537 - 92 1285
40537 - 92 1285
40537 - 92 1285
40537 - 92 1285
40537 - 92 1285
40537 - 92 1285
40537 - 92 1285
40537 - 92 1285
40537 # 1504
40537 - 92 1285
40537 - 92 1285
40537 - 92 1285
40537 - 92 1285
40537 - 92 1285
40537 - 92 1285
40537 - 92 1285
40537 - 92 1285
40537 - 92 1285
40537 - 92 1285
40537 - 92 1285
40537 - 92 1285
40537 - 92 1285
40537 - 92 1285
40537 - 92 1285
40537 - 92 1285
40537 - 92 1280
40537 # 1504
40537 - 92 1280
40537 - 92 1280
40537 - 92 1280
40537 - 92 1280
40537 - 92 1280
40537 - 92 1280
40537 - 92 1280
40537 - 92 1280
40537 - 92 1280
40537 - 92 1280
40537 - 92 1280
40537 - 92 1280
40537 - 92 1280
40537 - 92 1280
40537 - 92 1280
40537 - 92 1280
40537 # 1504
40537 - 92 1280
40537 - 92 1280
40537 - 92 1280
40537 - 92 1280
40537 - 92 1280
40537 - 92 1280
40537 - 92 1280
40537 - 92 1280
40537 - 92 1280
40537 - 92 1280
40537 - 92 1280
40537 - 92 1280
40537 - 92 1280
40537 - 92 1280
40537 - 92 1280
40537 - 92 1280
40537 # 1504
40537 - 92 1280
40537 - 92 1280
40537 # 1504
40537 # 1504
40537 # 1504
40537 # 1504
40537 # 1504
40537 # 1504
40537 # 1504
40537 # 1504
40537 # 1504
40537 # 1504
40537 # 1504
40537 # 1504
40537 # 1504
40537 # 1504
40537 # 1504
40537 # 1504
40537 # 1504
40537 # 1504
40537 # 1504
40537 # 1504
40537 # 1504
40537 # 1504
40537 # 1504
40537 # 1504
40537 # 1504
40537 # 1504
40537 # 1504
40537 # 1504
40537 # 1504
40537 # 1504
40537 # 1504
40537 # 1504
40537 # 1504
40537 # 1504
40537 # 1504
40537 # 1504
40537 # 1504
40537 # 1504
40537 # 1504
40537 # 1504
40537 # 1504
40537 # 1504
40537 # 1504
40537 # 1504
40537 # 1504
40537 # 1504
40537 # 1504
40537 # 1504
40537 # 1504
40537 # 1504
40537 # 1504
40537 # 1504
40537 # 1504
40537 # 1504
40537 # 1504
40537 # 1504
40537 # 1504
40537 # 1504
40537 # 1504
40537 # 1504
40537 # 1504
40537 # 1504
40537 # 1504
40537 # 1504
40537 # 1504
40537 # 1504
40537 # 1504
40537 # 1504
40537 # 1504
40537 # 1504
40537 # 1504
40537 # 1504
40537 # 1504
40537 # 1504
40537 # 1504
40537 # 1504
40537 # 1504
40744 + 92
40747 + 92
40747 + 92
40747 + 92
40747 + 92
40747 + 92
40747 + 92
40747 + 92
40747 + 92
40747 + 92
40747 + 92
40747 + 92
40747 + 92
40747 + 92
40747 + 92
40747 + 92
40747 + 92
40747 + 92
40747 + 92
40747 + 92
40747 + 92
40747 + 92
40747 + 92
40747 + 92
40747 + 92
40747 + 92
40747 + 92
40747 + 92
40747 + 92
40747 + 92
40747 + 92
40747 + 92
40747 + 92
40747 + 92
40747 + 92
40747 + 92
40747 + 92
40747 + 92
40747 + 92
40747 + 92
40747 + 92
40747 + 92
40747 + 92
40747 + 92
40747 + 92
40747 + 92
40747 + 92
40747 + 92
40747 + 92
40747 + 92
40747 + 92
40747 + 92
40747 + 92
40747 + 92
40747 + 92
40747 + 92
40747 + 92
40747 + 92
40747 + 92
40747 + 92
40747 + 92
40747 + 92
40747 + 92
40747 + 92
40747 + 92
40747 + 92
40747 + 92
40747 + 92
40747 + 92
40747 + 92
40747 + 92
40747 + 92
40747 + 92
40747 + 92
40747 + 92
40747 + 92
40747 + 92
40747 + 92
40747 + 92
40747 + 92
40747 + 92
40747 + 92
40747 + 92
42037 # 1504
42037 - 92 1293
42037 - 92 1290
42037 - 92 1290
42037 - 92 1290
42037 - 92 1290
42037 - 92 1290
42037 - 92 1290
42037 - 92 1290
42037 - 92 1290
42037 - 92 1290
42037 - 92 1290
42037 - 92 1290
42037 - 92 1290
42037 - 92 1290
42037 - 92 1290
42037 - 92 1290
42037 # 1504
42037 - 92 1290
42037 - 92 1290
42037 - 92 1290
42037 - 92 1290
42037 - 92 1290
42037 - 92 1290
42037 - 92 1290
42037 - 92 1290
42037 - 92 1290
42037 - 92 1290
42037 - 92 1290
42037 - 92 1290
42037 - 92 1290
42037 - 92 1290
42037 - 92 1290
42037 - 92 1290
42037 # 1504
42037 - 92 1290
42037 - 92 1290
42037 - 92 1290
42037 - 92 1290
42037 - 92 1290
42037 - 92 1290
42037 - 92 1290
42037 - 92 1290
42037 - 92 1290
42037 - 92 1290
42037 - 92 1290
42037 - 92 1290
42037 - 92 1290
42037 - 92 1290
42037 - 92 1290
42037 - 92 1290
42037 - 92 1290
42037 # 1504
42037 - 92 1290
42037 - 92 1290
42037 - 92 1290
42037 - 92 1290
42037 - 92 1290
42037 - 92 1290
42037 - 92 1290
42037 - 92 1290
42037 - 92 1290
42037 - 92 1290
42037 - 92 1290
42037 - 92 1290
42037 - 92 1290
42037 - 92 1290
42037 - 92 1290
42037 - 92 1290
42037 # 1504
42037 - 92 1290
42037 - 92 1290
42037 - 92 1290
42037 - 92 1290
42037 - 92 1290
42037 - 92 1290
42037 - 92 1290
42037 - 92 1290
42037 - 92 1290
42037 - 92 1290
42037 - 92 1290
42037 - 92 1290
42037 - 92 1290
42037 - 92 1290
42037 - 92 1290
42037 - 92 1290
42037 # 1504
42037 - 92 1290
42037 - 92 1290
42037 # 1504
42037 # 1504
42037 # 1504
42037 # 1504
42037 # 1504
42037 # 1504
42037 # 1504
42037 # 1504
42037 # 1504
42037 # 1504
42037 # 1504
42037 # 1504
42037 # 1504
42037 # 1504
42037 # 1504
42037 # 1504
42037 # 1504
42037 # 1504
42037 # 1504
42037 # 1504
42037 # 1504
42037 # 1504
42037 # 1504
42037 # 1504
42037 # 1504
42037 # 1504
42037 # 1504
42037 # 1504
42037 # 1504
42037 # 1504
42037 # 1504
42037 # 1504
42037 # 1504
42037 # 1504
42037 # 1504
42037 # 1504
42037 # 1504
42037 # 1504
42037 # 1504
42037 # 1504
42037 # 1504
42037 # 1504
42037 # 1504
42037 # 1504
42037 # 1504
42037 # 1504
42037 # 1504
42037 # 1504
42037 # 1504
42037 # 1504
42037 # 1504
42037 # 1504
42037 # 1504
42037 # 1504
42037 # 1504
42037 # 1504
42037 # 1504
42037 # 1504
42037 # 1504
42037 # 1504
42037 # 1504
42037 # 1504
42037 # 1504
42037 # 1504
42037 # 1504
42037 # 1504
42037 # 1504
42037 # 1504
42037 # 1504
42037 # 1504
42037 # 1504
42037 # 1504
42037 # 1504
42037 # 1504
42037 # 1504
42037 # 1504
42037 # 1504
42246 + 92
42246 + 92
42246 + 92
42246 + 92
42246 + 92
42246 + 92
42246 + 92
42246 + 92
42246 + 92
42246 + 92
42246 + 92
42246 + 92
42246 + 92
42246 + 92
42246 + 92
42246 + 92
42247 + 92
42247 + 92
42247 + 92
42247 + 92
42247 + 92
42247 + 92
42247 + 92
42247 + 92
42247 + 92
42247 + 92
42247 + 92
42250 + 92
42250 + 92
42250 + 92
42250 + 92
42250 + 92
42250 + 92
42250 + 92
42250 + 92
42250 + 92
42250 + 92
42250 + 92
42250 + 92
42250 + 92
42250 + 92
42250 + 92
42250 + 92
42250 + 92
42250 + 92
42250 + 92
42250 + 92
42250 + 92
42250 + 92
42250 + 92
42250 + 92
42250 + 92
42250 + 92
42250 + 92
42250 + 92
42250 + 92
42250 + 92
42250 + 92
42250 + 92
42250 + 92
42250 + 92
42250 + 92
42250 + 92
42250 + 92
42250 + 92
42250 + 92
42250 + 92
42250 + 92
42250 + 92
42250 + 92
42250 + 92
42250 + 92
42250 + 92
42250 + 92
42250 + 92
42250 + 92
42250 + 92
42250 + 92
42250 + 92
42250 + 92
42250 + 92
42250 + 92
42250 + 92
43537 # 1504
43537 - 92 1291
43537 - 92 1291
43537 - 92 1291
43537 - 92 1291
43537 - 92 1291
43537 - 92 1291
43537 - 92 1291
43537 - 92 1291
43537 - 92 1291
43537 - 92 1291
43537 - 92 1291
43537 - 92 1291
43537 - 92 1291
43537 - 92 1291
43537 - 92 1291
43537 - 92 1291
43537 # 1504
43537 - 92 1290
43537 - 92 1290
43537 - 92 1290
43537 - 92 1290
43537 - 92 1290
43537 - 92 1290
43537 - 92 1290
43537 - 92 1290
43537 - 92 1290
43537 - 92 1290
43537 - 92 1290
43537 - 92 1287
43537 - 92 1287
43537 - 92 1287
43537 - 92 1287
43537 - 92 1287
43537 # 1504
43537 - 92 1287
43537 - 92 1287
43537 - 92 1287
43537 - 92 1287
43537 - 92 1287
43537 - 92 1287
43537 - 92 1287
43537 - 92 1287
43537 - 92 1287
43537 - 92 1287
43537 - 92 1287
43537 - 92 1287
43537 - 92 1287
43537 - 92 1287
43537 - 92 1287
43537 - 92 1287
43537 - 92 1287
43537 # 1504
43537 - 92 1287
43537 - 92 1287
43537 - 92 1287
43537 - 92 1287
43537 - 92 1287
43537 - 92 1287
43537 - 92 1287
43537 - 92 1287
43537 - 92 1287
43537 - 92 1287
43537 - 92 1287
43537 - 92 1287
43537 - 92 1287
43537 - 92 1287
43537 - 92 1287
43537 - 92 1287
43537 # 1504
43537 - 92 1287
43537 - 92 1287
43537 - 92 1287
43537 - 92 1287
43537 - 92 1287
43537 - 92 1287
43537 - 92 1287
43537 - 92 1287
43537 - 92 1287
43537 - 92 1287
43537 - 92 1287
43537 - 92 1287
43537 - 92 1287
43537 - 92 1287
43537 - 92 1287
43537 - 92 1287
43537 # 1504
43537 - 92 1287
43537 - 92 1287
43537 # 1504
43537 # 1504
43537 # 1504
43537 # 1504
43537 # 1504
43537 # 1504
43537 # 1504
43537 # 1504
43537 # 1504
43537 # 1504
43537 # 1504
43537 # 1504
43537 # 1504
43537 # 1504
43537 # 1504
43537 # 1504
43537 # 1504
43537 # 1504
43537 # 1504
43537 # 1504
43537 # 1504
43537 # 1504
43537 # 1504
43537 # 1504
43537 # 1504
43537 # 1504
43537 # 1504
43537 # 1504
43537 # 1504
43537 # 1504
43537 # 1504
43537 # 1504
43537 # 1504
43537 # 1504
43537 # 1504
43537 # 1504
43537 # 1504
43537 # 1504
43537 # 1504
43537 # 1504
43537 # 1504
43537 # 1504
43537 # 1504
43537 # 1504
43537 # 1504
43537 # 1504
43537 # 1504
43537 # 1504
43537 # 1504
43537 # 1504
43537 # 1504
43537 # 1504
43537 # 1504
43537 # 1504
43537 # 1504
43537 # 1504
43537 # 1504
43537 # 1504
43537 # 1504
43537 # 1504
43537 # 1504
43537 # 1504
43537 # 1504
43537 # 1504
43537 # 1504
43537 # 1504
43537 # 1504
43537 # 1504
43537 # 1504
43537 # 1504
43537 # 1504
43537 # 1504
43537 # 1504
43537 # 1504
43537 # 1504
43537 # 1504
43537 # 1504
43743 + 92
43743 + 92
43743 + 92
43743 + 92
43743 + 92
43743 + 92
43743 + 92
43743 + 92
43743 + 92
43743 + 92
43743 + 92
43743 + 92
43743 + 92
43743 + 92
43743 + 92
43743 + 92
43743 + 92
43743 + 92
43745 + 92
43745 + 92
43745 + 92
43745 + 92
43745 + 92
43745 + 92
43745 + 92
43745 + 92
43745 + 92
43745 + 92
43745 + 92
43745 + 92
43745 + 92
43745 + 92
43745 + 92
43745 + 92
43745 + 92
43745 + 92
43745 + 92
43746 + 92
43746 + 92
43746 + 92
43746 + 92
43746 + 92
43746 + 92
43746 + 92
43746 + 92
43746 + 92
43746 + 92
43746 + 92
43746 + 92
43747 + 92
43747 + 92
43747 + 92
43747 + 92
43747 + 92
43747 + 92
43747 + 92
43747 + 92
43747 + 92
43747 + 92
43747 + 92
45037 # 1504
45037 - 92 1294
45037 - 92 1294
45037 - 92 1294
45037 - 92 1294
45037 - 92 1294
45037 - 92 1294
45037 - 92 1294
45037 - 92 1294
45037 - 92 1294
45037 - 92 1294
45037 - 92 1294
45037 - 92 1294
45037 - 92 1294
45037 - 92 1294
45037 - 92 1294
45037 - 92 1294
45037 # 1504
45037 - 92 1294
45037 - 92 1294
45037 - 92 1292
45037 - 92 1292
45037 - 92 1292
45037 - 92 1292
45037 - 92 1292
45037 - 92 1292
45037 - 92 1292
45037 - 92 1292
45037 - 92 1292
45037 - 92 1292
45037 - 92 1292
45037 - 92 1292
45037 - 92 1292
45037 - 92 1292
45037 # 1504
45037 - 92 1292
45037 - 92 1292
45037 - 92 1292
45037 - 92 1292
45037 - 92 1292
45037 - 92 1291
45037 - 92 1291
45037 - 92 1291
45037 - 92 1291
45037 - 92 1291
45037 - 92 1291
45037 - 92 1291
45037 - 92 1291
45037 - 92 1291
45037 - 92 1291
45037 - 92 1291
45037 - 92 1291
45037 # 1504
45037 - 92 1290
45037 - 92 1290
45037 - 92 1290
45037 - 92 1290
45037 - 92 1290
45037 - 92 1290
45037 - 92 1290
45037 - 92 1290
45037 - 92 1290
45037 - 92 1290
45037 - 92 1290
45037 # 1504
45037 # 1504
45037 # 1504
45037 # 1504
45037 # 1504
45037 # 1504
45037 # 1504
45037 # 1504
45037 # 1504
45037 # 1504
45037 # 1504
45037 # 1504
45037 # 1504
45037 # 1504
45037 # 1504
45037 # 1504
45037 # 1504
45037 # 1504
45037 # 1504
45037 # 1504
45037 # 1504
45037 # 1504
45037 # 1504
45037 # 1504
45037 # 1504
45037 # 1504
45037 # 1504
45037 # 1504
45037 # 1504
45037 # 1504
45037 # 1504
45037 # 1504
45037 # 1504
45037 # 1504
45037 # 1504
45037 # 1504
45037 # 1504
45037 # 1504
45037 # 1504
45037 # 1504
45037 # 1504
45037 # 1504
45037 # 1504
45037 # 1504
45037 # 1504
45037 # 1504
45037 # 1504
45037 # 1504
45037 # 1504
45037 # 1504
45037 # 1504
45037 # 1504
45037 # 1504
45037 # 1504
45037 # 1504
45037 # 1504
45037 # 1504
45037 # 1504
45037 # 1504
45037 # 1504
45037 # 1504
45037 # 1504
45037 # 1504
45037 # 1504
45037 # 1504
45037 # 1504
45037 # 1504
45037 # 1504
45037 # 1504
45037 # 1504
45037 # 1504
45037 # 1504
45037 # 1504
45037 # 1504
45037 # 1504
45037 # 1504
45037 # 1504
45037 # 1504
45037 # 1504
45243 + 92
45243 + 92
45243 + 92
45243 + 92
45243 + 92
45243 + 92
45243 + 92
45243 + 92
45243 + 92
45243 + 92
45243 + 92
45243 + 92
45243 + 92
45243 + 92
45243 + 92
45243 + 92
45244 + 92
45244 + 92
45244 + 92
45244 + 92
45244 + 92
45244 + 92
45244 + 92
45244 + 92
45244 + 92
45244 + 92
45244 + 92
45244 + 92
45247 + 92
45247 + 92
45247 + 92
45247 + 92
45247 + 92
45247 + 92
45247 + 92
45247 + 92
45247 + 92
45247 + 92
45247 + 92
45247 + 92
45247 + 92
45286 + 92
46537 # 1504
46537 - 92 1294
46537 - 92 1294
46537 - 92 1294
46537 - 92 1294
46537 - 92 1294
46537 - 92 1294
46537 - 92 1294
46537 - 92 1294
46537 - 92 1294
46537 - 92 1294
46537 - 92 1294
46537 - 92 1294
46537 - 92 1294
46537 - 92 1294
46537 - 92 1294
46537 - 92 1294
46537 # 1504
46537 - 92 1293
46537 - 92 1293
46537 - 92 1293
46537 - 92 1293
46537 - 92 1293
46537 - 92 1293
46537 - 92 1293
46537 - 92 1293
46537 - 92 1293
46537 - 92 1293
46537 - 92 1293
46537 - 92 1293
46537 - 92 1290
46537 - 92 1290
46537 - 92 1290
46537 - 92 1290
46537 # 1504
46537 - 92 1290
46537 - 92 1290
46537 - 92 1290
46537 - 92 1290
46537 - 92 1290
46537 - 92 1290
46537 - 92 1290
46537 - 92 1290
46537 - 92 1290
46537 - 92 1251
46537 # 1504
46537 # 1504
46537 # 1504
46537 # 1504
46537 # 1504
46537 # 1504
46537 # 1504
46537 # 1504
46537 # 1504
46537 # 1504
46537 # 1504
46537 # 1504
46537 # 1504
46537 # 1504
46537 # 1504
46537 # 1504
46537 # 1504
46537 # 1504
46537 # 1504
46537 # 1504
46537 # 1504
46537 # 1504
46537 # 1504
46537 # 1504
46537 # 1504
46537 # 1504
46537 # 1504
46537 # 1504
46537 # 1504
46537 # 1504
46537 # 1504
46537 # 1504
46537 # 1504
46537 # 1504
46537 # 1504
46537 # 1504
46537 # 1504
46537 # 1504
46537 # 1504
46537 # 1504
46537 # 1504
46537 # 1504
46537 # 1504
46537 # 1504
46537 # 1504
46537 # 1504
46537 # 1504
46537 # 1504
46537 # 1504
46537 # 1504
46537 # 1504
46537 # 1504
46537 # 1504
46537 # 1504
46537 # 1504
46537 # 1504
46537 # 1504
46537 # 1504
46537 # 1504
46537 # 1504
46537 # 1504
46537 # 1504
46537 # 1504
46537 # 1504
46537 # 1504
46537 # 1504
46537 # 1504
46537 # 1504
46537 # 1504
46537 # 1504
46537 # 1504
46537 # 1504
46537 # 1504
46537 # 1504
46537 # 1504
46537 # 1504
46537 # 1504
46537 # 1504
46537 # 1504
46537 # 1504
46743 + 92
46743 + 92
46743 + 92
46743 + 92
46745 + 92
46745 + 92
46745 + 92
46745 + 92
46745 + 92
46745 + 92
46745 + 92
46745 + 92
46745 + 92
46745 + 92
46745 + 92
46745 + 92
46745 + 92
46745 + 92
46745 + 92
46745 + 92
46745 + 92
46745 + 92
46745 + 92
46745 + 92
46745 + 92
46745 + 92
46745 + 92
46745 + 92
46745 + 92
46745 + 92
46745 + 92
46746 + 92
46746 + 92
46746 + 92
46746 + 92
46746 + 92
46746 + 92
46746 + 92
46746 + 92
48037 # 1504
48037 - 92 1294
48037 - 92 1294
48037 - 92 1294
48037 - 92 1294
48037 - 92 1292
48037 - 92 1292
48037 - 92 1292
48037 - 92 1292
48037 - 92 1292
48037 - 92 1292
48037 - 92 1292
48037 - 92 1292
48037 - 92 1292
48037 - 92 1292
48037 - 92 1292
48037 - 92 1292
48037 # 1504
48037 - 92 1292
48037 - 92 1292
48037 - 92 1292
48037 - 92 1292
48037 - 92 1292
48037 - 92 1292
48037 - 92 1292
48037 - 92 1292
48037 - 92 1292
48037 - 92 1292
48037 - 92 1292
48037 - 92 1292
48037 - 92 1292
48037 - 92 1292
48037 - 92 1292
48037 - 92 1291
48037 # 1504
48037 - 92 1291
48037 - 92 1291
48037 - 92 1291
48037 - 92 1291
48037 - 92 1291
48037 - 92 1291
48037 - 92 1291
48037 # 1504
48037 # 1504
48037 # 1504
48037 # 1504
48037 # 1504
48037 # 1504
48037 # 1504
48037 # 1504
48037 # 1504
48037 # 1504
48037 # 1504
48037 # 1504
48037 # 1504
48037 # 1504
48037 # 1504
48037 # 1504
48037 # 1504
48037 # 1504
48037 # 1504
48037 # 1504
48037 # 1504
48037 # 1504
48037 # 1504
48037 # 1504
48037 # 1504
48037 # 1504
48037 # 1504
48037 # 1504
48037 # 1504
48037 # 1504
48037 # 1504
48037 # 1504
48037 # 1504
48037 # 1504
48037 # 1504
48037 # 1504
48037 # 1504
48037 # 1504
48037 # 1504
48037 # 1504
48037 # 1504
48037 # 1504
48037 # 1504
48037 # 1504
48037 # 1504
48037 # 1504
48037 # 1504
48037 # 1504
48037 # 1504
48037 # 1504
48037 # 1504
48037 # 1504
48037 # 1504
48037 # 1504
48037 # 1504
48037 # 1504
48037 # 1504
48037 # 1504
48037 # 1504
48037 # 1504
48037 # 1504
48037 # 1504
48037 # 1504
48037 # 1504
48037 # 1504
48037 # 1504
48037 # 1504
48037 # 1504
48037 # 1504
48037 # 1504
48037 # 1504
48037 # 1504
48037 # 1504
48037 # 1504
48037 # 1504
48037 # 1504
48037 # 1504
48037 # 1504
48037 # 1504
48037 # 1504
48261 + 92
48261 + 92
48261 + 92
48261 + 92
48261 + 92
48261 + 92
48261 + 92
48261 + 92
48261 + 92
48261 + 92
48262 + 92
48262 + 92
48262 + 92
48262 + 92
48262 + 92
48262 + 92
48262 + 92
48262 + 92
48262 + 92
48262 + 92
48262 + 92
48262 + 92
48262 + 92
48262 + 92
48262 + 92
48262 + 92
48262 + 92
48262 + 92
48262 + 92
48262 + 92
48262 + 92
48262 + 92
48262 + 92
48262 + 92
48262 + 92
48262 + 92
48262 + 92
48262 + 92
48262 + 92
48262 + 92
48262 + 92
48262 + 92
48302 + 92
49537 # 1504
49537 - 92 1276
49537 - 92 1276
49537 - 92 1276
49537 - 92 1276
49537 - 92 1276
49537 - 92 1276
49537 - 92 1276
49537 - 92 1276
49537 - 92 1276
49537 - 92 1276
49537 - 92 1275
49537 - 92 1275
49537 - 92 1275
49537 - 92 1275
49537 - 92 1275
49537 - 92 1275
49537 # 1504
49537 - 92 1275
49537 - 92 1275
49537 - 92 1275
49537 - 92 1275
49537 - 92 1275
49537 - 92 1275
49537 - 92 1275
49537 - 92 1275
49537 - 92 1275
49537 - 92 1275
49537 - 92 1275
49537 - 92 1275
49537 - 92 1275
49537 - 92 1275
49537 - 92 1275
49537 - 92 1275
49537 # 1504
49537 - 92 1275
49537 - 92 1275
49537 - 92 1275
49537 - 92 1275
49537 - 92 1275
49537 - 92 1275
49537 - 92 1275
49537 - 92 1275
49537 - 92 1275
49537 - 92 1275
49537 - 92 1235
49537 # 1504
49537 # 1504
49537 # 1504
49537 # 1504
49537 # 1504
49537 # 1504
49537 # 1504
49537 # 1504
49537 # 1504
49537 # 1504
49537 # 1504
49537 # 1504
49537 # 1504
49537 # 1504
49537 # 1504
49537 # 1504
49537 # 1504
49537 # 1504
49537 # 1504
49537 # 1504
49537 # 1504
49537 # 1504
49537 # 1504
49537 # 1504
49537 # 1504
49537 # 1504
49537 # 1504
49537 # 1504
49537 # 1504
49537 # 1504
49537 # 1504
49537 # 1504
49537 # 1504
49537 # 1504
49537 # 1504
49537 # 1504
49537 # 1504
49537 # 1504
49537 # 1504
49537 # 1504
49537 # 1504
49537 # 1504
49537 # 1504
49537 # 1504
49537 # 1504
49537 # 1504
49537 # 1504
49537 # 1504
49537 # 1504
49537 # 1504
49537 # 1504
49537 # 1504
49537 # 1504
49537 # 1504
49537 # 1504
49537 # 1504
49537 # 1504
49537 # 1504
49537 # 1504
49537 # 1504
49537 # 1504
49537 # 1504
49537 # 1504
49537 # 1504
49537 # 1504
49537 # 1504
49537 # 1504
49537 # 1504
49537 # 1504
49537 # 1504
49537 # 1504
49537 # 1504
49537 # 1504
49537 # 1504
49537 # 1504
49537 # 1504
49537 # 1504
49537 # 1504
49537 # 1504
49537 # 1504
49758 + 92
49758 + 92
49758 + 92
49758 + 92
49758 + 92
49758 + 92
49758 + 92
49758 + 92
49758 + 92
49758 + 92
49758 + 92
49758 + 92
49758 + 92
49759 + 92
49759 + 92
51037 # 1504
51037 - 92 1279
51037 - 92 1279
51037 - 92 1279
51037 - 92 1279
51037 - 92 1279
51037 - 92 1279
51037 - 92 1279
51037 - 92 1279
51037 - 92 1279
51037 - 92 1279
51037 - 92 1279
51037 - 92 1279
51037 - 92 1279
51037 - 92 1278
51037 - 92 1278
51037 # 1504
51037 # 1504
51037 # 1504
51037 # 1504
51037 # 1504
51037 # 1504
51037 # 1504
51037 # 1504
51037 # 1504
51037 # 1504
51037 # 1504
51037 # 1504
51037 # 1504
51037 # 1504
51037 # 1504
51037 # 1504
51037 # 1504
51037 # 1504
51037 # 1504
51037 # 1504
51037 # 1504
51037 # 1504
51037 # 1504
51037 # 1504
51037 # 1504
51037 # 1504
51037 # 1504
51037 # 1504
51037 # 1504
51037 # 1504
51037 # 1504
51037 # 1504
51037 # 1504
51037 # 1504
51037 # 1504
51037 # 1504
51037 # 1504
51037 # 1504
51037 # 1504
51037 # 1504
51037 # 1504
51037 # 1504
51037 # 1504
51037 # 1504
51037 # 1504
51037 # 1504
51037 # 1504
51037 # 1504
51037 # 1504
51037 # 1504
51037 # 1504
51037 # 1504
51037 # 1504
51037 # 1504
51037 # 1504
51037 # 1504
51037 # 1504
51037 # 1504
51037 # 1504
51037 # 1504
51037 # 1504
51037 # 1504
51037 # 1504
51037 # 1504
51037 # 1504
51037 # 1504
51037 # 1504
51037 # 1504
51037 # 1504
51037 # 1504
51037 # 1504
51037 # 1504
51037 # 1504
51037 # 1504
51037 # 1504
51037 # 1504
51037 # 1504
51037 # 1504
51037 # 1504
51037 # 1504
51037 # 1504
51037 # 1504
51281 + 92
51281 + 104
51281 + 104
51281 + 104
51281 + 104
51281 + 104
51281 + 104
52537 # 1504
52537 - 92 1256
52537 - 104 1256
52537 - 104 1256
52537 - 104 1256
52537 - 104 1256
52537 - 104 1256
52537 - 104 1256
52537 # 1504
52537 # 1504
52537 # 1504
52537 # 1504
52537 # 1504
52537 # 1504
52537 # 1504
52537 # 1504
52537 # 1504
52537 # 1504
52537 # 1504
52537 # 1504
52537 # 1504
52537 # 1504
52537 # 1504
52537 # 1504
52537 # 1504
52537 # 1504
52537 # 1504
52537 # 1504
52537 # 1504
52537 # 1504
52537 # 1504
52537 # 1504
52537 # 1504
52537 # 1504
52537 # 1504
52537 # 1504
52537 # 1504
52537 # 1504
52537 # 1504
52537 # 1504
52537 # 1504
52537 # 1504
52537 # 1504
52537 # 1504
52537 # 1504
52537 # 1504
52537 # 1504
52537 # 1504
52537 # 1504
52537 # 1504
52537 # 1504
52537 # 1504
52537 # 1504
52537 # 1504
52537 # 1504
52537 # 1504
52537 # 1504
52537 # 1504
52537 # 1504
52537 # 1504
52537 # 1504
52537 # 1504
52537 # 1504
52537 # 1504
52537 # 1504
52537 # 1504
52537 # 1504
52537 # 1504
52537 # 1504
52537 # 1504
52537 # 1504
52537 # 1504
52537 # 1504
52537 # 1504
52537 # 1504
52537 # 1504
52537 # 1504
52537 # 1504
52537 # 1504
52537 # 1504
52537 # 1504
52537 # 1504
52537 # 1504
52537 # 1504
52537 # 1504
52537 # 1504
52537 # 1504
52537 # 1504
52537 # 1504
52537 # 1504
52745 + 112
52745 + 112
52747 + 112
54037 # 1504
54037 - 112 1292
54037 - 112 1292
54037 - 112 1290
54037 # 1504
54037 # 1504
54037 # 1504
54037 # 1504
54037 # 1504
54037 # 1504
54037 # 1504
54037 # 1504
54037 # 1504
54037 # 1504
54037 # 1504
54037 # 1504
54037 # 1504
54037 # 1504
54037 # 1504
54037 # 1504
54037 # 1504
54037 # 1504
54037 # 1504
54037 # 1504
54037 # 1504
54037 # 1504
54037 # 1504
54037 # 1504
54037 # 1504
54037 # 1504
54037 # 1504
54037 # 1504
54037 # 1504
54037 # 1504
54037 # 1504
54037 # 1504
54037 # 1504
54037 # 1504
54037 # 1504
54037 # 1504
54037 # 1504
54037 # 1504
54037 # 1504
54037 # 1504
54037 # 1504
54037 # 1504
54037 # 1504
54037 # 1504
54037 # 1504
54037 # 1504
54037 # 1504
54037 # 1504
54037 # 1504
54037 # 1504
54037 # 1504
54037 # 1504
54037 # 1504
54037 # 1504
54037 # 1504
54037 # 1504
54037 # 1504
54037 # 1504
54037 # 1504
54037 # 1504
54037 # 1504
54037 # 1504
54037 # 1504
54037 # 1504
54037 # 1504
54037 # 1504
54037 # 1504
54037 # 1504
54037 # 1504
54037 # 1504
54037 # 1504
54037 # 1504
54037 # 1504
54037 # 1504
54037 # 1504
54037 # 1504
54037 # 1504
54037 # 1504
54037 # 1504
54037 # 1504
54037 # 1504
54037 # 1504
54244 + 112
54244 + 120
54244 + 120
55537 # 1504
55537 - 112 1293
55537 - 120 1293
55537 - 120 1293
55537 # 1504
55537 # 1504
55537 # 1504
55537 # 1504
55537 # 1504
55537 # 1504
55537 # 1504
55537 # 1504
55537 # 1504
55537 # 1504
55537 # 1504
55537 # 1504
55537 # 1504
55537 # 1504
55537 # 1504
55537 # 1504
55537 # 1504
55537 # 1504
55537 # 1504
55537 # 1504
55537 # 1504
55537 # 1504
55537 # 1504
55537 # 1504
55537 # 1504
55537 # 1504
55537 # 1504
55537 # 1504
55537 # 1504
55537 # 1504
55537 # 1504
55537 # 1504
55537 # 1504
55537 # 1504
55537 # 1504
55537 # 1504
55537 # 1504
55537 # 1504
55537 # 1504
55537 # 1504
55537 # 1504
55537 # 1504
55537 # 1504
55537 # 1504
55537 # 1504
55537 # 1504
55537 # 1504
55537 # 1504
55537 # 1504
55537 # 1504
55537 # 1504
55537 # 1504
55537 # 1504
55537 # 1504
55537 # 1504
55537 # 1504
55537 # 1504
55537 # 1504
55537 # 1504
55537 # 1504
55537 # 1504
55537 # 1504
55537 # 1504
55537 # 1504
55537 # 1504
55537 # 1504
55537 # 1504
55537 # 1504
55537 # 1504
55537 # 1504
55537 # 1504
55537 # 1504
55537 # 1504
55537 # 1504
55537 # 1504
55537 # 1504
55537 # 1504
55537 # 1504
55537 # 1504
55537 # 1504
55537 # 1504
55537 # 1504
55740 + 120
55742 + 120
55742 + 120
55745 + 120
57037 # 1504
57037 - 120 1297
57037 - 120 1295
57037 - 120 1295
57037 - 120 1292
57037 # 1504
57037 # 1504
57037 # 1504
57037 # 1504
57037 # 1504
57037 # 1504
57037 # 1504
57037 # 1504
57037 # 1504
57037 # 1504
57037 # 1504
57037 # 1504
57037 # 1504
57037 # 1504
57037 # 1504
57037 # 1504
57037 # 1504
57037 # 1504
57037 # 1504
57037 # 1504
57037 # 1504
57037 # 1504
57037 # 1504
57037 # 1504
57037 # 1504
57037 # 1504
57037 # 1504
57037 # 1504
57037 # 1504
57037 # 1504
57037 # 1504
57037 # 1504
57037 # 1504
57037 # 1504
57037 # 1504
57037 # 1504
57037 # 1504
57037 # 1504
57037 # 1504
57037 # 1504
57037 # 1504
57037 # 1504
57037 # 1504
57037 # 1504
57037 # 1504
57037 # 1504
57037 # 1504
57037 # 1504
57037 # 1504
57037 # 1504
57037 # 1504
57037 # 1504
57037 # 1504
57037 # 1504
57037 # 1504
57037 # 1504
57037 # 1504
57037 # 1504
57037 # 1504
57037 # 1504
57037 # 1504
57037 # 1504
57037 # 1504
57037 # 1504
57037 # 1504
57037 # 1504
57037 # 1504
57037 # 1504
57037 # 1504
57037 # 1504
57037 # 1504
57037 # 1504
57037 # 1504
57037 # 1504
57037 # 1504
57037 # 1504
57037 # 1504
57037 # 1504
57037 # 1504
57037 # 1504
57037 # 1504
57037 # 1504
57243 + 120
57243 + 120
57243 + 120
58537 # 1504
58537 - 120 1294
58537 - 120 1294
58537 - 120 1294
58537 # 1504
58537 # 1504
58537 # 1504
58537 # 1504
58537 # 1504
58537 # 1504
58537 # 1504
58537 # 1504
58537 # 1504
58537 # 1504
58537 # 1504
58537 # 1504
58537 # 1504
58537 # 1504
58537 # 1504
58537 # 1504
58537 # 1504
58537 # 1504
58537 # 1504
58537 # 1504
58537 # 1504
58537 # 1504
58537 # 1504
58537 # 1504
58537 # 1504
58537 # 1504
58537 # 1504
58537 # 1504
58537 # 1504
58537 # 1504
58537 # 1504
58537 # 1504
58537 # 1504
58537 # 1504
58537 # 1504
58537 # 1504
58537 # 1504
58537 # 1504
58537 # 1504
58537 # 1504
58537 # 1504
58537 # 1504
58537 # 1504
58537 # 1504
58537 # 1504
58537 # 1504
58537 # 1504
58537 # 1504
58537 # 1504
58537 # 1504
58537 # 1504
58537 # 1504
58537 # 1504
58537 # 1504
58537 # 1504
58537 # 1504
58537 # 1504
58537 # 1504
58537 # 1504
58537 # 1504
58537 # 1504
58537 # 1504
58537 # 1504
58537 # 1504
58537 # 1504
58537 # 1504
58537 # 1504
58537 # 1504
58537 # 1504
58537 # 1504
58537 # 1504
58537 # 1504
58537 # 1504
58537 # 1504
58537 # 1504
58537 # 1504
58537 # 1504
58537 # 1504
58537 # 1504
58537 # 1504
58537 # 1504
58537 # 1504
58740 + 120
58740 + 120
58743 + 120
59489 + 52
60037 # 1504
60037 - 120 1297
60037 - 120 1297
60037 - 120 1294
60037 - 52 548
60037 # 1504
60037 # 1504
60037 # 1504
60037 # 1504
60037 # 1504
60037 # 1504
60037 # 1504
60037 # 1504
60037 # 1504
60037 # 1504
60037 # 1504
60037 # 1504
60037 # 1504
60037 # 1504
60037 # 1504
60037 # 1504
60037 # 1504
60037 # 1504
60037 # 1504
60037 # 1504
60037 # 1504
60037 # 1504
60037 # 1504
60037 # 1504
60037 # 1504
60037 # 1504
60037 # 1504
60037 # 1504
60037 # 1504
60037 # 1504
60037 # 1504
60037 # 1504
60037 # 1504
60037 # 1504
60037 # 1504
60037 # 1504
60037 # 1504
60037 # 1504
60037 # 1504
60037 # 1504
60037 # 1504
60037 # 1504
60037 # 1504
60037 # 1504
60037 # 1504
60037 # 1504
60037 # 1504
60037 # 1504
60037 # 1504
60037 # 1504
60037 # 1504
60037 # 1504
60037 # 1504
60037 # 1504
60037 # 1504
60037 # 1504
60037 # 1504
60037 # 1504
60037 # 1504
60037 # 1504
60037 # 1504
60037 # 1504
60037 # 1504
60037 # 1504
60037 # 1504
60037 # 1504
60037 # 1504
60037 # 1504
60037 # 1504
60037 # 1504
60037 # 1504
60037 # 1504
60037 # 1504
60037 # 1504
60037 # 1504
60037 # 1504
60037 # 1504
60037 # 1504
60037 # 1504
60037 # 1504
60037 # 1504
60037 # 1504
60242 + 120
60242 + 120
60243 + 120
61537 # 1504
61537 - 120 1295
61537 - 120 1295
61537 - 120 1294
61537 # 1504
61537 # 1504
61537 # 1504
61537 # 1504
61537 # 1504
61537 # 1504
61537 # 1504
61537 # 1504
61537 # 1504
61537 # 1504
61537 # 1504
61537 # 1504
61537 # 1504
61537 # 1504
61537 # 1504
61537 # 1504
61537 # 1504
61537 # 1504
61537 # 1504
61537 # 1504
61537 # 1504
61537 # 1504
61537 # 1504
61537 # 1504
61537 # 1504
61537 # 1504
61537 # 1504
61537 # 1504
61537 # 1504
61537 # 1504
61537 # 1504
61537 # 1504
61537 # 1504
61537 # 1504
61537 # 1504
61537 # 1504
61537 # 1504
61537 # 1504
61537 # 1504
61537 # 1504
61537 # 1504
61537 # 1504
61537 # 1504
61537 # 1504
61537 # 1504
61537 # 1504
61537 # 1504
61537 # 1504
61537 # 1504
61537 # 1504
61537 # 1504
61537 # 1504
61537 # 1504
61537 # 1504
61537 # 1504
61537 # 1504
61537 # 1504
61537 # 1504
61537 # 1504
61537 # 1504
61537 # 1504
61537 # 1504
61537 # 1504
61537 # 1504
61537 # 1504
61537 # 1504
61537 # 1504
61537 # 1504
61537 # 1504
61537 # 1504
61537 # 1504
61537 # 1504
61537 # 1504
61537 # 1504
61537 # 1504
61537 # 1504
61537 # 1504
61537 # 1504
61537 # 1504
61537 # 1504
61537 # 1504
61537 # 1504
61742 + 120
61743 + 120
61743 + 120
61743 + 120
61743 + 120
61743 + 120
61744 + 120
61744 + 120
61744 + 120
61744 + 120
61744 + 120
61744 + 120
61744 + 120
61744 + 120
61744 + 120
61744 + 120
61744 + 120
61744 + 120
61744 + 120
61744 + 120
61745 + 120
61745 + 120
61745 + 120
61745 + 120
61745 + 120
61745 + 120
61745 + 120
61745 + 120
61745 + 120
61745 + 120
61745 + 120
61745 + 120
61745 + 120
61745 + 120
61745 + 120
61745 + 120
61745 + 120
61745 + 120
63037 # 1504
63037 - 120 1295
63037 - 120 1294
63037 - 120 1294
63037 - 120 1294
63037 - 120 1294
63037 - 120 1294
63037 - 120 1293
63037 - 120 1293
63037 - 120 1293
63037 - 120 1293
63037 - 120 1293
63037 - 120 1293
63037 # 1504
63037 - 120 1293
63037 - 120 1293
63037 - 120 1293
63037 - 120 1293
63037 - 120 1293
63037 - 120 1293
63037 - 120 1293
63037 - 120 1293
63037 - 120 1292
63037 - 120 1292
63037 - 120 1292
63037 - 120 1292
63037 - 120 1292
63037 # 1504
63037 - 120 1292
63037 - 120 1292
63037 - 120 1292
63037 - 120 1292
63037 - 120 1292
63037 - 120 1292
63037 - 120 1292
63037 - 120 1292
63037 - 120 1292
63037 - 120 1292
63037 - 120 1292
63037 - 120 1292
63037 # 1504
63037 - 120 1292
63037 # 1504
63037 # 1504
63037 # 1504
63037 # 1504
63037 # 1504
63037 # 1504
63037 # 1504
63037 # 1504
63037 # 1504
63037 # 1504
63037 # 1504
63037 # 1504
63037 # 1504
63037 # 1504
63037 # 1504
63037 # 1504
63037 # 1504
63037 # 1504
63037 # 1504
63037 # 1504
63037 # 1504
63037 # 1504
63037 # 1504
63037 # 1504
63037 # 1504
63037 # 1504
63037 # 1504
63037 # 1504
63037 # 1504
63037 # 1504
63037 # 1504
63037 # 1504
63037 # 1504
63037 # 1504
63037 # 1504
63037 # 1504
63037 # 1504
63037 # 1504
63037 # 1504
63037 # 1504
63037 # 1504
63037 # 1504
63037 # 1504
63037 # 1504
63037 # 1504
63037 # 1504
63037 # 1504
63037 # 1504
63037 # 1504
63037 # 1504
63037 # 1504
63037 # 1504
63037 # 1504
63037 # 1504
63037 # 1504
63037 # 1504
63037 # 1504
63037 # 1504
63037 # 1504
63037 # 1504
63037 # 1504
63037 # 1504
63037 # 1504
63037 # 1504
63037 # 1504
63037 # 1504
63037 # 1504
63037 # 1504
63037 # 1504
63037 # 1504
63037 # 1504
63037 # 1504
63037 # 1504
63037 # 1504
63037 # 1504
63037 # 1504
63037 # 1504
63037 # 1504
63037 # 1504
63247 + 120
63247 + 120
63247 + 120
63247 + 120
63247 + 120
63247 + 120
63247 + 120
63247 + 120
63247 + 120
63247 + 120
63247 + 120
63247 + 120
63247 + 120
63247 + 120
63247 + 120
63247 + 120
63247 + 120
63247 + 120
63247 + 120
63247 + 120
63247 + 120
63247 + 120
63247 + 120
63247 + 120
63247 + 120
63247 + 120
63247 + 120
63247 + 120
63247 + 120
63247 + 120
63247 + 120
63247 + 120
63247 + 120
63247 + 120
63247 + 120
63247 + 120
63247 + 120
63247 + 120
63247 + 120
63247 + 120
63247 + 120
63247 + 120
63247 + 120
63247 + 120
63247 + 120
63247 + 120
63247 + 120
63247 + 120
63247 + 120
63247 + 120
63247 + 120
63247 + 120
63247 + 120
63247 + 120
63247 + 120
63247 + 120
63247 + 120
63247 + 120
63247 + 120
63247 + 120
63247 + 120
63247 + 120
63247 + 120
63247 + 120
63247 + 120
63247 + 120
64537 # 1504
64537 - 120 1290
64537 - 120 1290
64537 - 120 1290
64537 - 120 1290
64537 - 120 1290
64537 - 120 1290
64537 - 120 1290
64537 - 120 1290
64537 - 120 1290
64537 - 120 1290
64537 - 120 1290
64537 - 120 1290
64537 # 1504
64537 - 120 1290
64537 - 120 1290
64537 - 120 1290
64537 - 120 1290
64537 - 120 1290
64537 - 120 1290
64537 - 120 1290
64537 - 120 1290
64537 - 120 1290
64537 - 120 1290
64537 - 120 1290
64537 - 120 1290
64537 - 120 1290
64537 # 1504
64537 - 120 1290
64537 - 120 1290
64537 - 120 1290
64537 - 120 1290
64537 - 120 1290
64537 - 120 1290
64537 - 120 1290
64537 - 120 1290
64537 - 120 1290
64537 - 120 1290
64537 - 120 1290
64537 - 120 1290
64537 # 1504
64537 - 120 1290
64537 - 120 1290
64537 - 120 1290
64537 - 120 1290
64537 - 120 1290
64537 - 120 1290
64537 - 120 1290
64537 - 120 1290
64537 - 120 1290
64537 - 120 1290
64537 - 120 1290
64537 - 120 1290
64537 - 120 1290
64537 # 1504
64537 - 120 1290
64537 - 120 1290
64537 - 120 1290
64537 - 120 1290
64537 - 120 1290
64537 - 120 1290
64537 - 120 1290
64537 - 120 1290
64537 - 120 1290
64537 - 120 1290
64537 - 120 1290
64537 - 120 1290
64537 # 1504
64537 - 120 1290
64537 - 120 1290
64537 - 120 1290
64537 - 120 1290
64537 # 1504
64537 # 1504
64537 # 1504
64537 # 1504
64537 # 1504
64537 # 1504
64537 # 1504
64537 # 1504
64537 # 1504
64537 # 1504
64537 # 1504
64537 # 1504
64537 # 1504
64537 # 1504
64537 # 1504
64537 # 1504
64537 # 1504
64537 # 1504
64537 # 1504
64537 # 1504
64537 # 1504
64537 # 1504
64537 # 1504
64537 # 1504
64537 # 1504
64537 # 1504
64537 # 1504
64537 # 1504
64537 # 1504
64537 # 1504
64537 # 1504
64537 # 1504
64537 # 1504
64537 # 1504
64537 # 1504
64537 # 1504
64537 # 1504
64537 # 1504
64537 # 1504
64537 # 1504
64537 # 1504
64537 # 1504
64537 # 1504
64537 # 1504
64537 # 1504
64537 # 1504
64537 # 1504
64537 # 1504
64537 # 1504
64537 # 1504
64537 # 1504
64537 # 1504
64537 # 1504
64537 # 1504
64537 # 1504
64537 # 1504
64537 # 1504
64537 # 1504
64537 # 1504
64537 # 1504
64537 # 1504
64537 # 1504
64537 # 1504
64537 # 1504
64537 # 1504
64537 # 1504
64537 # 1504
64537 # 1504
64537 # 1504
64537 # 1504
64537 # 1504
64537 # 1504
64537 # 1504
64537 # 1504
64537 # 1504
64537 # 1504
64537 # 1504
64740 + 120
64740 + 120
64740 + 120
64740 + 120
64740 + 120
64740 + 120
64740 + 120
64740 + 120
64740 + 120
64740 + 120
64740 + 120
64740 + 120
64742 + 120
64742 + 120
64742 + 120
64742 + 120
64742 + 120
64744 + 120
64744 + 120
64744 + 120
64744 + 120
64744 + 120
64744 + 120
64744 + 120
64744 + 120
64744 + 120
64744 + 120
64744 + 120
64744 + 120
64744 + 120
64744 + 120
64744 + 120
64744 + 120
64744 + 120
64744 + 120
64744 + 120
64744 + 120
64744 + 120
64744 + 120
64744 + 120
64744 + 120
64744 + 120
64744 + 120
64744 + 120
64744 + 120
64744 + 120
64744 + 120
64744 + 120
64744 + 120
64744 + 120
64744 + 120
64744 + 120
64744 + 120
64744 + 120
64744 + 120
64744 + 120
66037 # 1504
66037 - 120 1297
66037 - 120 1297
66037 - 120 1297
66037 - 120 1297
66037 - 120 1297
66037 - 120 1297
66037 - 120 1297
66037 - 120 1297
66037 - 120 1297
66037 - 120 1297
66037 - 120 1297
66037 - 120 1297
66037 # 1504
66037 - 120 1295
66037 - 120 1295
66037 - 120 1295
66037 - 120 1295
66037 - 120 1295
66037 - 120 1293
66037 - 120 1293
66037 - 120 1293
66037 - 120 1293
66037 - 120 1293
66037 - 120 1293
66037 - 120 1293
66037 - 120 1293
66037 # 1504
66037 - 120 1293
66037 - 120 1293
66037 - 120 1293
66037 - 120 1293
66037 - 120 1293
66037 - 120 1293
66037 - 120 1293
66037 - 120 1293
66037 - 120 1293
66037 - 120 1293
66037 - 120 1293
66037 - 120 1293
66037 # 1504
66037 - 120 1293
66037 - 120 1293
66037 - 120 1293
66037 - 120 1293
66037 - 120 1293
66037 - 120 1293
66037 - 120 1293
66037 - 120 1293
66037 - 120 1293
66037 - 120 1293
66037 - 120 1293
66037 - 120 1293
66037 - 120 1293
66037 # 1504
66037 - 120 1293
66037 - 120 1293
66037 - 120 1293
66037 - 120 1293
66037 - 120 1293
66037 - 120 1293
66037 # 1504
66037 # 1504
66037 # 1504
66037 # 1504
66037 # 1504
66037 # 1504
66037 # 1504
66037 # 1504
66037 # 1504
66037 # 1504
66037 # 1504
66037 # 1504
66037 # 1504
66037 # 1504
66037 # 1504
66037 # 1504
66037 # 1504
66037 # 1504
66037 # 1504
66037 # 1504
66037 # 1504
66037 # 1504
66037 # 1504
66037 # 1504
66037 # 1504
66037 # 1504
66037 # 1504
66037 # 1504
66037 # 1504
66037 # 1504
66037 # 1504
66037 # 1504
66037 # 1504
66037 # 1504
66037 # 1504
66037 # 1504
66037 # 1504
66037 # 1504
66037 # 1504
66037 # 1504
66037 # 1504
66037 # 1504
66037 # 1504
66037 # 1504
66037 # 1504
66037 # 1504
66037 # 1504
66037 # 1504
66037 # 1504
66037 # 1504
66037 # 1504
66037 # 1504
66037 # 1504
66037 # 1504
66037 # 1504
66037 # 1504
66037 # 1504
66037 # 1504
66037 # 1504
66037 # 1504
66037 # 1504
66037 # 1504
66037 # 1504
66037 # 1504
66037 # 1504
66037 # 1504
66037 # 1504
66037 # 1504
66037 # 1504
66037 # 1504
66037 # 1504
66037 # 1504
66037 # 1504
66037 # 1504
66037 # 1504
66037 # 1504
66037 # 1504
66037 # 1504
