# mahimahi mm-link (Downlink) [/tmp/traces/1mbps.trace] > /home/rohit/pantheon/src/experiments/rohitfiles_1mbps_200ms/vegas_mm_acklink_run1.log
# command line: 'mm-link' '/tmp/traces/1mbps.trace' '/tmp/traces/1mbps.trace' '--uplink-log=/home/rohit/pantheon/src/experiments/rohitfiles_1mbps_200ms/vegas_mm_datalink_run1.log' '--downlink-log=/home/rohit/pantheon/src/experiments/rohitfiles_1mbps_200ms/vegas_mm_acklink_run1.log' '--uplink-queue=droptail' '--downlink-queue=droptail' '--uplink-queue-args=packets=500' '--downlink-queue-args=packets=500' 'python' '/home/rohit/pantheon/src/experiments/tunnel_manager.py'
# queue: droptail [packets=500]
# init timestamp: 1744868901267
# base timestamp: 35
# mahimahi config: [delay 100 ms] 
37 + 80
37 + 52
37 + 80
693 + 80
693 + 80
1535 # 1504
1535 - 80 1498
1535 - 52 1498
1535 - 80 1498
1535 - 80 842
1535 - 80 842
1535 # 1504
1535 # 1504
1535 # 1504
1535 # 1504
1535 # 1504
1535 # 1504
1535 # 1504
1535 # 1504
1535 # 1504
1535 # 1504
1535 # 1504
1535 # 1504
1535 # 1504
1535 # 1504
1535 # 1504
1535 # 1504
1535 # 1504
1535 # 1504
1535 # 1504
1535 # 1504
1535 # 1504
1535 # 1504
1535 # 1504
1535 # 1504
1535 # 1504
1535 # 1504
1535 # 1504
1535 # 1504
1535 # 1504
1535 # 1504
1535 # 1504
1535 # 1504
1535 # 1504
1535 # 1504
1535 # 1504
1535 # 1504
1535 # 1504
1535 # 1504
1535 # 1504
1535 # 1504
1535 # 1504
1535 # 1504
1535 # 1504
1535 # 1504
1535 # 1504
1535 # 1504
1535 # 1504
1535 # 1504
1535 # 1504
1535 # 1504
1535 # 1504
1535 # 1504
1535 # 1504
1535 # 1504
1535 # 1504
1535 # 1504
1535 # 1504
1535 # 1504
1535 # 1504
1535 # 1504
1535 # 1504
1535 # 1504
1535 # 1504
1535 # 1504
1535 # 1504
1535 # 1504
1535 # 1504
1535 # 1504
1535 # 1504
1535 # 1504
1535 # 1504
1535 # 1504
1535 # 1504
1535 # 1504
1535 # 1504
1535 # 1504
1535 # 1504
1535 # 1504
1535 # 1504
1535 # 1504
1535 # 1504
1535 # 1504
1743 + 40
1746 + 40
3035 # 1504
3035 - 40 1292
3035 - 40 1289
3035 # 1504
3035 # 1504
3035 # 1504
3035 # 1504
3035 # 1504
3035 # 1504
3035 # 1504
3035 # 1504
3035 # 1504
3035 # 1504
3035 # 1504
3035 # 1504
3035 # 1504
3035 # 1504
3035 # 1504
3035 # 1504
3035 # 1504
3035 # 1504
3035 # 1504
3035 # 1504
3035 # 1504
3035 # 1504
3035 # 1504
3035 # 1504
3035 # 1504
3035 # 1504
3035 # 1504
3035 # 1504
3035 # 1504
3035 # 1504
3035 # 1504
3035 # 1504
3035 # 1504
3035 # 1504
3035 # 1504
3035 # 1504
3035 # 1504
3035 # 1504
3035 # 1504
3035 # 1504
3035 # 1504
3035 # 1504
3035 # 1504
3035 # 1504
3035 # 1504
3035 # 1504
3035 # 1504
3035 # 1504
3035 # 1504
3035 # 1504
3035 # 1504
3035 # 1504
3035 # 1504
3035 # 1504
3035 # 1504
3035 # 1504
3035 # 1504
3035 # 1504
3035 # 1504
3035 # 1504
3035 # 1504
3035 # 1504
3035 # 1504
3035 # 1504
3035 # 1504
3035 # 1504
3035 # 1504
3035 # 1504
3035 # 1504
3035 # 1504
3035 # 1504
3035 # 1504
3035 # 1504
3035 # 1504
3035 # 1504
3035 # 1504
3035 # 1504
3035 # 1504
3035 # 1504
3035 # 1504
3035 # 1504
3035 # 1504
3237 + 40
4429 + 52
4535 # 1504
4535 - 40 1298
4535 - 52 106
4535 # 1504
4535 # 1504
4535 # 1504
4535 # 1504
4535 # 1504
4535 # 1504
4535 # 1504
4535 # 1504
4535 # 1504
4535 # 1504
4535 # 1504
4535 # 1504
4535 # 1504
4535 # 1504
4535 # 1504
4535 # 1504
4535 # 1504
4535 # 1504
4535 # 1504
4535 # 1504
4535 # 1504
4535 # 1504
4535 # 1504
4535 # 1504
4535 # 1504
4535 # 1504
4535 # 1504
4535 # 1504
4535 # 1504
4535 # 1504
4535 # 1504
4535 # 1504
4535 # 1504
4535 # 1504
4535 # 1504
4535 # 1504
4535 # 1504
4535 # 1504
4535 # 1504
4535 # 1504
4535 # 1504
4535 # 1504
4535 # 1504
4535 # 1504
4535 # 1504
4535 # 1504
4535 # 1504
4535 # 1504
4535 # 1504
4535 # 1504
4535 # 1504
4535 # 1504
4535 # 1504
4535 # 1504
4535 # 1504
4535 # 1504
4535 # 1504
4535 # 1504
4535 # 1504
4535 # 1504
4535 # 1504
4535 # 1504
4535 # 1504
4535 # 1504
4535 # 1504
4535 # 1504
4535 # 1504
4535 # 1504
4535 # 1504
4535 # 1504
4535 # 1504
4535 # 1504
4535 # 1504
4535 # 1504
4535 # 1504
4535 # 1504
4535 # 1504
4535 # 1504
4535 # 1504
4535 # 1504
4535 # 1504
4535 # 1504
6035 # 1504
6035 # 1504
6035 # 1504
6035 # 1504
6035 # 1504
6035 # 1504
6035 # 1504
6035 # 1504
6035 # 1504
6035 # 1504
6035 # 1504
6035 # 1504
6035 # 1504
6035 # 1504
6035 # 1504
6035 # 1504
6035 # 1504
6035 # 1504
6035 # 1504
6035 # 1504
6035 # 1504
6035 # 1504
6035 # 1504
6035 # 1504
6035 # 1504
6035 # 1504
6035 # 1504
6035 # 1504
6035 # 1504
6035 # 1504
6035 # 1504
6035 # 1504
6035 # 1504
6035 # 1504
6035 # 1504
6035 # 1504
6035 # 1504
6035 # 1504
6035 # 1504
6035 # 1504
6035 # 1504
6035 # 1504
6035 # 1504
6035 # 1504
6035 # 1504
6035 # 1504
6035 # 1504
6035 # 1504
6035 # 1504
6035 # 1504
6035 # 1504
6035 # 1504
6035 # 1504
6035 # 1504
6035 # 1504
6035 # 1504
6035 # 1504
6035 # 1504
6035 # 1504
6035 # 1504
6035 # 1504
6035 # 1504
6035 # 1504
6035 # 1504
6035 # 1504
6035 # 1504
6035 # 1504
6035 # 1504
6035 # 1504
6035 # 1504
6035 # 1504
6035 # 1504
6035 # 1504
6035 # 1504
6035 # 1504
6035 # 1504
6035 # 1504
6035 # 1504
6035 # 1504
6035 # 1504
6035 # 1504
6035 # 1504
6035 # 1504
7535 # 1504
7535 # 1504
7535 # 1504
7535 # 1504
7535 # 1504
7535 # 1504
7535 # 1504
7535 # 1504
7535 # 1504
7535 # 1504
7535 # 1504
7535 # 1504
7535 # 1504
7535 # 1504
7535 # 1504
7535 # 1504
7535 # 1504
7535 # 1504
7535 # 1504
7535 # 1504
7535 # 1504
7535 # 1504
7535 # 1504
7535 # 1504
7535 # 1504
7535 # 1504
7535 # 1504
7535 # 1504
7535 # 1504
7535 # 1504
7535 # 1504
7535 # 1504
7535 # 1504
7535 # 1504
7535 # 1504
7535 # 1504
7535 # 1504
7535 # 1504
7535 # 1504
7535 # 1504
7535 # 1504
7535 # 1504
7535 # 1504
7535 # 1504
7535 # 1504
7535 # 1504
7535 # 1504
7535 # 1504
7535 # 1504
7535 # 1504
7535 # 1504
7535 # 1504
7535 # 1504
7535 # 1504
7535 # 1504
7535 # 1504
7535 # 1504
7535 # 1504
7535 # 1504
7535 # 1504
7535 # 1504
7535 # 1504
7535 # 1504
7535 # 1504
7535 # 1504
7535 # 1504
7535 # 1504
7535 # 1504
7535 # 1504
7535 # 1504
7535 # 1504
7535 # 1504
7535 # 1504
7535 # 1504
7535 # 1504
7535 # 1504
7535 # 1504
7535 # 1504
7535 # 1504
7535 # 1504
7535 # 1504
7535 # 1504
7535 # 1504
7739 + 100
7739 + 100
8759 + 100
9035 # 1504
9035 - 100 1296
9035 - 100 1296
9035 - 100 276
9035 # 1504
9035 # 1504
9035 # 1504
9035 # 1504
9035 # 1504
9035 # 1504
9035 # 1504
9035 # 1504
9035 # 1504
9035 # 1504
9035 # 1504
9035 # 1504
9035 # 1504
9035 # 1504
9035 # 1504
9035 # 1504
9035 # 1504
9035 # 1504
9035 # 1504
9035 # 1504
9035 # 1504
9035 # 1504
9035 # 1504
9035 # 1504
9035 # 1504
9035 # 1504
9035 # 1504
9035 # 1504
9035 # 1504
9035 # 1504
9035 # 1504
9035 # 1504
9035 # 1504
9035 # 1504
9035 # 1504
9035 # 1504
9035 # 1504
9035 # 1504
9035 # 1504
9035 # 1504
9035 # 1504
9035 # 1504
9035 # 1504
9035 # 1504
9035 # 1504
9035 # 1504
9035 # 1504
9035 # 1504
9035 # 1504
9035 # 1504
9035 # 1504
9035 # 1504
9035 # 1504
9035 # 1504
9035 # 1504
9035 # 1504
9035 # 1504
9035 # 1504
9035 # 1504
9035 # 1504
9035 # 1504
9035 # 1504
9035 # 1504
9035 # 1504
9035 # 1504
9035 # 1504
9035 # 1504
9035 # 1504
9035 # 1504
9035 # 1504
9035 # 1504
9035 # 1504
9035 # 1504
9035 # 1504
9035 # 1504
9035 # 1504
9035 # 1504
9035 # 1504
9035 # 1504
9035 # 1504
9035 # 1504
9035 # 1504
10535 # 1504
10535 # 1504
10535 # 1504
10535 # 1504
10535 # 1504
10535 # 1504
10535 # 1504
10535 # 1504
10535 # 1504
10535 # 1504
10535 # 1504
10535 # 1504
10535 # 1504
10535 # 1504
10535 # 1504
10535 # 1504
10535 # 1504
10535 # 1504
10535 # 1504
10535 # 1504
10535 # 1504
10535 # 1504
10535 # 1504
10535 # 1504
10535 # 1504
10535 # 1504
10535 # 1504
10535 # 1504
10535 # 1504
10535 # 1504
10535 # 1504
10535 # 1504
10535 # 1504
10535 # 1504
10535 # 1504
10535 # 1504
10535 # 1504
10535 # 1504
10535 # 1504
10535 # 1504
10535 # 1504
10535 # 1504
10535 # 1504
10535 # 1504
10535 # 1504
10535 # 1504
10535 # 1504
10535 # 1504
10535 # 1504
10535 # 1504
10535 # 1504
10535 # 1504
10535 # 1504
10535 # 1504
10535 # 1504
10535 # 1504
10535 # 1504
10535 # 1504
10535 # 1504
10535 # 1504
10535 # 1504
10535 # 1504
10535 # 1504
10535 # 1504
10535 # 1504
10535 # 1504
10535 # 1504
10535 # 1504
10535 # 1504
10535 # 1504
10535 # 1504
10535 # 1504
10535 # 1504
10535 # 1504
10535 # 1504
10535 # 1504
10535 # 1504
10535 # 1504
10535 # 1504
10535 # 1504
10535 # 1504
10535 # 1504
10535 # 1504
10742 + 92
10742 + 92
10742 + 92
10742 + 92
10742 + 92
10742 + 92
10742 + 92
10742 + 92
10742 + 92
10742 + 92
12035 # 1504
12035 - 92 1293
12035 - 92 1293
12035 - 92 1293
12035 - 92 1293
12035 - 92 1293
12035 - 92 1293
12035 - 92 1293
12035 - 92 1293
12035 - 92 1293
12035 - 92 1293
12035 # 1504
12035 # 1504
12035 # 1504
12035 # 1504
12035 # 1504
12035 # 1504
12035 # 1504
12035 # 1504
12035 # 1504
12035 # 1504
12035 # 1504
12035 # 1504
12035 # 1504
12035 # 1504
12035 # 1504
12035 # 1504
12035 # 1504
12035 # 1504
12035 # 1504
12035 # 1504
12035 # 1504
12035 # 1504
12035 # 1504
12035 # 1504
12035 # 1504
12035 # 1504
12035 # 1504
12035 # 1504
12035 # 1504
12035 # 1504
12035 # 1504
12035 # 1504
12035 # 1504
12035 # 1504
12035 # 1504
12035 # 1504
12035 # 1504
12035 # 1504
12035 # 1504
12035 # 1504
12035 # 1504
12035 # 1504
12035 # 1504
12035 # 1504
12035 # 1504
12035 # 1504
12035 # 1504
12035 # 1504
12035 # 1504
12035 # 1504
12035 # 1504
12035 # 1504
12035 # 1504
12035 # 1504
12035 # 1504
12035 # 1504
12035 # 1504
12035 # 1504
12035 # 1504
12035 # 1504
12035 # 1504
12035 # 1504
12035 # 1504
12035 # 1504
12035 # 1504
12035 # 1504
12035 # 1504
12035 # 1504
12035 # 1504
12035 # 1504
12035 # 1504
12035 # 1504
12035 # 1504
12035 # 1504
12035 # 1504
12035 # 1504
12035 # 1504
12035 # 1504
12035 # 1504
12035 # 1504
12035 # 1504
12035 # 1504
13389 + 52
13535 # 1504
13535 - 52 146
13535 # 1504
13535 # 1504
13535 # 1504
13535 # 1504
13535 # 1504
13535 # 1504
13535 # 1504
13535 # 1504
13535 # 1504
13535 # 1504
13535 # 1504
13535 # 1504
13535 # 1504
13535 # 1504
13535 # 1504
13535 # 1504
13535 # 1504
13535 # 1504
13535 # 1504
13535 # 1504
13535 # 1504
13535 # 1504
13535 # 1504
13535 # 1504
13535 # 1504
13535 # 1504
13535 # 1504
13535 # 1504
13535 # 1504
13535 # 1504
13535 # 1504
13535 # 1504
13535 # 1504
13535 # 1504
13535 # 1504
13535 # 1504
13535 # 1504
13535 # 1504
13535 # 1504
13535 # 1504
13535 # 1504
13535 # 1504
13535 # 1504
13535 # 1504
13535 # 1504
13535 # 1504
13535 # 1504
13535 # 1504
13535 # 1504
13535 # 1504
13535 # 1504
13535 # 1504
13535 # 1504
13535 # 1504
13535 # 1504
13535 # 1504
13535 # 1504
13535 # 1504
13535 # 1504
13535 # 1504
13535 # 1504
13535 # 1504
13535 # 1504
13535 # 1504
13535 # 1504
13535 # 1504
13535 # 1504
13535 # 1504
13535 # 1504
13535 # 1504
13535 # 1504
13535 # 1504
13535 # 1504
13535 # 1504
13535 # 1504
13535 # 1504
13535 # 1504
13535 # 1504
13535 # 1504
13535 # 1504
13535 # 1504
13535 # 1504
13741 + 92
13741 + 92
13741 + 92
13742 + 92
13742 + 92
13742 + 92
13742 + 92
13742 + 92
13742 + 92
13742 + 92
13742 + 92
15035 # 1504
15035 - 92 1294
15035 - 92 1294
15035 - 92 1294
15035 - 92 1293
15035 - 92 1293
15035 - 92 1293
15035 - 92 1293
15035 - 92 1293
15035 - 92 1293
15035 - 92 1293
15035 - 92 1293
15035 # 1504
15035 # 1504
15035 # 1504
15035 # 1504
15035 # 1504
15035 # 1504
15035 # 1504
15035 # 1504
15035 # 1504
15035 # 1504
15035 # 1504
15035 # 1504
15035 # 1504
15035 # 1504
15035 # 1504
15035 # 1504
15035 # 1504
15035 # 1504
15035 # 1504
15035 # 1504
15035 # 1504
15035 # 1504
15035 # 1504
15035 # 1504
15035 # 1504
15035 # 1504
15035 # 1504
15035 # 1504
15035 # 1504
15035 # 1504
15035 # 1504
15035 # 1504
15035 # 1504
15035 # 1504
15035 # 1504
15035 # 1504
15035 # 1504
15035 # 1504
15035 # 1504
15035 # 1504
15035 # 1504
15035 # 1504
15035 # 1504
15035 # 1504
15035 # 1504
15035 # 1504
15035 # 1504
15035 # 1504
15035 # 1504
15035 # 1504
15035 # 1504
15035 # 1504
15035 # 1504
15035 # 1504
15035 # 1504
15035 # 1504
15035 # 1504
15035 # 1504
15035 # 1504
15035 # 1504
15035 # 1504
15035 # 1504
15035 # 1504
15035 # 1504
15035 # 1504
15035 # 1504
15035 # 1504
15035 # 1504
15035 # 1504
15035 # 1504
15035 # 1504
15035 # 1504
15035 # 1504
15035 # 1504
15035 # 1504
15035 # 1504
15035 # 1504
15035 # 1504
15035 # 1504
15035 # 1504
15035 # 1504
15035 # 1504
16535 # 1504
16535 # 1504
16535 # 1504
16535 # 1504
16535 # 1504
16535 # 1504
16535 # 1504
16535 # 1504
16535 # 1504
16535 # 1504
16535 # 1504
16535 # 1504
16535 # 1504
16535 # 1504
16535 # 1504
16535 # 1504
16535 # 1504
16535 # 1504
16535 # 1504
16535 # 1504
16535 # 1504
16535 # 1504
16535 # 1504
16535 # 1504
16535 # 1504
16535 # 1504
16535 # 1504
16535 # 1504
16535 # 1504
16535 # 1504
16535 # 1504
16535 # 1504
16535 # 1504
16535 # 1504
16535 # 1504
16535 # 1504
16535 # 1504
16535 # 1504
16535 # 1504
16535 # 1504
16535 # 1504
16535 # 1504
16535 # 1504
16535 # 1504
16535 # 1504
16535 # 1504
16535 # 1504
16535 # 1504
16535 # 1504
16535 # 1504
16535 # 1504
16535 # 1504
16535 # 1504
16535 # 1504
16535 # 1504
16535 # 1504
16535 # 1504
16535 # 1504
16535 # 1504
16535 # 1504
16535 # 1504
16535 # 1504
16535 # 1504
16535 # 1504
16535 # 1504
16535 # 1504
16535 # 1504
16535 # 1504
16535 # 1504
16535 # 1504
16535 # 1504
16535 # 1504
16535 # 1504
16535 # 1504
16535 # 1504
16535 # 1504
16535 # 1504
16535 # 1504
16535 # 1504
16535 # 1504
16535 # 1504
16535 # 1504
16535 # 1504
16745 + 92
16745 + 92
16745 + 92
16745 + 92
16745 + 92
16745 + 92
16745 + 92
16745 + 92
16745 + 92
16745 + 92
16745 + 92
16745 + 92
16745 + 92
16745 + 92
18035 # 1504
18035 - 92 1290
18035 - 92 1290
18035 - 92 1290
18035 - 92 1290
18035 - 92 1290
18035 - 92 1290
18035 - 92 1290
18035 - 92 1290
18035 - 92 1290
18035 - 92 1290
18035 - 92 1290
18035 - 92 1290
18035 - 92 1290
18035 - 92 1290
18035 # 1504
18035 # 1504
18035 # 1504
18035 # 1504
18035 # 1504
18035 # 1504
18035 # 1504
18035 # 1504
18035 # 1504
18035 # 1504
18035 # 1504
18035 # 1504
18035 # 1504
18035 # 1504
18035 # 1504
18035 # 1504
18035 # 1504
18035 # 1504
18035 # 1504
18035 # 1504
18035 # 1504
18035 # 1504
18035 # 1504
18035 # 1504
18035 # 1504
18035 # 1504
18035 # 1504
18035 # 1504
18035 # 1504
18035 # 1504
18035 # 1504
18035 # 1504
18035 # 1504
18035 # 1504
18035 # 1504
18035 # 1504
18035 # 1504
18035 # 1504
18035 # 1504
18035 # 1504
18035 # 1504
18035 # 1504
18035 # 1504
18035 # 1504
18035 # 1504
18035 # 1504
18035 # 1504
18035 # 1504
18035 # 1504
18035 # 1504
18035 # 1504
18035 # 1504
18035 # 1504
18035 # 1504
18035 # 1504
18035 # 1504
18035 # 1504
18035 # 1504
18035 # 1504
18035 # 1504
18035 # 1504
18035 # 1504
18035 # 1504
18035 # 1504
18035 # 1504
18035 # 1504
18035 # 1504
18035 # 1504
18035 # 1504
18035 # 1504
18035 # 1504
18035 # 1504
18035 # 1504
18035 # 1504
18035 # 1504
18035 # 1504
18035 # 1504
18035 # 1504
18035 # 1504
18035 # 1504
18035 # 1504
18035 # 1504
19535 # 1504
19535 # 1504
19535 # 1504
19535 # 1504
19535 # 1504
19535 # 1504
19535 # 1504
19535 # 1504
19535 # 1504
19535 # 1504
19535 # 1504
19535 # 1504
19535 # 1504
19535 # 1504
19535 # 1504
19535 # 1504
19535 # 1504
19535 # 1504
19535 # 1504
19535 # 1504
19535 # 1504
19535 # 1504
19535 # 1504
19535 # 1504
19535 # 1504
19535 # 1504
19535 # 1504
19535 # 1504
19535 # 1504
19535 # 1504
19535 # 1504
19535 # 1504
19535 # 1504
19535 # 1504
19535 # 1504
19535 # 1504
19535 # 1504
19535 # 1504
19535 # 1504
19535 # 1504
19535 # 1504
19535 # 1504
19535 # 1504
19535 # 1504
19535 # 1504
19535 # 1504
19535 # 1504
19535 # 1504
19535 # 1504
19535 # 1504
19535 # 1504
19535 # 1504
19535 # 1504
19535 # 1504
19535 # 1504
19535 # 1504
19535 # 1504
19535 # 1504
19535 # 1504
19535 # 1504
19535 # 1504
19535 # 1504
19535 # 1504
19535 # 1504
19535 # 1504
19535 # 1504
19535 # 1504
19535 # 1504
19535 # 1504
19535 # 1504
19535 # 1504
19535 # 1504
19535 # 1504
19535 # 1504
19535 # 1504
19535 # 1504
19535 # 1504
19535 # 1504
19535 # 1504
19535 # 1504
19535 # 1504
19535 # 1504
19535 # 1504
19764 + 92
19764 + 92
19764 + 92
19764 + 92
19764 + 92
19764 + 92
19764 + 92
19764 + 92
19764 + 92
19764 + 92
19764 + 92
19764 + 92
19764 + 92
19764 + 92
19764 + 92
19764 + 92
19764 + 92
19764 + 92
19764 + 92
19764 + 92
19764 + 92
19764 + 92
19764 + 92
19764 + 92
19764 + 92
19764 + 92
19764 + 92
19764 + 92
19764 + 92
19764 + 92
19764 + 92
19764 + 92
19764 + 92
19764 + 92
19764 + 92
19764 + 92
19764 + 92
19764 + 92
19764 + 92
19764 + 92
19764 + 92
19764 + 92
19764 + 92
19764 + 92
19764 + 92
19764 + 92
19764 + 92
19764 + 92
19764 + 92
19764 + 92
19764 + 92
19764 + 92
19764 + 92
19764 + 92
19764 + 92
19764 + 92
19764 + 92
19764 + 92
19764 + 92
19764 + 92
19764 + 92
19764 + 92
19764 + 92
19764 + 92
19764 + 92
19764 + 92
19764 + 92
19764 + 92
19764 + 92
19764 + 92
19764 + 92
21035 # 1504
21035 - 92 1271
21035 - 92 1271
21035 - 92 1271
21035 - 92 1271
21035 - 92 1271
21035 - 92 1271
21035 - 92 1271
21035 - 92 1271
21035 - 92 1271
21035 - 92 1271
21035 - 92 1271
21035 - 92 1271
21035 - 92 1271
21035 - 92 1271
21035 - 92 1271
21035 - 92 1271
21035 # 1504
21035 - 92 1271
21035 - 92 1271
21035 - 92 1271
21035 - 92 1271
21035 - 92 1271
21035 - 92 1271
21035 - 92 1271
21035 - 92 1271
21035 - 92 1271
21035 - 92 1271
21035 - 92 1271
21035 - 92 1271
21035 - 92 1271
21035 - 92 1271
21035 - 92 1271
21035 - 92 1271
21035 # 1504
21035 - 92 1271
21035 - 92 1271
21035 - 92 1271
21035 - 92 1271
21035 - 92 1271
21035 - 92 1271
21035 - 92 1271
21035 - 92 1271
21035 - 92 1271
21035 - 92 1271
21035 - 92 1271
21035 - 92 1271
21035 - 92 1271
21035 - 92 1271
21035 - 92 1271
21035 - 92 1271
21035 - 92 1271
21035 # 1504
21035 - 92 1271
21035 - 92 1271
21035 - 92 1271
21035 - 92 1271
21035 - 92 1271
21035 - 92 1271
21035 - 92 1271
21035 - 92 1271
21035 - 92 1271
21035 - 92 1271
21035 - 92 1271
21035 - 92 1271
21035 - 92 1271
21035 - 92 1271
21035 - 92 1271
21035 - 92 1271
21035 # 1504
21035 - 92 1271
21035 - 92 1271
21035 - 92 1271
21035 - 92 1271
21035 - 92 1271
21035 - 92 1271
21035 # 1504
21035 # 1504
21035 # 1504
21035 # 1504
21035 # 1504
21035 # 1504
21035 # 1504
21035 # 1504
21035 # 1504
21035 # 1504
21035 # 1504
21035 # 1504
21035 # 1504
21035 # 1504
21035 # 1504
21035 # 1504
21035 # 1504
21035 # 1504
21035 # 1504
21035 # 1504
21035 # 1504
21035 # 1504
21035 # 1504
21035 # 1504
21035 # 1504
21035 # 1504
21035 # 1504
21035 # 1504
21035 # 1504
21035 # 1504
21035 # 1504
21035 # 1504
21035 # 1504
21035 # 1504
21035 # 1504
21035 # 1504
21035 # 1504
21035 # 1504
21035 # 1504
21035 # 1504
21035 # 1504
21035 # 1504
21035 # 1504
21035 # 1504
21035 # 1504
21035 # 1504
21035 # 1504
21035 # 1504
21035 # 1504
21035 # 1504
21035 # 1504
21035 # 1504
21035 # 1504
21035 # 1504
21035 # 1504
21035 # 1504
21035 # 1504
21035 # 1504
21035 # 1504
21035 # 1504
21035 # 1504
21035 # 1504
21035 # 1504
21035 # 1504
21035 # 1504
21035 # 1504
21035 # 1504
21035 # 1504
21035 # 1504
21035 # 1504
21035 # 1504
21035 # 1504
21035 # 1504
21035 # 1504
21035 # 1504
21035 # 1504
21035 # 1504
21035 # 1504
22535 # 1504
22535 # 1504
22535 # 1504
22535 # 1504
22535 # 1504
22535 # 1504
22535 # 1504
22535 # 1504
22535 # 1504
22535 # 1504
22535 # 1504
22535 # 1504
22535 # 1504
22535 # 1504
22535 # 1504
22535 # 1504
22535 # 1504
22535 # 1504
22535 # 1504
22535 # 1504
22535 # 1504
22535 # 1504
22535 # 1504
22535 # 1504
22535 # 1504
22535 # 1504
22535 # 1504
22535 # 1504
22535 # 1504
22535 # 1504
22535 # 1504
22535 # 1504
22535 # 1504
22535 # 1504
22535 # 1504
22535 # 1504
22535 # 1504
22535 # 1504
22535 # 1504
22535 # 1504
22535 # 1504
22535 # 1504
22535 # 1504
22535 # 1504
22535 # 1504
22535 # 1504
22535 # 1504
22535 # 1504
22535 # 1504
22535 # 1504
22535 # 1504
22535 # 1504
22535 # 1504
22535 # 1504
22535 # 1504
22535 # 1504
22535 # 1504
22535 # 1504
22535 # 1504
22535 # 1504
22535 # 1504
22535 # 1504
22535 # 1504
22535 # 1504
22535 # 1504
22535 # 1504
22535 # 1504
22535 # 1504
22535 # 1504
22535 # 1504
22535 # 1504
22535 # 1504
22535 # 1504
22535 # 1504
22535 # 1504
22535 # 1504
22535 # 1504
22535 # 1504
22535 # 1504
22535 # 1504
22535 # 1504
22535 # 1504
22535 # 1504
22760 + 92
22760 + 92
22760 + 92
22760 + 92
22760 + 92
22760 + 92
22760 + 92
22760 + 92
22760 + 92
22760 + 92
22760 + 92
22760 + 92
22760 + 92
22760 + 92
22760 + 92
22760 + 92
22760 + 92
22760 + 92
22760 + 92
22760 + 92
22760 + 92
22760 + 92
22760 + 92
22760 + 92
22760 + 92
22760 + 92
22760 + 92
22760 + 92
22760 + 92
22760 + 92
22760 + 92
22761 + 92
24035 # 1504
24035 - 92 1275
24035 - 92 1275
24035 - 92 1275
24035 - 92 1275
24035 - 92 1275
24035 - 92 1275
24035 - 92 1275
24035 - 92 1275
24035 - 92 1275
24035 - 92 1275
24035 - 92 1275
24035 - 92 1275
24035 - 92 1275
24035 - 92 1275
24035 - 92 1275
24035 - 92 1275
24035 # 1504
24035 - 92 1275
24035 - 92 1275
24035 - 92 1275
24035 - 92 1275
24035 - 92 1275
24035 - 92 1275
24035 - 92 1275
24035 - 92 1275
24035 - 92 1275
24035 - 92 1275
24035 - 92 1275
24035 - 92 1275
24035 - 92 1275
24035 - 92 1275
24035 - 92 1275
24035 - 92 1274
24035 # 1504
24035 # 1504
24035 # 1504
24035 # 1504
24035 # 1504
24035 # 1504
24035 # 1504
24035 # 1504
24035 # 1504
24035 # 1504
24035 # 1504
24035 # 1504
24035 # 1504
24035 # 1504
24035 # 1504
24035 # 1504
24035 # 1504
24035 # 1504
24035 # 1504
24035 # 1504
24035 # 1504
24035 # 1504
24035 # 1504
24035 # 1504
24035 # 1504
24035 # 1504
24035 # 1504
24035 # 1504
24035 # 1504
24035 # 1504
24035 # 1504
24035 # 1504
24035 # 1504
24035 # 1504
24035 # 1504
24035 # 1504
24035 # 1504
24035 # 1504
24035 # 1504
24035 # 1504
24035 # 1504
24035 # 1504
24035 # 1504
24035 # 1504
24035 # 1504
24035 # 1504
24035 # 1504
24035 # 1504
24035 # 1504
24035 # 1504
24035 # 1504
24035 # 1504
24035 # 1504
24035 # 1504
24035 # 1504
24035 # 1504
24035 # 1504
24035 # 1504
24035 # 1504
24035 # 1504
24035 # 1504
24035 # 1504
24035 # 1504
24035 # 1504
24035 # 1504
24035 # 1504
24035 # 1504
24035 # 1504
24035 # 1504
24035 # 1504
24035 # 1504
24035 # 1504
24035 # 1504
24035 # 1504
24035 # 1504
24035 # 1504
24035 # 1504
24035 # 1504
24035 # 1504
24035 # 1504
24035 # 1504
24239 + 92
24239 + 92
24239 + 92
24239 + 92
24239 + 92
24239 + 92
24241 + 92
24241 + 92
24241 + 92
24241 + 92
24241 + 92
24241 + 92
24241 + 92
24241 + 92
24241 + 92
24241 + 92
24241 + 92
24241 + 92
24241 + 92
24241 + 92
24241 + 92
24241 + 92
24241 + 92
24241 + 92
24241 + 92
24241 + 92
24241 + 92
24243 + 92
24243 + 92
24243 + 92
24243 + 92
24243 + 92
24243 + 92
24243 + 92
24243 + 92
24243 + 92
24243 + 92
24245 + 92
24245 + 92
24245 + 92
24245 + 92
24245 + 92
24245 + 92
24245 + 92
24245 + 92
24245 + 92
24245 + 92
24245 + 92
24245 + 92
24245 + 92
24245 + 92
24245 + 92
24245 + 92
24245 + 92
24245 + 92
24245 + 92
24245 + 92
24245 + 92
24245 + 92
24245 + 92
24245 + 92
24245 + 92
24245 + 92
24245 + 92
24245 + 92
24245 + 92
24245 + 92
24245 + 92
25535 # 1504
25535 - 92 1296
25535 - 92 1296
25535 - 92 1296
25535 - 92 1296
25535 - 92 1296
25535 - 92 1296
25535 - 92 1294
25535 - 92 1294
25535 - 92 1294
25535 - 92 1294
25535 - 92 1294
25535 - 92 1294
25535 - 92 1294
25535 - 92 1294
25535 - 92 1294
25535 - 92 1294
25535 # 1504
25535 - 92 1294
25535 - 92 1294
25535 - 92 1294
25535 - 92 1294
25535 - 92 1294
25535 - 92 1294
25535 - 92 1294
25535 - 92 1294
25535 - 92 1294
25535 - 92 1294
25535 - 92 1294
25535 - 92 1292
25535 - 92 1292
25535 - 92 1292
25535 - 92 1292
25535 - 92 1292
25535 # 1504
25535 - 92 1292
25535 - 92 1292
25535 - 92 1292
25535 - 92 1292
25535 - 92 1292
25535 - 92 1290
25535 - 92 1290
25535 - 92 1290
25535 - 92 1290
25535 - 92 1290
25535 - 92 1290
25535 - 92 1290
25535 - 92 1290
25535 - 92 1290
25535 - 92 1290
25535 - 92 1290
25535 - 92 1290
25535 # 1504
25535 - 92 1290
25535 - 92 1290
25535 - 92 1290
25535 - 92 1290
25535 - 92 1290
25535 - 92 1290
25535 - 92 1290
25535 - 92 1290
25535 - 92 1290
25535 - 92 1290
25535 - 92 1290
25535 - 92 1290
25535 - 92 1290
25535 - 92 1290
25535 - 92 1290
25535 - 92 1290
25535 # 1504
25535 - 92 1290
25535 - 92 1290
25535 - 92 1290
25535 # 1504
25535 # 1504
25535 # 1504
25535 # 1504
25535 # 1504
25535 # 1504
25535 # 1504
25535 # 1504
25535 # 1504
25535 # 1504
25535 # 1504
25535 # 1504
25535 # 1504
25535 # 1504
25535 # 1504
25535 # 1504
25535 # 1504
25535 # 1504
25535 # 1504
25535 # 1504
25535 # 1504
25535 # 1504
25535 # 1504
25535 # 1504
25535 # 1504
25535 # 1504
25535 # 1504
25535 # 1504
25535 # 1504
25535 # 1504
25535 # 1504
25535 # 1504
25535 # 1504
25535 # 1504
25535 # 1504
25535 # 1504
25535 # 1504
25535 # 1504
25535 # 1504
25535 # 1504
25535 # 1504
25535 # 1504
25535 # 1504
25535 # 1504
25535 # 1504
25535 # 1504
25535 # 1504
25535 # 1504
25535 # 1504
25535 # 1504
25535 # 1504
25535 # 1504
25535 # 1504
25535 # 1504
25535 # 1504
25535 # 1504
25535 # 1504
25535 # 1504
25535 # 1504
25535 # 1504
25535 # 1504
25535 # 1504
25535 # 1504
25535 # 1504
25535 # 1504
25535 # 1504
25535 # 1504
25535 # 1504
25535 # 1504
25535 # 1504
25535 # 1504
25535 # 1504
25535 # 1504
25535 # 1504
25535 # 1504
25535 # 1504
25535 # 1504
25535 # 1504
25743 + 92
25743 + 92
25743 + 92
25743 + 92
25743 + 92
25743 + 92
25743 + 92
25743 + 92
25743 + 92
25743 + 92
25743 + 92
25743 + 92
25743 + 92
25743 + 92
25743 + 92
25743 + 92
25743 + 92
25743 + 92
25743 + 92
25743 + 92
25743 + 92
25743 + 92
25745 + 92
25745 + 92
25745 + 92
27035 # 1504
27035 - 92 1292
27035 - 92 1292
27035 - 92 1292
27035 - 92 1292
27035 - 92 1292
27035 - 92 1292
27035 - 92 1292
27035 - 92 1292
27035 - 92 1292
27035 - 92 1292
27035 - 92 1292
27035 - 92 1292
27035 - 92 1292
27035 - 92 1292
27035 - 92 1292
27035 - 92 1292
27035 # 1504
27035 - 92 1292
27035 - 92 1292
27035 - 92 1292
27035 - 92 1292
27035 - 92 1292
27035 - 92 1292
27035 - 92 1290
27035 - 92 1290
27035 - 92 1290
27035 # 1504
27035 # 1504
27035 # 1504
27035 # 1504
27035 # 1504
27035 # 1504
27035 # 1504
27035 # 1504
27035 # 1504
27035 # 1504
27035 # 1504
27035 # 1504
27035 # 1504
27035 # 1504
27035 # 1504
27035 # 1504
27035 # 1504
27035 # 1504
27035 # 1504
27035 # 1504
27035 # 1504
27035 # 1504
27035 # 1504
27035 # 1504
27035 # 1504
27035 # 1504
27035 # 1504
27035 # 1504
27035 # 1504
27035 # 1504
27035 # 1504
27035 # 1504
27035 # 1504
27035 # 1504
27035 # 1504
27035 # 1504
27035 # 1504
27035 # 1504
27035 # 1504
27035 # 1504
27035 # 1504
27035 # 1504
27035 # 1504
27035 # 1504
27035 # 1504
27035 # 1504
27035 # 1504
27035 # 1504
27035 # 1504
27035 # 1504
27035 # 1504
27035 # 1504
27035 # 1504
27035 # 1504
27035 # 1504
27035 # 1504
27035 # 1504
27035 # 1504
27035 # 1504
27035 # 1504
27035 # 1504
27035 # 1504
27035 # 1504
27035 # 1504
27035 # 1504
27035 # 1504
27035 # 1504
27035 # 1504
27035 # 1504
27035 # 1504
27035 # 1504
27035 # 1504
27035 # 1504
27035 # 1504
27035 # 1504
27035 # 1504
27035 # 1504
27035 # 1504
27035 # 1504
27035 # 1504
27035 # 1504
27251 + 92
28535 # 1504
28535 - 92 1284
28535 # 1504
28535 # 1504
28535 # 1504
28535 # 1504
28535 # 1504
28535 # 1504
28535 # 1504
28535 # 1504
28535 # 1504
28535 # 1504
28535 # 1504
28535 # 1504
28535 # 1504
28535 # 1504
28535 # 1504
28535 # 1504
28535 # 1504
28535 # 1504
28535 # 1504
28535 # 1504
28535 # 1504
28535 # 1504
28535 # 1504
28535 # 1504
28535 # 1504
28535 # 1504
28535 # 1504
28535 # 1504
28535 # 1504
28535 # 1504
28535 # 1504
28535 # 1504
28535 # 1504
28535 # 1504
28535 # 1504
28535 # 1504
28535 # 1504
28535 # 1504
28535 # 1504
28535 # 1504
28535 # 1504
28535 # 1504
28535 # 1504
28535 # 1504
28535 # 1504
28535 # 1504
28535 # 1504
28535 # 1504
28535 # 1504
28535 # 1504
28535 # 1504
28535 # 1504
28535 # 1504
28535 # 1504
28535 # 1504
28535 # 1504
28535 # 1504
28535 # 1504
28535 # 1504
28535 # 1504
28535 # 1504
28535 # 1504
28535 # 1504
28535 # 1504
28535 # 1504
28535 # 1504
28535 # 1504
28535 # 1504
28535 # 1504
28535 # 1504
28535 # 1504
28535 # 1504
28535 # 1504
28535 # 1504
28535 # 1504
28535 # 1504
28535 # 1504
28535 # 1504
28535 # 1504
28535 # 1504
28535 # 1504
28535 # 1504
28740 + 92
28740 + 92
28740 + 92
28740 + 92
28740 + 92
28740 + 92
28740 + 92
28740 + 92
28740 + 92
28740 + 92
28740 + 92
28740 + 92
28740 + 92
28740 + 92
28740 + 92
28740 + 92
28740 + 92
28740 + 92
28740 + 92
28740 + 92
28740 + 92
28740 + 92
28740 + 92
28740 + 92
28740 + 92
28740 + 92
28740 + 92
28740 + 92
28740 + 92
28740 + 92
28740 + 92
28740 + 92
28740 + 92
28740 + 92
28740 + 92
28740 + 92
28740 + 92
28740 + 92
28740 + 92
28740 + 92
28740 + 92
28740 + 92
28740 + 92
28740 + 92
28740 + 92
28740 + 92
28740 + 92
28740 + 92
28740 + 92
28740 + 92
28740 + 92
28740 + 92
28740 + 92
28740 + 92
28741 + 92
28741 + 92
28741 + 92
28741 + 92
28741 + 92
28741 + 92
28741 + 92
28741 + 92
28741 + 92
28741 + 92
28743 + 92
28743 + 92
28743 + 92
28743 + 92
28743 + 92
28743 + 92
28743 + 92
28743 + 92
28749 + 92
28749 + 92
28749 + 92
28749 + 92
28749 + 92
28749 + 92
28749 + 92
28749 + 92
28749 + 92
28749 + 92
28749 + 92
30035 # 1504
30035 - 92 1295
30035 - 92 1295
30035 - 92 1295
30035 - 92 1295
30035 - 92 1295
30035 - 92 1295
30035 - 92 1295
30035 - 92 1295
30035 - 92 1295
30035 - 92 1295
30035 - 92 1295
30035 - 92 1295
30035 - 92 1295
30035 - 92 1295
30035 - 92 1295
30035 - 92 1295
30035 # 1504
30035 - 92 1295
30035 - 92 1295
30035 - 92 1295
30035 - 92 1295
30035 - 92 1295
30035 - 92 1295
30035 - 92 1295
30035 - 92 1295
30035 - 92 1295
30035 - 92 1295
30035 - 92 1295
30035 - 92 1295
30035 - 92 1295
30035 - 92 1295
30035 - 92 1295
30035 - 92 1295
30035 # 1504
30035 - 92 1295
30035 - 92 1295
30035 - 92 1295
30035 - 92 1295
30035 - 92 1295
30035 - 92 1295
30035 - 92 1295
30035 - 92 1295
30035 - 92 1295
30035 - 92 1295
30035 - 92 1295
30035 - 92 1295
30035 - 92 1295
30035 - 92 1295
30035 - 92 1295
30035 - 92 1295
30035 - 92 1295
30035 # 1504
30035 - 92 1295
30035 - 92 1295
30035 - 92 1295
30035 - 92 1295
30035 - 92 1295
30035 - 92 1294
30035 - 92 1294
30035 - 92 1294
30035 - 92 1294
30035 - 92 1294
30035 - 92 1294
30035 - 92 1294
30035 - 92 1294
30035 - 92 1294
30035 - 92 1294
30035 - 92 1292
30035 # 1504
30035 - 92 1292
30035 - 92 1292
30035 - 92 1292
30035 - 92 1292
30035 - 92 1292
30035 - 92 1292
30035 - 92 1292
30035 - 92 1286
30035 - 92 1286
30035 - 92 1286
30035 - 92 1286
30035 - 92 1286
30035 - 92 1286
30035 - 92 1286
30035 - 92 1286
30035 - 92 1286
30035 # 1504
30035 - 92 1286
30035 - 92 1286
30035 # 1504
30035 # 1504
30035 # 1504
30035 # 1504
30035 # 1504
30035 # 1504
30035 # 1504
30035 # 1504
30035 # 1504
30035 # 1504
30035 # 1504
30035 # 1504
30035 # 1504
30035 # 1504
30035 # 1504
30035 # 1504
30035 # 1504
30035 # 1504
30035 # 1504
30035 # 1504
30035 # 1504
30035 # 1504
30035 # 1504
30035 # 1504
30035 # 1504
30035 # 1504
30035 # 1504
30035 # 1504
30035 # 1504
30035 # 1504
30035 # 1504
30035 # 1504
30035 # 1504
30035 # 1504
30035 # 1504
30035 # 1504
30035 # 1504
30035 # 1504
30035 # 1504
30035 # 1504
30035 # 1504
30035 # 1504
30035 # 1504
30035 # 1504
30035 # 1504
30035 # 1504
30035 # 1504
30035 # 1504
30035 # 1504
30035 # 1504
30035 # 1504
30035 # 1504
30035 # 1504
30035 # 1504
30035 # 1504
30035 # 1504
30035 # 1504
30035 # 1504
30035 # 1504
30035 # 1504
30035 # 1504
30035 # 1504
30035 # 1504
30035 # 1504
30035 # 1504
30035 # 1504
30035 # 1504
30035 # 1504
30035 # 1504
30035 # 1504
30035 # 1504
30035 # 1504
30035 # 1504
30035 # 1504
30035 # 1504
30035 # 1504
30035 # 1504
30238 + 92
30238 + 92
30238 + 92
30240 + 92
30240 + 92
30240 + 92
30240 + 92
30240 + 92
30240 + 92
30240 + 92
30240 + 92
30240 + 92
30240 + 92
30240 + 92
30240 + 92
30240 + 92
30240 + 92
30240 + 92
30240 + 92
30241 + 92
30241 + 92
30241 + 92
30241 + 92
30241 + 92
30241 + 92
30241 + 92
30241 + 92
30241 + 92
30241 + 92
30241 + 92
30241 + 92
30241 + 92
30241 + 92
30241 + 92
30241 + 92
30241 + 92
30241 + 92
30241 + 92
30241 + 92
30241 + 92
30241 + 92
30241 + 92
30241 + 92
30241 + 92
30241 + 92
30241 + 92
30241 + 92
30241 + 92
30241 + 92
30241 + 92
30241 + 92
30241 + 92
30241 + 92
30241 + 92
30241 + 92
30241 + 92
30241 + 92
30241 + 92
30241 + 92
30241 + 92
30241 + 92
30241 + 92
30241 + 92
30241 + 92
30242 + 92
30242 + 92
30242 + 92
30242 + 92
30242 + 92
30242 + 92
30242 + 92
30242 + 92
30242 + 92
30242 + 92
30242 + 92
30242 + 92
30242 + 92
30242 + 92
30242 + 92
30242 + 92
30242 + 92
30242 + 92
31535 # 1504
31535 - 92 1297
31535 - 92 1297
31535 - 92 1297
31535 - 92 1295
31535 - 92 1295
31535 - 92 1295
31535 - 92 1295
31535 - 92 1295
31535 - 92 1295
31535 - 92 1295
31535 - 92 1295
31535 - 92 1295
31535 - 92 1295
31535 - 92 1295
31535 - 92 1295
31535 - 92 1295
31535 # 1504
31535 - 92 1295
31535 - 92 1295
31535 - 92 1295
31535 - 92 1294
31535 - 92 1294
31535 - 92 1294
31535 - 92 1294
31535 - 92 1294
31535 - 92 1294
31535 - 92 1294
31535 - 92 1294
31535 - 92 1294
31535 - 92 1294
31535 - 92 1294
31535 - 92 1294
31535 - 92 1294
31535 # 1504
31535 - 92 1294
31535 - 92 1294
31535 - 92 1294
31535 - 92 1294
31535 - 92 1294
31535 - 92 1294
31535 - 92 1294
31535 - 92 1294
31535 - 92 1294
31535 - 92 1294
31535 - 92 1294
31535 - 92 1294
31535 - 92 1294
31535 - 92 1294
31535 - 92 1294
31535 - 92 1294
31535 - 92 1294
31535 # 1504
31535 - 92 1294
31535 - 92 1294
31535 - 92 1294
31535 - 92 1294
31535 - 92 1294
31535 - 92 1294
31535 - 92 1294
31535 - 92 1294
31535 - 92 1294
31535 - 92 1294
31535 - 92 1294
31535 - 92 1294
31535 - 92 1294
31535 - 92 1294
31535 - 92 1294
31535 - 92 1293
31535 # 1504
31535 - 92 1293
31535 - 92 1293
31535 - 92 1293
31535 - 92 1293
31535 - 92 1293
31535 - 92 1293
31535 - 92 1293
31535 - 92 1293
31535 - 92 1293
31535 - 92 1293
31535 - 92 1293
31535 - 92 1293
31535 - 92 1293
31535 - 92 1293
31535 - 92 1293
31535 - 92 1293
31535 # 1504
31535 - 92 1293
31535 # 1504
31535 # 1504
31535 # 1504
31535 # 1504
31535 # 1504
31535 # 1504
31535 # 1504
31535 # 1504
31535 # 1504
31535 # 1504
31535 # 1504
31535 # 1504
31535 # 1504
31535 # 1504
31535 # 1504
31535 # 1504
31535 # 1504
31535 # 1504
31535 # 1504
31535 # 1504
31535 # 1504
31535 # 1504
31535 # 1504
31535 # 1504
31535 # 1504
31535 # 1504
31535 # 1504
31535 # 1504
31535 # 1504
31535 # 1504
31535 # 1504
31535 # 1504
31535 # 1504
31535 # 1504
31535 # 1504
31535 # 1504
31535 # 1504
31535 # 1504
31535 # 1504
31535 # 1504
31535 # 1504
31535 # 1504
31535 # 1504
31535 # 1504
31535 # 1504
31535 # 1504
31535 # 1504
31535 # 1504
31535 # 1504
31535 # 1504
31535 # 1504
31535 # 1504
31535 # 1504
31535 # 1504
31535 # 1504
31535 # 1504
31535 # 1504
31535 # 1504
31535 # 1504
31535 # 1504
31535 # 1504
31535 # 1504
31535 # 1504
31535 # 1504
31535 # 1504
31535 # 1504
31535 # 1504
31535 # 1504
31535 # 1504
31535 # 1504
31535 # 1504
31535 # 1504
31535 # 1504
31535 # 1504
31535 # 1504
31535 # 1504
31535 # 1504
31747 + 92
31747 + 92
31747 + 92
31747 + 92
31747 + 92
31747 + 92
31747 + 92
31747 + 92
31747 + 92
31747 + 92
31747 + 92
31747 + 92
31747 + 92
31747 + 92
31747 + 92
31747 + 92
31747 + 92
31747 + 92
31747 + 92
31747 + 92
31747 + 92
31747 + 92
31747 + 92
31747 + 92
31747 + 92
31747 + 92
31747 + 92
31747 + 92
31747 + 92
31747 + 92
31747 + 92
31747 + 92
31747 + 92
31747 + 92
31747 + 92
31747 + 92
31747 + 92
31747 + 92
31747 + 92
31747 + 92
31747 + 92
31747 + 92
31747 + 92
31747 + 92
31747 + 92
31747 + 92
31747 + 92
31747 + 92
31747 + 92
31747 + 92
31747 + 92
31747 + 92
31747 + 92
31747 + 92
31747 + 92
31747 + 92
31749 + 92
31749 + 92
31749 + 92
31749 + 92
31749 + 92
31749 + 92
31749 + 92
31749 + 92
31749 + 92
31749 + 92
31749 + 92
31749 + 92
31749 + 92
31749 + 92
31749 + 92
31749 + 92
31749 + 92
31749 + 92
31749 + 92
31749 + 92
31749 + 92
31749 + 92
31749 + 92
31749 + 92
31749 + 92
31749 + 92
31749 + 92
32845 + 52
33035 # 1504
33035 - 92 1288
33035 - 92 1288
33035 - 92 1288
33035 - 92 1288
33035 - 92 1288
33035 - 92 1288
33035 - 92 1288
33035 - 92 1288
33035 - 92 1288
33035 - 92 1288
33035 - 92 1288
33035 - 92 1288
33035 - 92 1288
33035 - 92 1288
33035 - 92 1288
33035 - 92 1288
33035 # 1504
33035 - 92 1288
33035 - 92 1288
33035 - 92 1288
33035 - 92 1288
33035 - 92 1288
33035 - 92 1288
33035 - 92 1288
33035 - 92 1288
33035 - 92 1288
33035 - 92 1288
33035 - 92 1288
33035 - 92 1288
33035 - 92 1288
33035 - 92 1288
33035 - 92 1288
33035 - 92 1288
33035 # 1504
33035 - 92 1288
33035 - 92 1288
33035 - 92 1288
33035 - 92 1288
33035 - 92 1288
33035 - 92 1288
33035 - 92 1288
33035 - 92 1288
33035 - 92 1288
33035 - 92 1288
33035 - 92 1288
33035 - 92 1288
33035 - 92 1288
33035 - 92 1288
33035 - 92 1288
33035 - 92 1288
33035 - 92 1288
33035 # 1504
33035 - 92 1288
33035 - 92 1288
33035 - 92 1288
33035 - 92 1288
33035 - 92 1288
33035 - 92 1288
33035 - 92 1288
33035 - 92 1286
33035 - 92 1286
33035 - 92 1286
33035 - 92 1286
33035 - 92 1286
33035 - 92 1286
33035 - 92 1286
33035 - 92 1286
33035 - 92 1286
33035 # 1504
33035 - 92 1286
33035 - 92 1286
33035 - 92 1286
33035 - 92 1286
33035 - 92 1286
33035 - 92 1286
33035 - 92 1286
33035 - 92 1286
33035 - 92 1286
33035 - 92 1286
33035 - 92 1286
33035 - 92 1286
33035 - 92 1286
33035 - 92 1286
33035 - 92 1286
33035 - 92 1286
33035 # 1504
33035 - 92 1286
33035 - 92 1286
33035 - 52 190
33035 # 1504
33035 # 1504
33035 # 1504
33035 # 1504
33035 # 1504
33035 # 1504
33035 # 1504
33035 # 1504
33035 # 1504
33035 # 1504
33035 # 1504
33035 # 1504
33035 # 1504
33035 # 1504
33035 # 1504
33035 # 1504
33035 # 1504
33035 # 1504
33035 # 1504
33035 # 1504
33035 # 1504
33035 # 1504
33035 # 1504
33035 # 1504
33035 # 1504
33035 # 1504
33035 # 1504
33035 # 1504
33035 # 1504
33035 # 1504
33035 # 1504
33035 # 1504
33035 # 1504
33035 # 1504
33035 # 1504
33035 # 1504
33035 # 1504
33035 # 1504
33035 # 1504
33035 # 1504
33035 # 1504
33035 # 1504
33035 # 1504
33035 # 1504
33035 # 1504
33035 # 1504
33035 # 1504
33035 # 1504
33035 # 1504
33035 # 1504
33035 # 1504
33035 # 1504
33035 # 1504
33035 # 1504
33035 # 1504
33035 # 1504
33035 # 1504
33035 # 1504
33035 # 1504
33035 # 1504
33035 # 1504
33035 # 1504
33035 # 1504
33035 # 1504
33035 # 1504
33035 # 1504
33035 # 1504
33035 # 1504
33035 # 1504
33035 # 1504
33035 # 1504
33035 # 1504
33035 # 1504
33035 # 1504
33035 # 1504
33035 # 1504
33035 # 1504
33238 + 92
33238 + 92
33238 + 92
33238 + 92
33238 + 92
33238 + 92
33238 + 92
33238 + 92
33238 + 92
33238 + 92
33238 + 92
33238 + 92
33238 + 92
33238 + 92
33238 + 92
33238 + 92
33238 + 92
33238 + 92
33238 + 92
33238 + 92
33238 + 92
33238 + 92
33238 + 92
33238 + 92
33238 + 92
33238 + 92
33238 + 92
33238 + 92
33238 + 92
33238 + 92
33238 + 92
33238 + 92
33238 + 92
33238 + 92
33238 + 92
33238 + 92
33238 + 92
33238 + 92
33238 + 92
33238 + 92
33238 + 92
33238 + 92
33238 + 92
33238 + 92
33238 + 92
33238 + 92
33238 + 92
33239 + 92
33239 + 92
33239 + 92
33239 + 92
33239 + 92
33239 + 92
33239 + 92
33239 + 92
33239 + 92
33239 + 92
33239 + 92
33239 + 92
33239 + 92
33239 + 92
33239 + 92
33239 + 92
33239 + 92
33239 + 92
33239 + 92
33239 + 92
33239 + 92
33239 + 92
33239 + 92
33239 + 92
33239 + 92
33239 + 92
33239 + 92
33239 + 92
33239 + 92
33239 + 92
33239 + 92
33239 + 92
33239 + 92
33239 + 92
33239 + 92
33240 + 92
34535 # 1504
34535 - 92 1297
34535 - 92 1297
34535 - 92 1297
34535 - 92 1297
34535 - 92 1297
34535 - 92 1297
34535 - 92 1297
34535 - 92 1297
34535 - 92 1297
34535 - 92 1297
34535 - 92 1297
34535 - 92 1297
34535 - 92 1297
34535 - 92 1297
34535 - 92 1297
34535 - 92 1297
34535 # 1504
34535 - 92 1297
34535 - 92 1297
34535 - 92 1297
34535 - 92 1297
34535 - 92 1297
34535 - 92 1297
34535 - 92 1297
34535 - 92 1297
34535 - 92 1297
34535 - 92 1297
34535 - 92 1297
34535 - 92 1297
34535 - 92 1297
34535 - 92 1297
34535 - 92 1297
34535 - 92 1297
34535 # 1504
34535 - 92 1297
34535 - 92 1297
34535 - 92 1297
34535 - 92 1297
34535 - 92 1297
34535 - 92 1297
34535 - 92 1297
34535 - 92 1297
34535 - 92 1297
34535 - 92 1297
34535 - 92 1297
34535 - 92 1297
34535 - 92 1297
34535 - 92 1297
34535 - 92 1297
34535 - 92 1296
34535 - 92 1296
34535 # 1504
34535 - 92 1296
34535 - 92 1296
34535 - 92 1296
34535 - 92 1296
34535 - 92 1296
34535 - 92 1296
34535 - 92 1296
34535 - 92 1296
34535 - 92 1296
34535 - 92 1296
34535 - 92 1296
34535 - 92 1296
34535 - 92 1296
34535 - 92 1296
34535 - 92 1296
34535 - 92 1296
34535 # 1504
34535 - 92 1296
34535 - 92 1296
34535 - 92 1296
34535 - 92 1296
34535 - 92 1296
34535 - 92 1296
34535 - 92 1296
34535 - 92 1296
34535 - 92 1296
34535 - 92 1296
34535 - 92 1296
34535 - 92 1296
34535 - 92 1296
34535 - 92 1296
34535 - 92 1296
34535 - 92 1296
34535 # 1504
34535 - 92 1296
34535 - 92 1295
34535 # 1504
34535 # 1504
34535 # 1504
34535 # 1504
34535 # 1504
34535 # 1504
34535 # 1504
34535 # 1504
34535 # 1504
34535 # 1504
34535 # 1504
34535 # 1504
34535 # 1504
34535 # 1504
34535 # 1504
34535 # 1504
34535 # 1504
34535 # 1504
34535 # 1504
34535 # 1504
34535 # 1504
34535 # 1504
34535 # 1504
34535 # 1504
34535 # 1504
34535 # 1504
34535 # 1504
34535 # 1504
34535 # 1504
34535 # 1504
34535 # 1504
34535 # 1504
34535 # 1504
34535 # 1504
34535 # 1504
34535 # 1504
34535 # 1504
34535 # 1504
34535 # 1504
34535 # 1504
34535 # 1504
34535 # 1504
34535 # 1504
34535 # 1504
34535 # 1504
34535 # 1504
34535 # 1504
34535 # 1504
34535 # 1504
34535 # 1504
34535 # 1504
34535 # 1504
34535 # 1504
34535 # 1504
34535 # 1504
34535 # 1504
34535 # 1504
34535 # 1504
34535 # 1504
34535 # 1504
34535 # 1504
34535 # 1504
34535 # 1504
34535 # 1504
34535 # 1504
34535 # 1504
34535 # 1504
34535 # 1504
34535 # 1504
34535 # 1504
34535 # 1504
34535 # 1504
34535 # 1504
34535 # 1504
34535 # 1504
34535 # 1504
34535 # 1504
34741 + 92
34741 + 92
34741 + 92
34741 + 92
34741 + 92
34741 + 92
34741 + 92
34741 + 92
34741 + 92
34741 + 92
34741 + 92
34741 + 92
34743 + 92
34743 + 92
34743 + 92
34743 + 92
34743 + 92
34743 + 92
34743 + 92
34743 + 92
34743 + 92
34743 + 92
34743 + 92
34743 + 92
34743 + 92
34743 + 92
34743 + 92
34743 + 92
34744 + 92
34744 + 92
34744 + 92
34744 + 92
34744 + 92
34744 + 92
34744 + 92
34744 + 92
34744 + 92
34744 + 92
34744 + 92
34744 + 92
34744 + 92
34744 + 92
34744 + 92
34744 + 92
34744 + 92
34744 + 92
34744 + 92
34744 + 92
34744 + 92
34744 + 92
34744 + 92
34744 + 92
34744 + 92
34744 + 92
34744 + 92
34744 + 92
34744 + 92
34744 + 92
34744 + 92
34744 + 92
34744 + 92
34744 + 92
34744 + 92
34744 + 92
34744 + 92
34744 + 92
34744 + 92
34744 + 92
34744 + 92
34744 + 92
34744 + 92
34744 + 92
34744 + 92
34744 + 92
34744 + 92
34745 + 92
34745 + 92
34745 + 92
34745 + 92
34745 + 92
34745 + 92
34745 + 92
34745 + 92
36035 # 1504
36035 - 92 1294
36035 - 92 1294
36035 - 92 1294
36035 - 92 1294
36035 - 92 1294
36035 - 92 1294
36035 - 92 1294
36035 - 92 1294
36035 - 92 1294
36035 - 92 1294
36035 - 92 1294
36035 - 92 1294
36035 - 92 1292
36035 - 92 1292
36035 - 92 1292
36035 - 92 1292
36035 # 1504
36035 - 92 1292
36035 - 92 1292
36035 - 92 1292
36035 - 92 1292
36035 - 92 1292
36035 - 92 1292
36035 - 92 1292
36035 - 92 1292
36035 - 92 1292
36035 - 92 1292
36035 - 92 1292
36035 - 92 1292
36035 - 92 1291
36035 - 92 1291
36035 - 92 1291
36035 - 92 1291
36035 # 1504
36035 - 92 1291
36035 - 92 1291
36035 - 92 1291
36035 - 92 1291
36035 - 92 1291
36035 - 92 1291
36035 - 92 1291
36035 - 92 1291
36035 - 92 1291
36035 - 92 1291
36035 - 92 1291
36035 - 92 1291
36035 - 92 1291
36035 - 92 1291
36035 - 92 1291
36035 - 92 1291
36035 - 92 1291
36035 # 1504
36035 - 92 1291
36035 - 92 1291
36035 - 92 1291
36035 - 92 1291
36035 - 92 1291
36035 - 92 1291
36035 - 92 1291
36035 - 92 1291
36035 - 92 1291
36035 - 92 1291
36035 - 92 1291
36035 - 92 1291
36035 - 92 1291
36035 - 92 1291
36035 - 92 1291
36035 - 92 1291
36035 # 1504
36035 - 92 1291
36035 - 92 1291
36035 - 92 1291
36035 - 92 1291
36035 - 92 1291
36035 - 92 1291
36035 - 92 1291
36035 - 92 1291
36035 - 92 1291
36035 - 92 1291
36035 - 92 1290
36035 - 92 1290
36035 - 92 1290
36035 - 92 1290
36035 - 92 1290
36035 - 92 1290
36035 # 1504
36035 - 92 1290
36035 - 92 1290
36035 # 1504
36035 # 1504
36035 # 1504
36035 # 1504
36035 # 1504
36035 # 1504
36035 # 1504
36035 # 1504
36035 # 1504
36035 # 1504
36035 # 1504
36035 # 1504
36035 # 1504
36035 # 1504
36035 # 1504
36035 # 1504
36035 # 1504
36035 # 1504
36035 # 1504
36035 # 1504
36035 # 1504
36035 # 1504
36035 # 1504
36035 # 1504
36035 # 1504
36035 # 1504
36035 # 1504
36035 # 1504
36035 # 1504
36035 # 1504
36035 # 1504
36035 # 1504
36035 # 1504
36035 # 1504
36035 # 1504
36035 # 1504
36035 # 1504
36035 # 1504
36035 # 1504
36035 # 1504
36035 # 1504
36035 # 1504
36035 # 1504
36035 # 1504
36035 # 1504
36035 # 1504
36035 # 1504
36035 # 1504
36035 # 1504
36035 # 1504
36035 # 1504
36035 # 1504
36035 # 1504
36035 # 1504
36035 # 1504
36035 # 1504
36035 # 1504
36035 # 1504
36035 # 1504
36035 # 1504
36035 # 1504
36035 # 1504
36035 # 1504
36035 # 1504
36035 # 1504
36035 # 1504
36035 # 1504
36035 # 1504
36035 # 1504
36035 # 1504
36035 # 1504
36035 # 1504
36035 # 1504
36035 # 1504
36035 # 1504
36035 # 1504
36035 # 1504
36241 + 92
36241 + 92
36241 + 92
36241 + 92
36241 + 92
36242 + 92
36242 + 92
36242 + 92
36242 + 92
36242 + 92
36242 + 92
36242 + 92
36242 + 92
36242 + 92
36242 + 92
36242 + 92
36242 + 92
36242 + 92
36242 + 92
36242 + 92
36242 + 92
36242 + 92
36242 + 92
36242 + 92
36242 + 92
36242 + 92
36242 + 92
36242 + 92
36242 + 92
36242 + 92
36242 + 92
36242 + 92
36242 + 92
36242 + 92
36242 + 92
36242 + 92
36242 + 92
36244 + 92
36244 + 92
36244 + 92
36244 + 92
36244 + 92
36244 + 92
36244 + 92
36244 + 92
36244 + 92
36244 + 92
36244 + 92
36244 + 92
36244 + 92
36244 + 92
36244 + 92
36244 + 92
36244 + 92
36244 + 92
36244 + 92
36244 + 92
36244 + 92
36244 + 92
36244 + 92
36245 + 92
36245 + 92
36245 + 92
36245 + 92
36245 + 92
36245 + 92
36245 + 92
36245 + 92
36245 + 92
36245 + 92
36245 + 92
36245 + 92
36245 + 92
36245 + 92
36245 + 92
36245 + 92
36245 + 92
36245 + 92
36245 + 92
36245 + 92
36245 + 92
36245 + 92
36245 + 92
37535 # 1504
37535 - 92 1294
37535 - 92 1294
37535 - 92 1294
37535 - 92 1294
37535 - 92 1294
37535 - 92 1293
37535 - 92 1293
37535 - 92 1293
37535 - 92 1293
37535 - 92 1293
37535 - 92 1293
37535 - 92 1293
37535 - 92 1293
37535 - 92 1293
37535 - 92 1293
37535 - 92 1293
37535 # 1504
37535 - 92 1293
37535 - 92 1293
37535 - 92 1293
37535 - 92 1293
37535 - 92 1293
37535 - 92 1293
37535 - 92 1293
37535 - 92 1293
37535 - 92 1293
37535 - 92 1293
37535 - 92 1293
37535 - 92 1293
37535 - 92 1293
37535 - 92 1293
37535 - 92 1293
37535 - 92 1293
37535 # 1504
37535 - 92 1293
37535 - 92 1293
37535 - 92 1293
37535 - 92 1293
37535 - 92 1293
37535 - 92 1291
37535 - 92 1291
37535 - 92 1291
37535 - 92 1291
37535 - 92 1291
37535 - 92 1291
37535 - 92 1291
37535 - 92 1291
37535 - 92 1291
37535 - 92 1291
37535 - 92 1291
37535 - 92 1291
37535 # 1504
37535 - 92 1291
37535 - 92 1291
37535 - 92 1291
37535 - 92 1291
37535 - 92 1291
37535 - 92 1291
37535 - 92 1291
37535 - 92 1291
37535 - 92 1291
37535 - 92 1291
37535 - 92 1291
37535 - 92 1290
37535 - 92 1290
37535 - 92 1290
37535 - 92 1290
37535 - 92 1290
37535 # 1504
37535 - 92 1290
37535 - 92 1290
37535 - 92 1290
37535 - 92 1290
37535 - 92 1290
37535 - 92 1290
37535 - 92 1290
37535 - 92 1290
37535 - 92 1290
37535 - 92 1290
37535 - 92 1290
37535 - 92 1290
37535 - 92 1290
37535 - 92 1290
37535 - 92 1290
37535 - 92 1290
37535 # 1504
37535 - 92 1290
37535 - 92 1290
37535 # 1504
37535 # 1504
37535 # 1504
37535 # 1504
37535 # 1504
37535 # 1504
37535 # 1504
37535 # 1504
37535 # 1504
37535 # 1504
37535 # 1504
37535 # 1504
37535 # 1504
37535 # 1504
37535 # 1504
37535 # 1504
37535 # 1504
37535 # 1504
37535 # 1504
37535 # 1504
37535 # 1504
37535 # 1504
37535 # 1504
37535 # 1504
37535 # 1504
37535 # 1504
37535 # 1504
37535 # 1504
37535 # 1504
37535 # 1504
37535 # 1504
37535 # 1504
37535 # 1504
37535 # 1504
37535 # 1504
37535 # 1504
37535 # 1504
37535 # 1504
37535 # 1504
37535 # 1504
37535 # 1504
37535 # 1504
37535 # 1504
37535 # 1504
37535 # 1504
37535 # 1504
37535 # 1504
37535 # 1504
37535 # 1504
37535 # 1504
37535 # 1504
37535 # 1504
37535 # 1504
37535 # 1504
37535 # 1504
37535 # 1504
37535 # 1504
37535 # 1504
37535 # 1504
37535 # 1504
37535 # 1504
37535 # 1504
37535 # 1504
37535 # 1504
37535 # 1504
37535 # 1504
37535 # 1504
37535 # 1504
37535 # 1504
37535 # 1504
37535 # 1504
37535 # 1504
37535 # 1504
37535 # 1504
37535 # 1504
37535 # 1504
37535 # 1504
37740 + 92
37741 + 92
37741 + 92
37741 + 92
37741 + 92
37741 + 92
37741 + 92
37741 + 92
37741 + 92
37741 + 92
37741 + 92
37741 + 92
37741 + 92
37741 + 92
37741 + 92
37741 + 92
37741 + 92
37741 + 92
37741 + 92
37741 + 92
37741 + 92
37741 + 92
37741 + 92
37741 + 92
37741 + 92
37741 + 92
37741 + 92
37741 + 92
37741 + 92
37741 + 92
37741 + 92
37741 + 92
37741 + 92
37741 + 92
37741 + 92
37741 + 92
37741 + 92
37741 + 92
37741 + 92
37741 + 92
37741 + 92
37741 + 92
37741 + 92
37741 + 92
37741 + 92
37741 + 92
37741 + 92
37741 + 92
37741 + 92
37741 + 92
37741 + 92
37741 + 92
37741 + 92
37741 + 92
37741 + 92
37741 + 92
37741 + 92
37741 + 92
37741 + 92
37741 + 92
37741 + 92
37741 + 92
37741 + 92
37741 + 92
37741 + 92
37741 + 92
37741 + 92
37741 + 92
37741 + 92
37741 + 92
37741 + 92
37741 + 92
37741 + 92
37741 + 92
37741 + 92
37741 + 92
37741 + 92
37741 + 92
37741 + 92
37741 + 92
37741 + 92
37741 + 92
37741 + 92
39035 # 1504
39035 - 92 1295
39035 - 92 1294
39035 - 92 1294
39035 - 92 1294
39035 - 92 1294
39035 - 92 1294
39035 - 92 1294
39035 - 92 1294
39035 - 92 1294
39035 - 92 1294
39035 - 92 1294
39035 - 92 1294
39035 - 92 1294
39035 - 92 1294
39035 - 92 1294
39035 - 92 1294
39035 # 1504
39035 - 92 1294
39035 - 92 1294
39035 - 92 1294
39035 - 92 1294
39035 - 92 1294
39035 - 92 1294
39035 - 92 1294
39035 - 92 1294
39035 - 92 1294
39035 - 92 1294
39035 - 92 1294
39035 - 92 1294
39035 - 92 1294
39035 - 92 1294
39035 - 92 1294
39035 - 92 1294
39035 # 1504
39035 - 92 1294
39035 - 92 1294
39035 - 92 1294
39035 - 92 1294
39035 - 92 1294
39035 - 92 1294
39035 - 92 1294
39035 - 92 1294
39035 - 92 1294
39035 - 92 1294
39035 - 92 1294
39035 - 92 1294
39035 - 92 1294
39035 - 92 1294
39035 - 92 1294
39035 - 92 1294
39035 - 92 1294
39035 # 1504
39035 - 92 1294
39035 - 92 1294
39035 - 92 1294
39035 - 92 1294
39035 - 92 1294
39035 - 92 1294
39035 - 92 1294
39035 - 92 1294
39035 - 92 1294
39035 - 92 1294
39035 - 92 1294
39035 - 92 1294
39035 - 92 1294
39035 - 92 1294
39035 - 92 1294
39035 - 92 1294
39035 # 1504
39035 - 92 1294
39035 - 92 1294
39035 - 92 1294
39035 - 92 1294
39035 - 92 1294
39035 - 92 1294
39035 - 92 1294
39035 - 92 1294
39035 - 92 1294
39035 - 92 1294
39035 - 92 1294
39035 - 92 1294
39035 - 92 1294
39035 - 92 1294
39035 - 92 1294
39035 - 92 1294
39035 # 1504
39035 - 92 1294
39035 - 92 1294
39035 # 1504
39035 # 1504
39035 # 1504
39035 # 1504
39035 # 1504
39035 # 1504
39035 # 1504
39035 # 1504
39035 # 1504
39035 # 1504
39035 # 1504
39035 # 1504
39035 # 1504
39035 # 1504
39035 # 1504
39035 # 1504
39035 # 1504
39035 # 1504
39035 # 1504
39035 # 1504
39035 # 1504
39035 # 1504
39035 # 1504
39035 # 1504
39035 # 1504
39035 # 1504
39035 # 1504
39035 # 1504
39035 # 1504
39035 # 1504
39035 # 1504
39035 # 1504
39035 # 1504
39035 # 1504
39035 # 1504
39035 # 1504
39035 # 1504
39035 # 1504
39035 # 1504
39035 # 1504
39035 # 1504
39035 # 1504
39035 # 1504
39035 # 1504
39035 # 1504
39035 # 1504
39035 # 1504
39035 # 1504
39035 # 1504
39035 # 1504
39035 # 1504
39035 # 1504
39035 # 1504
39035 # 1504
39035 # 1504
39035 # 1504
39035 # 1504
39035 # 1504
39035 # 1504
39035 # 1504
39035 # 1504
39035 # 1504
39035 # 1504
39035 # 1504
39035 # 1504
39035 # 1504
39035 # 1504
39035 # 1504
39035 # 1504
39035 # 1504
39035 # 1504
39035 # 1504
39035 # 1504
39035 # 1504
39035 # 1504
39035 # 1504
39035 # 1504
39239 + 92
39239 + 92
39239 + 92
39239 + 92
39239 + 92
39239 + 92
39239 + 92
39239 + 92
39239 + 92
39239 + 92
39239 + 92
39239 + 92
39239 + 92
39239 + 92
39239 + 92
39239 + 92
39239 + 92
39239 + 92
39239 + 92
39239 + 92
39239 + 92
39239 + 92
39239 + 92
39239 + 92
39239 + 92
39239 + 92
39239 + 92
39239 + 92
39239 + 92
39239 + 92
39241 + 92
39241 + 92
39241 + 92
39241 + 92
39241 + 92
39241 + 92
39241 + 92
39241 + 92
39241 + 92
39241 + 92
39241 + 92
39241 + 92
39241 + 92
39241 + 92
39241 + 92
39241 + 92
39241 + 92
39241 + 92
39241 + 92
39241 + 92
39241 + 92
39241 + 92
39241 + 92
39241 + 92
39241 + 92
39241 + 92
39241 + 92
39241 + 92
39241 + 92
39241 + 92
39241 + 92
39241 + 92
39241 + 92
39241 + 92
39241 + 92
39241 + 92
39241 + 92
39241 + 92
39241 + 92
39241 + 92
39241 + 92
39241 + 92
39241 + 92
39241 + 92
39241 + 92
39241 + 92
39241 + 92
39241 + 92
39241 + 92
39241 + 92
39241 + 92
39241 + 92
39241 + 92
40535 # 1504
40535 - 92 1296
40535 - 92 1296
40535 - 92 1296
40535 - 92 1296
40535 - 92 1296
40535 - 92 1296
40535 - 92 1296
40535 - 92 1296
40535 - 92 1296
40535 - 92 1296
40535 - 92 1296
40535 - 92 1296
40535 - 92 1296
40535 - 92 1296
40535 - 92 1296
40535 - 92 1296
40535 # 1504
40535 - 92 1296
40535 - 92 1296
40535 - 92 1296
40535 - 92 1296
40535 - 92 1296
40535 - 92 1296
40535 - 92 1296
40535 - 92 1296
40535 - 92 1296
40535 - 92 1296
40535 - 92 1296
40535 - 92 1296
40535 - 92 1296
40535 - 92 1296
40535 - 92 1294
40535 - 92 1294
40535 # 1504
40535 - 92 1294
40535 - 92 1294
40535 - 92 1294
40535 - 92 1294
40535 - 92 1294
40535 - 92 1294
40535 - 92 1294
40535 - 92 1294
40535 - 92 1294
40535 - 92 1294
40535 - 92 1294
40535 - 92 1294
40535 - 92 1294
40535 - 92 1294
40535 - 92 1294
40535 - 92 1294
40535 - 92 1294
40535 # 1504
40535 - 92 1294
40535 - 92 1294
40535 - 92 1294
40535 - 92 1294
40535 - 92 1294
40535 - 92 1294
40535 - 92 1294
40535 - 92 1294
40535 - 92 1294
40535 - 92 1294
40535 - 92 1294
40535 - 92 1294
40535 - 92 1294
40535 - 92 1294
40535 - 92 1294
40535 - 92 1294
40535 # 1504
40535 - 92 1294
40535 - 92 1294
40535 - 92 1294
40535 - 92 1294
40535 - 92 1294
40535 - 92 1294
40535 - 92 1294
40535 - 92 1294
40535 - 92 1294
40535 - 92 1294
40535 - 92 1294
40535 - 92 1294
40535 - 92 1294
40535 - 92 1294
40535 - 92 1294
40535 - 92 1294
40535 # 1504
40535 - 92 1294
40535 - 92 1294
40535 # 1504
40535 # 1504
40535 # 1504
40535 # 1504
40535 # 1504
40535 # 1504
40535 # 1504
40535 # 1504
40535 # 1504
40535 # 1504
40535 # 1504
40535 # 1504
40535 # 1504
40535 # 1504
40535 # 1504
40535 # 1504
40535 # 1504
40535 # 1504
40535 # 1504
40535 # 1504
40535 # 1504
40535 # 1504
40535 # 1504
40535 # 1504
40535 # 1504
40535 # 1504
40535 # 1504
40535 # 1504
40535 # 1504
40535 # 1504
40535 # 1504
40535 # 1504
40535 # 1504
40535 # 1504
40535 # 1504
40535 # 1504
40535 # 1504
40535 # 1504
40535 # 1504
40535 # 1504
40535 # 1504
40535 # 1504
40535 # 1504
40535 # 1504
40535 # 1504
40535 # 1504
40535 # 1504
40535 # 1504
40535 # 1504
40535 # 1504
40535 # 1504
40535 # 1504
40535 # 1504
40535 # 1504
40535 # 1504
40535 # 1504
40535 # 1504
40535 # 1504
40535 # 1504
40535 # 1504
40535 # 1504
40535 # 1504
40535 # 1504
40535 # 1504
40535 # 1504
40535 # 1504
40535 # 1504
40535 # 1504
40535 # 1504
40535 # 1504
40535 # 1504
40535 # 1504
40535 # 1504
40535 # 1504
40535 # 1504
40535 # 1504
40535 # 1504
40740 + 92
40740 + 92
40740 + 92
40740 + 92
40740 + 92
40740 + 92
40740 + 92
40740 + 92
40740 + 92
40740 + 92
40740 + 92
40740 + 92
40740 + 92
40740 + 92
40740 + 92
40740 + 92
40740 + 92
40740 + 92
40740 + 92
40740 + 92
40740 + 92
40740 + 92
40740 + 92
40740 + 92
40740 + 92
40740 + 92
40740 + 92
40740 + 92
40740 + 92
40740 + 92
40740 + 92
40740 + 92
40740 + 92
40740 + 92
40740 + 92
40740 + 92
40740 + 92
40740 + 92
40742 + 92
40742 + 92
40742 + 92
40742 + 92
40742 + 92
40742 + 92
40742 + 92
40742 + 92
40742 + 92
40742 + 92
40742 + 92
40742 + 92
40742 + 92
40742 + 92
40742 + 92
40742 + 92
40742 + 92
40742 + 92
40742 + 92
40742 + 92
40742 + 92
40742 + 92
40743 + 92
40743 + 92
40743 + 92
40743 + 92
40743 + 92
40743 + 92
40743 + 92
40743 + 92
40743 + 92
40743 + 92
40743 + 92
40743 + 92
40743 + 92
40743 + 92
40743 + 92
40743 + 92
40743 + 92
40743 + 92
40743 + 92
40743 + 92
40743 + 92
40743 + 92
40743 + 92
42035 # 1504
42035 - 92 1295
42035 - 92 1295
42035 - 92 1295
42035 - 92 1295
42035 - 92 1295
42035 - 92 1295
42035 - 92 1295
42035 - 92 1295
42035 - 92 1295
42035 - 92 1295
42035 - 92 1295
42035 - 92 1295
42035 - 92 1295
42035 - 92 1295
42035 - 92 1295
42035 - 92 1295
42035 # 1504
42035 - 92 1295
42035 - 92 1295
42035 - 92 1295
42035 - 92 1295
42035 - 92 1295
42035 - 92 1295
42035 - 92 1295
42035 - 92 1295
42035 - 92 1295
42035 - 92 1295
42035 - 92 1295
42035 - 92 1295
42035 - 92 1295
42035 - 92 1295
42035 - 92 1295
42035 - 92 1295
42035 # 1504
42035 - 92 1295
42035 - 92 1295
42035 - 92 1295
42035 - 92 1295
42035 - 92 1295
42035 - 92 1295
42035 - 92 1293
42035 - 92 1293
42035 - 92 1293
42035 - 92 1293
42035 - 92 1293
42035 - 92 1293
42035 - 92 1293
42035 - 92 1293
42035 - 92 1293
42035 - 92 1293
42035 - 92 1293
42035 # 1504
42035 - 92 1293
42035 - 92 1293
42035 - 92 1293
42035 - 92 1293
42035 - 92 1293
42035 - 92 1293
42035 - 92 1293
42035 - 92 1293
42035 - 92 1293
42035 - 92 1293
42035 - 92 1293
42035 - 92 1292
42035 - 92 1292
42035 - 92 1292
42035 - 92 1292
42035 - 92 1292
42035 # 1504
42035 - 92 1292
42035 - 92 1292
42035 - 92 1292
42035 - 92 1292
42035 - 92 1292
42035 - 92 1292
42035 - 92 1292
42035 - 92 1292
42035 - 92 1292
42035 - 92 1292
42035 - 92 1292
42035 - 92 1292
42035 - 92 1292
42035 - 92 1292
42035 - 92 1292
42035 - 92 1292
42035 # 1504
42035 - 92 1292
42035 - 92 1292
42035 # 1504
42035 # 1504
42035 # 1504
42035 # 1504
42035 # 1504
42035 # 1504
42035 # 1504
42035 # 1504
42035 # 1504
42035 # 1504
42035 # 1504
42035 # 1504
42035 # 1504
42035 # 1504
42035 # 1504
42035 # 1504
42035 # 1504
42035 # 1504
42035 # 1504
42035 # 1504
42035 # 1504
42035 # 1504
42035 # 1504
42035 # 1504
42035 # 1504
42035 # 1504
42035 # 1504
42035 # 1504
42035 # 1504
42035 # 1504
42035 # 1504
42035 # 1504
42035 # 1504
42035 # 1504
42035 # 1504
42035 # 1504
42035 # 1504
42035 # 1504
42035 # 1504
42035 # 1504
42035 # 1504
42035 # 1504
42035 # 1504
42035 # 1504
42035 # 1504
42035 # 1504
42035 # 1504
42035 # 1504
42035 # 1504
42035 # 1504
42035 # 1504
42035 # 1504
42035 # 1504
42035 # 1504
42035 # 1504
42035 # 1504
42035 # 1504
42035 # 1504
42035 # 1504
42035 # 1504
42035 # 1504
42035 # 1504
42035 # 1504
42035 # 1504
42035 # 1504
42035 # 1504
42035 # 1504
42035 # 1504
42035 # 1504
42035 # 1504
42035 # 1504
42035 # 1504
42035 # 1504
42035 # 1504
42035 # 1504
42035 # 1504
42035 # 1504
42242 + 92
42242 + 92
42242 + 92
42242 + 104
42242 + 104
42242 + 104
42242 + 104
42242 + 104
42242 + 104
42242 + 104
42242 + 104
42242 + 104
42242 + 104
42242 + 104
42242 + 104
42242 + 104
42242 + 104
42242 + 104
42242 + 104
42242 + 104
42242 + 104
42242 + 104
42242 + 104
42242 + 104
42242 + 104
42242 + 104
42242 + 104
42242 + 104
42242 + 104
42242 + 104
42242 + 104
42242 + 104
42242 + 104
42242 + 104
42242 + 104
42242 + 104
42242 + 104
42242 + 104
42242 + 104
42242 + 104
42242 + 104
42242 + 104
42242 + 104
42242 + 104
42242 + 104
42242 + 104
42242 + 104
42242 + 104
42242 + 104
42242 + 104
42242 + 104
42242 + 104
42242 + 104
42242 + 104
42242 + 104
42242 + 104
42242 + 104
42242 + 104
42242 + 104
42242 + 104
42242 + 104
42242 + 104
42244 + 104
42244 + 104
42244 + 104
42244 + 104
42244 + 104
42244 + 104
42244 + 104
42244 + 104
42244 + 104
42244 + 104
42244 + 104
42244 + 104
42244 + 104
42244 + 104
42244 + 104
42244 + 104
42244 + 104
42244 + 104
42244 + 104
42244 + 104
42244 + 104
43535 # 1504
43535 - 92 1293
43535 - 92 1293
43535 - 92 1293
43535 - 104 1293
43535 - 104 1293
43535 - 104 1293
43535 - 104 1293
43535 - 104 1293
43535 - 104 1293
43535 - 104 1293
43535 - 104 1293
43535 - 104 1293
43535 - 104 1293
43535 - 104 1293
43535 # 1504
43535 - 104 1293
43535 - 104 1293
43535 - 104 1293
43535 - 104 1293
43535 - 104 1293
43535 - 104 1293
43535 - 104 1293
43535 - 104 1293
43535 - 104 1293
43535 - 104 1293
43535 - 104 1293
43535 - 104 1293
43535 - 104 1293
43535 - 104 1293
43535 - 104 1293
43535 # 1504
43535 - 104 1293
43535 - 104 1293
43535 - 104 1293
43535 - 104 1293
43535 - 104 1293
43535 - 104 1293
43535 - 104 1293
43535 - 104 1293
43535 - 104 1293
43535 - 104 1293
43535 - 104 1293
43535 - 104 1293
43535 - 104 1293
43535 - 104 1293
43535 # 1504
43535 - 104 1293
43535 - 104 1293
43535 - 104 1293
43535 - 104 1293
43535 - 104 1293
43535 - 104 1293
43535 - 104 1293
43535 - 104 1293
43535 - 104 1293
43535 - 104 1293
43535 - 104 1293
43535 - 104 1293
43535 - 104 1293
43535 - 104 1293
43535 - 104 1293
43535 # 1504
43535 - 104 1293
43535 - 104 1293
43535 - 104 1293
43535 - 104 1293
43535 - 104 1291
43535 - 104 1291
43535 - 104 1291
43535 - 104 1291
43535 - 104 1291
43535 - 104 1291
43535 - 104 1291
43535 - 104 1291
43535 - 104 1291
43535 - 104 1291
43535 # 1504
43535 - 104 1291
43535 - 104 1291
43535 - 104 1291
43535 - 104 1291
43535 - 104 1291
43535 - 104 1291
43535 - 104 1291
43535 - 104 1291
43535 - 104 1291
43535 - 104 1291
43535 - 104 1291
43535 # 1504
43535 # 1504
43535 # 1504
43535 # 1504
43535 # 1504
43535 # 1504
43535 # 1504
43535 # 1504
43535 # 1504
43535 # 1504
43535 # 1504
43535 # 1504
43535 # 1504
43535 # 1504
43535 # 1504
43535 # 1504
43535 # 1504
43535 # 1504
43535 # 1504
43535 # 1504
43535 # 1504
43535 # 1504
43535 # 1504
43535 # 1504
43535 # 1504
43535 # 1504
43535 # 1504
43535 # 1504
43535 # 1504
43535 # 1504
43535 # 1504
43535 # 1504
43535 # 1504
43535 # 1504
43535 # 1504
43535 # 1504
43535 # 1504
43535 # 1504
43535 # 1504
43535 # 1504
43535 # 1504
43535 # 1504
43535 # 1504
43535 # 1504
43535 # 1504
43535 # 1504
43535 # 1504
43535 # 1504
43535 # 1504
43535 # 1504
43535 # 1504
43535 # 1504
43535 # 1504
43535 # 1504
43535 # 1504
43535 # 1504
43535 # 1504
43535 # 1504
43535 # 1504
43535 # 1504
43535 # 1504
43535 # 1504
43535 # 1504
43535 # 1504
43535 # 1504
43535 # 1504
43535 # 1504
43535 # 1504
43535 # 1504
43535 # 1504
43535 # 1504
43535 # 1504
43535 # 1504
43535 # 1504
43535 # 1504
43535 # 1504
43535 # 1504
43738 + 104
43738 + 104
43738 + 104
43738 + 112
43738 + 112
43738 + 112
43738 + 112
43739 + 112
43739 + 112
43739 + 112
43739 + 112
43739 + 112
43739 + 112
43739 + 112
43739 + 112
43739 + 112
43739 + 112
43739 + 112
43739 + 112
43739 + 112
43739 + 112
43739 + 112
43739 + 112
43739 + 112
43739 + 112
43739 + 112
43739 + 112
43739 + 112
43739 + 112
43739 + 112
43739 + 112
43739 + 112
43739 + 112
43739 + 112
43742 + 112
43742 + 112
45035 # 1504
45035 - 104 1297
45035 - 104 1297
45035 - 104 1297
45035 - 112 1297
45035 - 112 1297
45035 - 112 1297
45035 - 112 1297
45035 - 112 1296
45035 - 112 1296
45035 - 112 1296
45035 - 112 1296
45035 - 112 1296
45035 - 112 1296
45035 # 1504
45035 - 112 1296
45035 - 112 1296
45035 - 112 1296
45035 - 112 1296
45035 - 112 1296
45035 - 112 1296
45035 - 112 1296
45035 - 112 1296
45035 - 112 1296
45035 - 112 1296
45035 - 112 1296
45035 - 112 1296
45035 - 112 1296
45035 - 112 1296
45035 # 1504
45035 - 112 1296
45035 - 112 1296
45035 - 112 1296
45035 - 112 1296
45035 - 112 1296
45035 - 112 1296
45035 - 112 1296
45035 - 112 1293
45035 - 112 1293
45035 # 1504
45035 # 1504
45035 # 1504
45035 # 1504
45035 # 1504
45035 # 1504
45035 # 1504
45035 # 1504
45035 # 1504
45035 # 1504
45035 # 1504
45035 # 1504
45035 # 1504
45035 # 1504
45035 # 1504
45035 # 1504
45035 # 1504
45035 # 1504
45035 # 1504
45035 # 1504
45035 # 1504
45035 # 1504
45035 # 1504
45035 # 1504
45035 # 1504
45035 # 1504
45035 # 1504
45035 # 1504
45035 # 1504
45035 # 1504
45035 # 1504
45035 # 1504
45035 # 1504
45035 # 1504
45035 # 1504
45035 # 1504
45035 # 1504
45035 # 1504
45035 # 1504
45035 # 1504
45035 # 1504
45035 # 1504
45035 # 1504
45035 # 1504
45035 # 1504
45035 # 1504
45035 # 1504
45035 # 1504
45035 # 1504
45035 # 1504
45035 # 1504
45035 # 1504
45035 # 1504
45035 # 1504
45035 # 1504
45035 # 1504
45035 # 1504
45035 # 1504
45035 # 1504
45035 # 1504
45035 # 1504
45035 # 1504
45035 # 1504
45035 # 1504
45035 # 1504
45035 # 1504
45035 # 1504
45035 # 1504
45035 # 1504
45035 # 1504
45035 # 1504
45035 # 1504
45035 # 1504
45035 # 1504
45035 # 1504
45035 # 1504
45035 # 1504
45035 # 1504
45035 # 1504
45035 # 1504
45266 + 112
45270 + 112
45270 + 112
45273 + 112
46535 # 1504
46535 - 112 1269
46535 - 112 1265
46535 - 112 1265
46535 - 112 1262
46535 # 1504
46535 # 1504
46535 # 1504
46535 # 1504
46535 # 1504
46535 # 1504
46535 # 1504
46535 # 1504
46535 # 1504
46535 # 1504
46535 # 1504
46535 # 1504
46535 # 1504
46535 # 1504
46535 # 1504
46535 # 1504
46535 # 1504
46535 # 1504
46535 # 1504
46535 # 1504
46535 # 1504
46535 # 1504
46535 # 1504
46535 # 1504
46535 # 1504
46535 # 1504
46535 # 1504
46535 # 1504
46535 # 1504
46535 # 1504
46535 # 1504
46535 # 1504
46535 # 1504
46535 # 1504
46535 # 1504
46535 # 1504
46535 # 1504
46535 # 1504
46535 # 1504
46535 # 1504
46535 # 1504
46535 # 1504
46535 # 1504
46535 # 1504
46535 # 1504
46535 # 1504
46535 # 1504
46535 # 1504
46535 # 1504
46535 # 1504
46535 # 1504
46535 # 1504
46535 # 1504
46535 # 1504
46535 # 1504
46535 # 1504
46535 # 1504
46535 # 1504
46535 # 1504
46535 # 1504
46535 # 1504
46535 # 1504
46535 # 1504
46535 # 1504
46535 # 1504
46535 # 1504
46535 # 1504
46535 # 1504
46535 # 1504
46535 # 1504
46535 # 1504
46535 # 1504
46535 # 1504
46535 # 1504
46535 # 1504
46535 # 1504
46535 # 1504
46535 # 1504
46535 # 1504
46535 # 1504
46535 # 1504
46535 # 1504
46741 + 112
46743 + 112
48035 # 1504
48035 - 112 1294
48035 - 112 1292
48035 # 1504
48035 # 1504
48035 # 1504
48035 # 1504
48035 # 1504
48035 # 1504
48035 # 1504
48035 # 1504
48035 # 1504
48035 # 1504
48035 # 1504
48035 # 1504
48035 # 1504
48035 # 1504
48035 # 1504
48035 # 1504
48035 # 1504
48035 # 1504
48035 # 1504
48035 # 1504
48035 # 1504
48035 # 1504
48035 # 1504
48035 # 1504
48035 # 1504
48035 # 1504
48035 # 1504
48035 # 1504
48035 # 1504
48035 # 1504
48035 # 1504
48035 # 1504
48035 # 1504
48035 # 1504
48035 # 1504
48035 # 1504
48035 # 1504
48035 # 1504
48035 # 1504
48035 # 1504
48035 # 1504
48035 # 1504
48035 # 1504
48035 # 1504
48035 # 1504
48035 # 1504
48035 # 1504
48035 # 1504
48035 # 1504
48035 # 1504
48035 # 1504
48035 # 1504
48035 # 1504
48035 # 1504
48035 # 1504
48035 # 1504
48035 # 1504
48035 # 1504
48035 # 1504
48035 # 1504
48035 # 1504
48035 # 1504
48035 # 1504
48035 # 1504
48035 # 1504
48035 # 1504
48035 # 1504
48035 # 1504
48035 # 1504
48035 # 1504
48035 # 1504
48035 # 1504
48035 # 1504
48035 # 1504
48035 # 1504
48035 # 1504
48035 # 1504
48035 # 1504
48035 # 1504
48035 # 1504
48035 # 1504
48035 # 1504
48240 + 112
48242 + 112
49535 # 1504
49535 - 112 1295
49535 - 112 1293
49535 # 1504
49535 # 1504
49535 # 1504
49535 # 1504
49535 # 1504
49535 # 1504
49535 # 1504
49535 # 1504
49535 # 1504
49535 # 1504
49535 # 1504
49535 # 1504
49535 # 1504
49535 # 1504
49535 # 1504
49535 # 1504
49535 # 1504
49535 # 1504
49535 # 1504
49535 # 1504
49535 # 1504
49535 # 1504
49535 # 1504
49535 # 1504
49535 # 1504
49535 # 1504
49535 # 1504
49535 # 1504
49535 # 1504
49535 # 1504
49535 # 1504
49535 # 1504
49535 # 1504
49535 # 1504
49535 # 1504
49535 # 1504
49535 # 1504
49535 # 1504
49535 # 1504
49535 # 1504
49535 # 1504
49535 # 1504
49535 # 1504
49535 # 1504
49535 # 1504
49535 # 1504
49535 # 1504
49535 # 1504
49535 # 1504
49535 # 1504
49535 # 1504
49535 # 1504
49535 # 1504
49535 # 1504
49535 # 1504
49535 # 1504
49535 # 1504
49535 # 1504
49535 # 1504
49535 # 1504
49535 # 1504
49535 # 1504
49535 # 1504
49535 # 1504
49535 # 1504
49535 # 1504
49535 # 1504
49535 # 1504
49535 # 1504
49535 # 1504
49535 # 1504
49535 # 1504
49535 # 1504
49535 # 1504
49535 # 1504
49535 # 1504
49535 # 1504
49535 # 1504
49535 # 1504
49535 # 1504
49535 # 1504
49535 # 1504
49744 + 112
49744 + 112
51035 # 1504
51035 - 112 1291
51035 - 112 1291
51035 # 1504
51035 # 1504
51035 # 1504
51035 # 1504
51035 # 1504
51035 # 1504
51035 # 1504
51035 # 1504
51035 # 1504
51035 # 1504
51035 # 1504
51035 # 1504
51035 # 1504
51035 # 1504
51035 # 1504
51035 # 1504
51035 # 1504
51035 # 1504
51035 # 1504
51035 # 1504
51035 # 1504
51035 # 1504
51035 # 1504
51035 # 1504
51035 # 1504
51035 # 1504
51035 # 1504
51035 # 1504
51035 # 1504
51035 # 1504
51035 # 1504
51035 # 1504
51035 # 1504
51035 # 1504
51035 # 1504
51035 # 1504
51035 # 1504
51035 # 1504
51035 # 1504
51035 # 1504
51035 # 1504
51035 # 1504
51035 # 1504
51035 # 1504
51035 # 1504
51035 # 1504
51035 # 1504
51035 # 1504
51035 # 1504
51035 # 1504
51035 # 1504
51035 # 1504
51035 # 1504
51035 # 1504
51035 # 1504
51035 # 1504
51035 # 1504
51035 # 1504
51035 # 1504
51035 # 1504
51035 # 1504
51035 # 1504
51035 # 1504
51035 # 1504
51035 # 1504
51035 # 1504
51035 # 1504
51035 # 1504
51035 # 1504
51035 # 1504
51035 # 1504
51035 # 1504
51035 # 1504
51035 # 1504
51035 # 1504
51035 # 1504
51035 # 1504
51035 # 1504
51035 # 1504
51035 # 1504
51035 # 1504
51035 # 1504
51276 + 112
51276 + 112
52535 # 1504
52535 - 112 1259
52535 - 112 1259
52535 # 1504
52535 # 1504
52535 # 1504
52535 # 1504
52535 # 1504
52535 # 1504
52535 # 1504
52535 # 1504
52535 # 1504
52535 # 1504
52535 # 1504
52535 # 1504
52535 # 1504
52535 # 1504
52535 # 1504
52535 # 1504
52535 # 1504
52535 # 1504
52535 # 1504
52535 # 1504
52535 # 1504
52535 # 1504
52535 # 1504
52535 # 1504
52535 # 1504
52535 # 1504
52535 # 1504
52535 # 1504
52535 # 1504
52535 # 1504
52535 # 1504
52535 # 1504
52535 # 1504
52535 # 1504
52535 # 1504
52535 # 1504
52535 # 1504
52535 # 1504
52535 # 1504
52535 # 1504
52535 # 1504
52535 # 1504
52535 # 1504
52535 # 1504
52535 # 1504
52535 # 1504
52535 # 1504
52535 # 1504
52535 # 1504
52535 # 1504
52535 # 1504
52535 # 1504
52535 # 1504
52535 # 1504
52535 # 1504
52535 # 1504
52535 # 1504
52535 # 1504
52535 # 1504
52535 # 1504
52535 # 1504
52535 # 1504
52535 # 1504
52535 # 1504
52535 # 1504
52535 # 1504
52535 # 1504
52535 # 1504
52535 # 1504
52535 # 1504
52535 # 1504
52535 # 1504
52535 # 1504
52535 # 1504
52535 # 1504
52535 # 1504
52535 # 1504
52535 # 1504
52535 # 1504
52535 # 1504
52535 # 1504
52535 # 1504
52742 + 112
52742 + 112
52742 + 112
52742 + 112
52742 + 112
52742 + 112
52742 + 112
52742 + 112
52742 + 112
52742 + 112
52742 + 112
52742 + 112
52742 + 112
52742 + 112
52742 + 112
52742 + 112
52742 + 104
52742 + 104
52742 + 104
52742 + 92
52742 + 92
52742 + 92
52742 + 92
52742 + 92
52742 + 92
52742 + 92
52742 + 92
52742 + 92
52742 + 92
52742 + 92
52742 + 92
52742 + 92
52742 + 92
52742 + 92
52742 + 92
52742 + 92
54035 # 1504
54035 - 112 1293
54035 - 112 1293
54035 - 112 1293
54035 - 112 1293
54035 - 112 1293
54035 - 112 1293
54035 - 112 1293
54035 - 112 1293
54035 - 112 1293
54035 - 112 1293
54035 - 112 1293
54035 - 112 1293
54035 - 112 1293
54035 # 1504
54035 - 112 1293
54035 - 112 1293
54035 - 112 1293
54035 - 104 1293
54035 - 104 1293
54035 - 104 1293
54035 - 92 1293
54035 - 92 1293
54035 - 92 1293
54035 - 92 1293
54035 - 92 1293
54035 - 92 1293
54035 - 92 1293
54035 - 92 1293
54035 - 92 1293
54035 # 1504
54035 - 92 1293
54035 - 92 1293
54035 - 92 1293
54035 - 92 1293
54035 - 92 1293
54035 - 92 1293
54035 - 92 1293
54035 - 92 1293
54035 # 1504
54035 # 1504
54035 # 1504
54035 # 1504
54035 # 1504
54035 # 1504
54035 # 1504
54035 # 1504
54035 # 1504
54035 # 1504
54035 # 1504
54035 # 1504
54035 # 1504
54035 # 1504
54035 # 1504
54035 # 1504
54035 # 1504
54035 # 1504
54035 # 1504
54035 # 1504
54035 # 1504
54035 # 1504
54035 # 1504
54035 # 1504
54035 # 1504
54035 # 1504
54035 # 1504
54035 # 1504
54035 # 1504
54035 # 1504
54035 # 1504
54035 # 1504
54035 # 1504
54035 # 1504
54035 # 1504
54035 # 1504
54035 # 1504
54035 # 1504
54035 # 1504
54035 # 1504
54035 # 1504
54035 # 1504
54035 # 1504
54035 # 1504
54035 # 1504
54035 # 1504
54035 # 1504
54035 # 1504
54035 # 1504
54035 # 1504
54035 # 1504
54035 # 1504
54035 # 1504
54035 # 1504
54035 # 1504
54035 # 1504
54035 # 1504
54035 # 1504
54035 # 1504
54035 # 1504
54035 # 1504
54035 # 1504
54035 # 1504
54035 # 1504
54035 # 1504
54035 # 1504
54035 # 1504
54035 # 1504
54035 # 1504
54035 # 1504
54035 # 1504
54035 # 1504
54035 # 1504
54035 # 1504
54035 # 1504
54035 # 1504
54035 # 1504
54035 # 1504
54035 # 1504
54035 # 1504
54239 + 92
54239 + 92
54239 + 92
54239 + 92
54239 + 92
54239 + 92
54239 + 92
54240 + 92
54240 + 92
54240 + 92
54240 + 92
54244 + 92
54244 + 92
54244 + 92
54244 + 92
54244 + 92
54244 + 92
54244 + 92
54244 + 92
54244 + 92
54244 + 92
54244 + 92
54244 + 92
54244 + 92
54244 + 92
54244 + 92
54244 + 92
54244 + 92
54244 + 92
54244 + 92
54244 + 92
54244 + 92
54244 + 92
54244 + 92
54244 + 92
54244 + 92
54244 + 92
54244 + 92
54244 + 92
54244 + 92
54244 + 92
54244 + 92
54244 + 92
54244 + 92
54244 + 92
54244 + 92
54244 + 92
54244 + 92
54244 + 92
54244 + 92
54244 + 92
54244 + 92
54244 + 92
54244 + 92
54244 + 92
54244 + 92
54244 + 92
54244 + 92
54244 + 92
54291 + 92
55535 # 1504
55535 - 92 1296
55535 - 92 1296
55535 - 92 1296
55535 - 92 1296
55535 - 92 1296
55535 - 92 1296
55535 - 92 1296
55535 - 92 1295
55535 - 92 1295
55535 - 92 1295
55535 - 92 1295
55535 - 92 1291
55535 - 92 1291
55535 - 92 1291
55535 - 92 1291
55535 - 92 1291
55535 # 1504
55535 - 92 1291
55535 - 92 1291
55535 - 92 1291
55535 - 92 1291
55535 - 92 1291
55535 - 92 1291
55535 - 92 1291
55535 - 92 1291
55535 - 92 1291
55535 - 92 1291
55535 - 92 1291
55535 - 92 1291
55535 - 92 1291
55535 - 92 1291
55535 - 92 1291
55535 - 92 1291
55535 # 1504
55535 - 92 1291
55535 - 92 1291
55535 - 92 1291
55535 - 92 1291
55535 - 92 1291
55535 - 92 1291
55535 - 92 1291
55535 - 92 1291
55535 - 92 1291
55535 - 92 1291
55535 - 92 1291
55535 - 92 1291
55535 - 92 1291
55535 - 92 1291
55535 - 92 1291
55535 - 92 1291
55535 - 92 1291
55535 # 1504
55535 - 92 1291
55535 - 92 1291
55535 - 92 1291
55535 - 92 1291
55535 - 92 1291
55535 - 92 1291
55535 - 92 1291
55535 - 92 1291
55535 - 92 1291
55535 - 92 1291
55535 - 92 1244
55535 # 1504
55535 # 1504
55535 # 1504
55535 # 1504
55535 # 1504
55535 # 1504
55535 # 1504
55535 # 1504
55535 # 1504
55535 # 1504
55535 # 1504
55535 # 1504
55535 # 1504
55535 # 1504
55535 # 1504
55535 # 1504
55535 # 1504
55535 # 1504
55535 # 1504
55535 # 1504
55535 # 1504
55535 # 1504
55535 # 1504
55535 # 1504
55535 # 1504
55535 # 1504
55535 # 1504
55535 # 1504
55535 # 1504
55535 # 1504
55535 # 1504
55535 # 1504
55535 # 1504
55535 # 1504
55535 # 1504
55535 # 1504
55535 # 1504
55535 # 1504
55535 # 1504
55535 # 1504
55535 # 1504
55535 # 1504
55535 # 1504
55535 # 1504
55535 # 1504
55535 # 1504
55535 # 1504
55535 # 1504
55535 # 1504
55535 # 1504
55535 # 1504
55535 # 1504
55535 # 1504
55535 # 1504
55535 # 1504
55535 # 1504
55535 # 1504
55535 # 1504
55535 # 1504
55535 # 1504
55535 # 1504
55535 # 1504
55535 # 1504
55535 # 1504
55535 # 1504
55535 # 1504
55535 # 1504
55535 # 1504
55535 # 1504
55535 # 1504
55535 # 1504
55535 # 1504
55535 # 1504
55535 # 1504
55535 # 1504
55535 # 1504
55535 # 1504
55535 # 1504
55535 # 1504
55738 + 92
55738 + 92
55743 + 92
55743 + 92
55743 + 92
55743 + 92
55743 + 92
55743 + 92
55743 + 92
55743 + 92
55743 + 92
55743 + 92
55743 + 92
55743 + 92
55743 + 92
55743 + 92
55743 + 92
55743 + 92
55743 + 92
55743 + 92
55743 + 92
55743 + 92
55743 + 92
55743 + 92
55743 + 92
55743 + 92
55743 + 92
55743 + 92
55743 + 92
55743 + 92
55743 + 92
55743 + 92
55743 + 92
55743 + 92
55743 + 92
55743 + 92
55743 + 92
55743 + 92
55743 + 92
55743 + 92
55743 + 92
55743 + 92
55743 + 92
55743 + 92
55789 + 92
57035 # 1504
57035 - 92 1297
57035 - 92 1297
57035 - 92 1292
57035 - 92 1292
57035 - 92 1292
57035 - 92 1292
57035 - 92 1292
57035 - 92 1292
57035 - 92 1292
57035 - 92 1292
57035 - 92 1292
57035 - 92 1292
57035 - 92 1292
57035 - 92 1292
57035 - 92 1292
57035 - 92 1292
57035 # 1504
57035 - 92 1292
57035 - 92 1292
57035 - 92 1292
57035 - 92 1292
57035 - 92 1292
57035 - 92 1292
57035 - 92 1292
57035 - 92 1292
57035 - 92 1292
57035 - 92 1292
57035 - 92 1292
57035 - 92 1292
57035 - 92 1292
57035 - 92 1292
57035 - 92 1292
57035 - 92 1292
57035 # 1504
57035 - 92 1292
57035 - 92 1292
57035 - 92 1292
57035 - 92 1292
57035 - 92 1292
57035 - 92 1292
57035 - 92 1292
57035 - 92 1292
57035 - 92 1292
57035 - 92 1292
57035 - 92 1292
57035 - 92 1292
57035 - 92 1246
57035 # 1504
57035 # 1504
57035 # 1504
57035 # 1504
57035 # 1504
57035 # 1504
57035 # 1504
57035 # 1504
57035 # 1504
57035 # 1504
57035 # 1504
57035 # 1504
57035 # 1504
57035 # 1504
57035 # 1504
57035 # 1504
57035 # 1504
57035 # 1504
57035 # 1504
57035 # 1504
57035 # 1504
57035 # 1504
57035 # 1504
57035 # 1504
57035 # 1504
57035 # 1504
57035 # 1504
57035 # 1504
57035 # 1504
57035 # 1504
57035 # 1504
57035 # 1504
57035 # 1504
57035 # 1504
57035 # 1504
57035 # 1504
57035 # 1504
57035 # 1504
57035 # 1504
57035 # 1504
57035 # 1504
57035 # 1504
57035 # 1504
57035 # 1504
57035 # 1504
57035 # 1504
57035 # 1504
57035 # 1504
57035 # 1504
57035 # 1504
57035 # 1504
57035 # 1504
57035 # 1504
57035 # 1504
57035 # 1504
57035 # 1504
57035 # 1504
57035 # 1504
57035 # 1504
57035 # 1504
57035 # 1504
57035 # 1504
57035 # 1504
57035 # 1504
57035 # 1504
57035 # 1504
57035 # 1504
57035 # 1504
57035 # 1504
57035 # 1504
57035 # 1504
57035 # 1504
57035 # 1504
57035 # 1504
57035 # 1504
57035 # 1504
57035 # 1504
57035 # 1504
57035 # 1504
57035 # 1504
57241 + 92
57241 + 92
57241 + 92
57241 + 92
57241 + 92
57241 + 92
57241 + 92
57241 + 92
57241 + 92
57241 + 92
57241 + 92
57241 + 92
57241 + 92
57241 + 92
57243 + 92
57243 + 92
57243 + 92
57243 + 92
57243 + 92
57243 + 92
57243 + 92
57243 + 92
57243 + 92
57243 + 92
57243 + 92
57243 + 92
57244 + 92
57244 + 92
57244 + 92
57244 + 92
57244 + 92
57244 + 92
57244 + 92
57244 + 92
57244 + 92
57244 + 92
57244 + 92
57244 + 92
57244 + 92
57244 + 92
57244 + 92
57244 + 92
57244 + 92
57244 + 92
58535 # 1504
58535 - 92 1294
58535 - 92 1294
58535 - 92 1294
58535 - 92 1294
58535 - 92 1294
58535 - 92 1294
58535 - 92 1294
58535 - 92 1294
58535 - 92 1294
58535 - 92 1294
58535 - 92 1294
58535 - 92 1294
58535 - 92 1294
58535 - 92 1294
58535 - 92 1292
58535 - 92 1292
58535 # 1504
58535 - 92 1292
58535 - 92 1292
58535 - 92 1292
58535 - 92 1292
58535 - 92 1292
58535 - 92 1292
58535 - 92 1292
58535 - 92 1292
58535 - 92 1292
58535 - 92 1292
58535 - 92 1291
58535 - 92 1291
58535 - 92 1291
58535 - 92 1291
58535 - 92 1291
58535 - 92 1291
58535 # 1504
58535 - 92 1291
58535 - 92 1291
58535 - 92 1291
58535 - 92 1291
58535 - 92 1291
58535 - 92 1291
58535 - 92 1291
58535 - 92 1291
58535 - 92 1291
58535 - 92 1291
58535 - 92 1291
58535 - 92 1291
58535 # 1504
58535 # 1504
58535 # 1504
58535 # 1504
58535 # 1504
58535 # 1504
58535 # 1504
58535 # 1504
58535 # 1504
58535 # 1504
58535 # 1504
58535 # 1504
58535 # 1504
58535 # 1504
58535 # 1504
58535 # 1504
58535 # 1504
58535 # 1504
58535 # 1504
58535 # 1504
58535 # 1504
58535 # 1504
58535 # 1504
58535 # 1504
58535 # 1504
58535 # 1504
58535 # 1504
58535 # 1504
58535 # 1504
58535 # 1504
58535 # 1504
58535 # 1504
58535 # 1504
58535 # 1504
58535 # 1504
58535 # 1504
58535 # 1504
58535 # 1504
58535 # 1504
58535 # 1504
58535 # 1504
58535 # 1504
58535 # 1504
58535 # 1504
58535 # 1504
58535 # 1504
58535 # 1504
58535 # 1504
58535 # 1504
58535 # 1504
58535 # 1504
58535 # 1504
58535 # 1504
58535 # 1504
58535 # 1504
58535 # 1504
58535 # 1504
58535 # 1504
58535 # 1504
58535 # 1504
58535 # 1504
58535 # 1504
58535 # 1504
58535 # 1504
58535 # 1504
58535 # 1504
58535 # 1504
58535 # 1504
58535 # 1504
58535 # 1504
58535 # 1504
58535 # 1504
58535 # 1504
58535 # 1504
58535 # 1504
58535 # 1504
58535 # 1504
58535 # 1504
58535 # 1504
58535 # 1504
58742 + 92
58742 + 92
58743 + 92
58743 + 92
58743 + 92
58743 + 92
58743 + 92
58743 + 92
58743 + 92
58743 + 92
58743 + 92
58743 + 92
58743 + 92
58743 + 92
58743 + 92
58743 + 92
58743 + 92
58743 + 92
58743 + 92
58743 + 92
58743 + 92
58743 + 92
58743 + 92
58743 + 92
58743 + 92
58743 + 92
58743 + 92
58743 + 92
58743 + 92
58743 + 92
58743 + 92
58743 + 92
58743 + 92
58743 + 92
58743 + 92
58743 + 92
60035 # 1504
60035 - 92 1293
60035 - 92 1293
60035 - 92 1292
60035 - 92 1292
60035 - 92 1292
60035 - 92 1292
60035 - 92 1292
60035 - 92 1292
60035 - 92 1292
60035 - 92 1292
60035 - 92 1292
60035 - 92 1292
60035 - 92 1292
60035 - 92 1292
60035 - 92 1292
60035 - 92 1292
60035 # 1504
60035 - 92 1292
60035 - 92 1292
60035 - 92 1292
60035 - 92 1292
60035 - 92 1292
60035 - 92 1292
60035 - 92 1292
60035 - 92 1292
60035 - 92 1292
60035 - 92 1292
60035 - 92 1292
60035 - 92 1292
60035 - 92 1292
60035 - 92 1292
60035 - 92 1292
60035 - 92 1292
60035 # 1504
60035 - 92 1292
60035 - 92 1292
60035 - 92 1292
60035 - 92 1292
60035 # 1504
60035 # 1504
60035 # 1504
60035 # 1504
60035 # 1504
60035 # 1504
60035 # 1504
60035 # 1504
60035 # 1504
60035 # 1504
60035 # 1504
60035 # 1504
60035 # 1504
60035 # 1504
60035 # 1504
60035 # 1504
60035 # 1504
60035 # 1504
60035 # 1504
60035 # 1504
60035 # 1504
60035 # 1504
60035 # 1504
60035 # 1504
60035 # 1504
60035 # 1504
60035 # 1504
60035 # 1504
60035 # 1504
60035 # 1504
60035 # 1504
60035 # 1504
60035 # 1504
60035 # 1504
60035 # 1504
60035 # 1504
60035 # 1504
60035 # 1504
60035 # 1504
60035 # 1504
60035 # 1504
60035 # 1504
60035 # 1504
60035 # 1504
60035 # 1504
60035 # 1504
60035 # 1504
60035 # 1504
60035 # 1504
60035 # 1504
60035 # 1504
60035 # 1504
60035 # 1504
60035 # 1504
60035 # 1504
60035 # 1504
60035 # 1504
60035 # 1504
60035 # 1504
60035 # 1504
60035 # 1504
60035 # 1504
60035 # 1504
60035 # 1504
60035 # 1504
60035 # 1504
60035 # 1504
60035 # 1504
60035 # 1504
60035 # 1504
60035 # 1504
60035 # 1504
60035 # 1504
60035 # 1504
60035 # 1504
60035 # 1504
60035 # 1504
60035 # 1504
60035 # 1504
60035 # 1504
60238 + 92
60238 + 92
60238 + 92
60238 + 92
60238 + 92
60238 + 92
60238 + 92
60238 + 92
60238 + 92
60242 + 92
60242 + 92
60242 + 92
60242 + 92
60242 + 92
60242 + 92
60242 + 92
60242 + 92
60242 + 92
60242 + 92
60242 + 92
60242 + 92
60242 + 92
60242 + 92
60242 + 92
60242 + 92
60242 + 92
60242 + 92
60242 + 92
60242 + 92
60242 + 92
60242 + 92
60242 + 92
60242 + 92
60242 + 92
60242 + 92
60242 + 92
60242 + 92
60242 + 92
60242 + 92
60242 + 92
60242 + 92
60286 + 92
61535 # 1504
61535 - 92 1297
61535 - 92 1297
61535 - 92 1297
61535 - 92 1297
61535 - 92 1297
61535 - 92 1297
61535 - 92 1297
61535 - 92 1297
61535 - 92 1297
61535 - 92 1293
61535 - 92 1293
61535 - 92 1293
61535 - 92 1293
61535 - 92 1293
61535 - 92 1293
61535 - 92 1293
61535 # 1504
61535 - 92 1293
61535 - 92 1293
61535 - 92 1293
61535 - 92 1293
61535 - 92 1293
61535 - 92 1293
61535 - 92 1293
61535 - 92 1293
61535 - 92 1293
61535 - 92 1293
61535 - 92 1293
61535 - 92 1293
61535 - 92 1293
61535 - 92 1293
61535 - 92 1293
61535 - 92 1293
61535 # 1504
61535 - 92 1293
61535 - 92 1293
61535 - 92 1293
61535 - 92 1293
61535 - 92 1293
61535 - 92 1293
61535 - 92 1293
61535 - 92 1293
61535 - 92 1293
61535 - 92 1249
61535 # 1504
61535 # 1504
61535 # 1504
61535 # 1504
61535 # 1504
61535 # 1504
61535 # 1504
61535 # 1504
61535 # 1504
61535 # 1504
61535 # 1504
61535 # 1504
61535 # 1504
61535 # 1504
61535 # 1504
61535 # 1504
61535 # 1504
61535 # 1504
61535 # 1504
61535 # 1504
61535 # 1504
61535 # 1504
61535 # 1504
61535 # 1504
61535 # 1504
61535 # 1504
61535 # 1504
61535 # 1504
61535 # 1504
61535 # 1504
61535 # 1504
61535 # 1504
61535 # 1504
61535 # 1504
61535 # 1504
61535 # 1504
61535 # 1504
61535 # 1504
61535 # 1504
61535 # 1504
61535 # 1504
61535 # 1504
61535 # 1504
61535 # 1504
61535 # 1504
61535 # 1504
61535 # 1504
61535 # 1504
61535 # 1504
61535 # 1504
61535 # 1504
61535 # 1504
61535 # 1504
61535 # 1504
61535 # 1504
61535 # 1504
61535 # 1504
61535 # 1504
61535 # 1504
61535 # 1504
61535 # 1504
61535 # 1504
61535 # 1504
61535 # 1504
61535 # 1504
61535 # 1504
61535 # 1504
61535 # 1504
61535 # 1504
61535 # 1504
61535 # 1504
61535 # 1504
61535 # 1504
61535 # 1504
61535 # 1504
61535 # 1504
61535 # 1504
61535 # 1504
61535 # 1504
61535 # 1504
61745 + 92
61745 + 92
61745 + 92
61745 + 92
61745 + 92
61745 + 92
61745 + 92
61745 + 92
61745 + 92
61745 + 92
61745 + 92
61745 + 92
61745 + 92
61745 + 92
61745 + 92
61745 + 92
61745 + 92
61746 + 92
61746 + 92
61746 + 92
61746 + 92
61746 + 92
61746 + 92
61746 + 92
61746 + 92
61746 + 92
61746 + 92
61746 + 92
61746 + 92
61746 + 92
61746 + 92
61746 + 92
61746 + 92
61746 + 92
61746 + 92
61746 + 92
61746 + 92
61746 + 92
61746 + 92
61746 + 92
61746 + 92
61746 + 92
61788 + 92
63035 # 1504
63035 - 92 1290
63035 - 92 1290
63035 - 92 1290
63035 - 92 1290
63035 - 92 1290
63035 - 92 1290
63035 - 92 1290
63035 - 92 1290
63035 - 92 1290
63035 - 92 1290
63035 - 92 1290
63035 - 92 1290
63035 - 92 1290
63035 - 92 1290
63035 - 92 1290
63035 - 92 1290
63035 # 1504
63035 - 92 1290
63035 - 92 1289
63035 - 92 1289
63035 - 92 1289
63035 - 92 1289
63035 - 92 1289
63035 - 92 1289
63035 - 92 1289
63035 - 92 1289
63035 - 92 1289
63035 - 92 1289
63035 - 92 1289
63035 - 92 1289
63035 - 92 1289
63035 - 92 1289
63035 - 92 1289
63035 # 1504
63035 - 92 1289
63035 - 92 1289
63035 - 92 1289
63035 - 92 1289
63035 - 92 1289
63035 - 92 1289
63035 - 92 1289
63035 - 92 1289
63035 - 92 1289
63035 - 92 1289
63035 - 92 1247
63035 # 1504
63035 # 1504
63035 # 1504
63035 # 1504
63035 # 1504
63035 # 1504
63035 # 1504
63035 # 1504
63035 # 1504
63035 # 1504
63035 # 1504
63035 # 1504
63035 # 1504
63035 # 1504
63035 # 1504
63035 # 1504
63035 # 1504
63035 # 1504
63035 # 1504
63035 # 1504
63035 # 1504
63035 # 1504
63035 # 1504
63035 # 1504
63035 # 1504
63035 # 1504
63035 # 1504
63035 # 1504
63035 # 1504
63035 # 1504
63035 # 1504
63035 # 1504
63035 # 1504
63035 # 1504
63035 # 1504
63035 # 1504
63035 # 1504
63035 # 1504
63035 # 1504
63035 # 1504
63035 # 1504
63035 # 1504
63035 # 1504
63035 # 1504
63035 # 1504
63035 # 1504
63035 # 1504
63035 # 1504
63035 # 1504
63035 # 1504
63035 # 1504
63035 # 1504
63035 # 1504
63035 # 1504
63035 # 1504
63035 # 1504
63035 # 1504
63035 # 1504
63035 # 1504
63035 # 1504
63035 # 1504
63035 # 1504
63035 # 1504
63035 # 1504
63035 # 1504
63035 # 1504
63035 # 1504
63035 # 1504
63035 # 1504
63035 # 1504
63035 # 1504
63035 # 1504
63035 # 1504
63035 # 1504
63035 # 1504
63035 # 1504
63035 # 1504
63035 # 1504
63035 # 1504
63035 # 1504
63262 + 92
63262 + 92
63262 + 92
63262 + 92
63262 + 92
63262 + 92
63262 + 92
63262 + 92
63262 + 92
63263 + 92
63263 + 92
63263 + 92
63263 + 92
63263 + 92
63263 + 92
63263 + 92
63263 + 92
63263 + 92
63263 + 92
63263 + 92
63263 + 92
63263 + 92
63263 + 92
63264 + 92
63264 + 92
63264 + 92
63264 + 92
63264 + 92
63264 + 92
63264 + 92
63264 + 92
63264 + 92
63264 + 92
63264 + 92
63265 + 92
63265 + 92
63265 + 92
63265 + 92
63265 + 92
63265 + 92
63265 + 92
63265 + 92
63308 + 92
64535 # 1504
64535 - 92 1273
64535 - 92 1273
64535 - 92 1273
64535 - 92 1273
64535 - 92 1273
64535 - 92 1273
64535 - 92 1273
64535 - 92 1273
64535 - 92 1273
64535 - 92 1272
64535 - 92 1272
64535 - 92 1272
64535 - 92 1272
64535 - 92 1272
64535 - 92 1272
64535 - 92 1272
64535 # 1504
64535 - 92 1272
64535 - 92 1272
64535 - 92 1272
64535 - 92 1272
64535 - 92 1272
64535 - 92 1272
64535 - 92 1272
64535 - 92 1271
64535 - 92 1271
64535 - 92 1271
64535 - 92 1271
64535 - 92 1271
64535 - 92 1271
64535 - 92 1271
64535 - 92 1271
64535 - 92 1271
64535 # 1504
64535 - 92 1271
64535 - 92 1271
64535 - 92 1270
64535 - 92 1270
64535 - 92 1270
64535 - 92 1270
64535 - 92 1270
64535 - 92 1270
64535 - 92 1270
64535 - 92 1270
64535 - 92 1227
64535 # 1504
64535 # 1504
64535 # 1504
64535 # 1504
64535 # 1504
64535 # 1504
64535 # 1504
64535 # 1504
64535 # 1504
64535 # 1504
64535 # 1504
64535 # 1504
64535 # 1504
64535 # 1504
64535 # 1504
64535 # 1504
64535 # 1504
64535 # 1504
64535 # 1504
64535 # 1504
64535 # 1504
64535 # 1504
64535 # 1504
64535 # 1504
64535 # 1504
64535 # 1504
64535 # 1504
64535 # 1504
64535 # 1504
64535 # 1504
64535 # 1504
64535 # 1504
64535 # 1504
64535 # 1504
64535 # 1504
64535 # 1504
64535 # 1504
64535 # 1504
64535 # 1504
64535 # 1504
64535 # 1504
64535 # 1504
64535 # 1504
64535 # 1504
64535 # 1504
64535 # 1504
64535 # 1504
64535 # 1504
64535 # 1504
64535 # 1504
64535 # 1504
64535 # 1504
64535 # 1504
64535 # 1504
64535 # 1504
64535 # 1504
64535 # 1504
64535 # 1504
64535 # 1504
64535 # 1504
64535 # 1504
64535 # 1504
64535 # 1504
64535 # 1504
64535 # 1504
64535 # 1504
64535 # 1504
64535 # 1504
64535 # 1504
64535 # 1504
64535 # 1504
64535 # 1504
64535 # 1504
64535 # 1504
64535 # 1504
64535 # 1504
64535 # 1504
64535 # 1504
64535 # 1504
64535 # 1504
64741 + 92
64741 + 92
64741 + 92
64741 + 92
64741 + 92
64741 + 92
64741 + 92
64741 + 92
64741 + 92
64741 + 92
64741 + 92
64741 + 92
64741 + 92
64741 + 92
64741 + 92
64741 + 92
64741 + 92
64741 + 92
64741 + 92
64741 + 92
64741 + 92
64741 + 92
64741 + 92
64741 + 92
64741 + 92
64741 + 92
64741 + 92
64741 + 92
64741 + 92
64741 + 92
64741 + 92
64741 + 92
64741 + 92
64741 + 92
64741 + 92
64741 + 92
64741 + 92
64741 + 92
66035 # 1504
66035 - 92 1294
66035 - 92 1294
66035 - 92 1294
66035 - 92 1294
66035 - 92 1294
66035 - 92 1294
66035 - 92 1294
66035 - 92 1294
66035 - 92 1294
66035 - 92 1294
66035 - 92 1294
66035 - 92 1294
66035 - 92 1294
66035 - 92 1294
66035 - 92 1294
66035 - 92 1294
66035 # 1504
66035 - 92 1294
66035 - 92 1294
66035 - 92 1294
66035 - 92 1294
66035 - 92 1294
66035 - 92 1294
66035 - 92 1294
66035 - 92 1294
66035 - 92 1294
66035 - 92 1294
66035 - 92 1294
66035 - 92 1294
66035 - 92 1294
66035 - 92 1294
66035 - 92 1294
66035 - 92 1294
66035 # 1504
66035 - 92 1294
66035 - 92 1294
66035 - 92 1294
66035 - 92 1294
66035 - 92 1294
66035 - 92 1294
66035 # 1504
66035 # 1504
66035 # 1504
66035 # 1504
66035 # 1504
66035 # 1504
66035 # 1504
66035 # 1504
66035 # 1504
66035 # 1504
66035 # 1504
66035 # 1504
66035 # 1504
66035 # 1504
66035 # 1504
66035 # 1504
66035 # 1504
66035 # 1504
66035 # 1504
66035 # 1504
66035 # 1504
66035 # 1504
66035 # 1504
66035 # 1504
66035 # 1504
66035 # 1504
66035 # 1504
66035 # 1504
66035 # 1504
66035 # 1504
66035 # 1504
66035 # 1504
66035 # 1504
66035 # 1504
66035 # 1504
66035 # 1504
66035 # 1504
66035 # 1504
66035 # 1504
66035 # 1504
66035 # 1504
66035 # 1504
66035 # 1504
66035 # 1504
66035 # 1504
66035 # 1504
66035 # 1504
66035 # 1504
66035 # 1504
66035 # 1504
66035 # 1504
66035 # 1504
66035 # 1504
66035 # 1504
66035 # 1504
66035 # 1504
66035 # 1504
66035 # 1504
66035 # 1504
66035 # 1504
66035 # 1504
66035 # 1504
66035 # 1504
66035 # 1504
66035 # 1504
66035 # 1504
66035 # 1504
66035 # 1504
66035 # 1504
66035 # 1504
66035 # 1504
66035 # 1504
66035 # 1504
66035 # 1504
66035 # 1504
66035 # 1504
66035 # 1504
66035 # 1504
66035 # 1504
66035 # 1504
